{"/Users/yuichinakamura/Documents/nanashi8-github-io-git/nanashi8.github.io/src/utils.ts": {"path":"/Users/yuichinakamura/Documents/nanashi8-github-io-git/nanashi8.github.io/src/utils.ts","statementMap":{"0":{"start":{"line":15,"column":16},"end":{"line":15,"column":null}},"1":{"start":{"line":16,"column":2},"end":{"line":16,"column":null}},"2":{"start":{"line":16,"column":26},"end":{"line":16,"column":null}},"3":{"start":{"line":22,"column":29},"end":{"line":22,"column":null}},"4":{"start":{"line":23,"column":18},"end":{"line":23,"column":null}},"5":{"start":{"line":24,"column":19},"end":{"line":24,"column":null}},"6":{"start":{"line":26,"column":4},"end":{"line":46,"column":null}},"7":{"start":{"line":26,"column":17},"end":{"line":26,"column":20}},"8":{"start":{"line":27,"column":19},"end":{"line":27,"column":null}},"9":{"start":{"line":28,"column":23},"end":{"line":28,"column":null}},"10":{"start":{"line":30,"column":6},"end":{"line":45,"column":null}},"11":{"start":{"line":31,"column":8},"end":{"line":38,"column":null}},"12":{"start":{"line":33,"column":10},"end":{"line":33,"column":null}},"13":{"start":{"line":34,"column":10},"end":{"line":34,"column":null}},"14":{"start":{"line":37,"column":10},"end":{"line":37,"column":null}},"15":{"start":{"line":39,"column":6},"end":{"line":45,"column":null}},"16":{"start":{"line":41,"column":8},"end":{"line":41,"column":null}},"17":{"start":{"line":42,"column":8},"end":{"line":42,"column":null}},"18":{"start":{"line":44,"column":8},"end":{"line":44,"column":null}},"19":{"start":{"line":49,"column":4},"end":{"line":49,"column":null}},"20":{"start":{"line":51,"column":4},"end":{"line":51,"column":null}},"21":{"start":{"line":54,"column":19},"end":{"line":54,"column":null}},"22":{"start":{"line":57,"column":20},"end":{"line":57,"column":null}},"23":{"start":{"line":58,"column":2},"end":{"line":67,"column":null}},"24":{"start":{"line":66,"column":4},"end":{"line":66,"column":null}},"25":{"start":{"line":69,"column":32},"end":{"line":69,"column":null}},"26":{"start":{"line":71,"column":2},"end":{"line":136,"column":null}},"27":{"start":{"line":71,"column":15},"end":{"line":71,"column":27}},"28":{"start":{"line":72,"column":17},"end":{"line":72,"column":null}},"29":{"start":{"line":75,"column":4},"end":{"line":77,"column":null}},"30":{"start":{"line":76,"column":6},"end":{"line":76,"column":null}},"31":{"start":{"line":79,"column":20},"end":{"line":79,"column":null}},"32":{"start":{"line":81,"column":4},"end":{"line":135,"column":null}},"33":{"start":{"line":82,"column":19},"end":{"line":82,"column":null}},"34":{"start":{"line":83,"column":22},"end":{"line":83,"column":null}},"35":{"start":{"line":84,"column":22},"end":{"line":84,"column":null}},"36":{"start":{"line":85,"column":24},"end":{"line":85,"column":null}},"37":{"start":{"line":88,"column":25},"end":{"line":88,"column":null}},"38":{"start":{"line":89,"column":26},"end":{"line":89,"column":null}},"39":{"start":{"line":90,"column":26},"end":{"line":90,"column":null}},"40":{"start":{"line":92,"column":6},"end":{"line":102,"column":null}},"41":{"start":{"line":94,"column":8},"end":{"line":94,"column":null}},"42":{"start":{"line":95,"column":8},"end":{"line":95,"column":null}},"43":{"start":{"line":96,"column":8},"end":{"line":96,"column":null}},"44":{"start":{"line":99,"column":8},"end":{"line":99,"column":null}},"45":{"start":{"line":100,"column":8},"end":{"line":100,"column":null}},"46":{"start":{"line":101,"column":8},"end":{"line":101,"column":null}},"47":{"start":{"line":105,"column":23},"end":{"line":105,"column":null}},"48":{"start":{"line":106,"column":6},"end":{"line":112,"column":null}},"49":{"start":{"line":107,"column":8},"end":{"line":107,"column":null}},"50":{"start":{"line":108,"column":6},"end":{"line":112,"column":null}},"51":{"start":{"line":109,"column":8},"end":{"line":109,"column":null}},"52":{"start":{"line":110,"column":6},"end":{"line":112,"column":null}},"53":{"start":{"line":111,"column":8},"end":{"line":111,"column":null}},"54":{"start":{"line":115,"column":6},"end":{"line":121,"column":null}},"55":{"start":{"line":116,"column":8},"end":{"line":120,"column":null}},"56":{"start":{"line":123,"column":6},"end":{"line":134,"column":null}},"57":{"start":{"line":124,"column":8},"end":{"line":133,"column":null}},"58":{"start":{"line":138,"column":2},"end":{"line":138,"column":null}},"59":{"start":{"line":145,"column":19},"end":{"line":145,"column":null}},"60":{"start":{"line":146,"column":2},"end":{"line":149,"column":null}},"61":{"start":{"line":146,"column":15},"end":{"line":146,"column":36}},"62":{"start":{"line":147,"column":14},"end":{"line":147,"column":null}},"63":{"start":{"line":148,"column":4},"end":{"line":148,"column":null}},"64":{"start":{"line":150,"column":2},"end":{"line":150,"column":null}},"65":{"start":{"line":161,"column":33},"end":{"line":161,"column":null}},"66":{"start":{"line":162,"column":25},"end":{"line":162,"column":null}},"67":{"start":{"line":162,"column":57},"end":{"line":162,"column":77}},"68":{"start":{"line":163,"column":25},"end":{"line":163,"column":null}},"69":{"start":{"line":165,"column":2},"end":{"line":170,"column":null}},"70":{"start":{"line":165,"column":15},"end":{"line":165,"column":18}},"71":{"start":{"line":166,"column":24},"end":{"line":166,"column":null}},"72":{"start":{"line":167,"column":4},"end":{"line":169,"column":null}},"73":{"start":{"line":168,"column":6},"end":{"line":168,"column":null}},"74":{"start":{"line":173,"column":2},"end":{"line":175,"column":null}},"75":{"start":{"line":174,"column":4},"end":{"line":174,"column":null}},"76":{"start":{"line":178,"column":25},"end":{"line":178,"column":null}},"77":{"start":{"line":179,"column":2},"end":{"line":179,"column":null}},"78":{"start":{"line":191,"column":37},"end":{"line":191,"column":null}},"79":{"start":{"line":192,"column":25},"end":{"line":192,"column":null}},"80":{"start":{"line":192,"column":57},"end":{"line":192,"column":77}},"81":{"start":{"line":193,"column":25},"end":{"line":193,"column":null}},"82":{"start":{"line":196,"column":2},"end":{"line":204,"column":null}},"83":{"start":{"line":196,"column":15},"end":{"line":196,"column":18}},"84":{"start":{"line":197,"column":26},"end":{"line":197,"column":null}},"85":{"start":{"line":198,"column":4},"end":{"line":203,"column":null}},"86":{"start":{"line":200,"column":34},"end":{"line":200,"column":69}},"87":{"start":{"line":202,"column":6},"end":{"line":202,"column":null}},"88":{"start":{"line":207,"column":2},"end":{"line":218,"column":null}},"89":{"start":{"line":208,"column":4},"end":{"line":217,"column":null}},"90":{"start":{"line":221,"column":28},"end":{"line":224,"column":null}},"91":{"start":{"line":223,"column":34},"end":{"line":223,"column":67}},"92":{"start":{"line":226,"column":2},"end":{"line":226,"column":null}},"93":{"start":{"line":237,"column":2},"end":{"line":239,"column":null}},"94":{"start":{"line":238,"column":4},"end":{"line":238,"column":null}},"95":{"start":{"line":241,"column":20},"end":{"line":241,"column":null}},"96":{"start":{"line":242,"column":20},"end":{"line":242,"column":null}},"97":{"start":{"line":245,"column":20},"end":{"line":245,"column":null}},"98":{"start":{"line":246,"column":35},"end":{"line":246,"column":null}},"99":{"start":{"line":249,"column":27},"end":{"line":249,"column":null}},"100":{"start":{"line":249,"column":73},"end":{"line":249,"column":74}},"101":{"start":{"line":250,"column":26},"end":{"line":250,"column":null}},"102":{"start":{"line":252,"column":2},"end":{"line":254,"column":null}},"103":{"start":{"line":252,"column":15},"end":{"line":252,"column":18}},"104":{"start":{"line":253,"column":4},"end":{"line":253,"column":null}},"105":{"start":{"line":256,"column":2},"end":{"line":256,"column":null}},"106":{"start":{"line":256,"column":32},"end":{"line":256,"column":37}},"107":{"start":{"line":259,"column":25},"end":{"line":259,"column":null}},"108":{"start":{"line":259,"column":53},"end":{"line":259,"column":67}},"109":{"start":{"line":262,"column":21},"end":{"line":262,"column":null}},"110":{"start":{"line":263,"column":22},"end":{"line":263,"column":null}},"111":{"start":{"line":264,"column":33},"end":{"line":264,"column":null}},"112":{"start":{"line":266,"column":22},"end":{"line":266,"column":null}},"113":{"start":{"line":267,"column":2},"end":{"line":271,"column":null}},"114":{"start":{"line":268,"column":4},"end":{"line":270,"column":null}},"115":{"start":{"line":269,"column":6},"end":{"line":269,"column":null}},"116":{"start":{"line":274,"column":24},"end":{"line":274,"column":null}},"117":{"start":{"line":276,"column":2},"end":{"line":280,"column":null}},"118":{"start":{"line":287,"column":26},"end":{"line":287,"column":null}},"119":{"start":{"line":293,"column":2},"end":{"line":297,"column":null}},"120":{"start":{"line":294,"column":4},"end":{"line":294,"column":null}},"121":{"start":{"line":296,"column":4},"end":{"line":296,"column":null}},"122":{"start":{"line":307,"column":12},"end":{"line":307,"column":null}},"123":{"start":{"line":308,"column":12},"end":{"line":308,"column":null}},"124":{"start":{"line":309,"column":14},"end":{"line":309,"column":null}},"125":{"start":{"line":310,"column":2},"end":{"line":310,"column":null}},"126":{"start":{"line":316,"column":33},"end":{"line":316,"column":null}},"127":{"start":{"line":322,"column":2},"end":{"line":329,"column":null}},"128":{"start":{"line":323,"column":17},"end":{"line":323,"column":null}},"129":{"start":{"line":324,"column":4},"end":{"line":324,"column":null}},"130":{"start":{"line":324,"column":15},"end":{"line":324,"column":null}},"131":{"start":{"line":325,"column":4},"end":{"line":325,"column":null}},"132":{"start":{"line":327,"column":4},"end":{"line":327,"column":null}},"133":{"start":{"line":328,"column":4},"end":{"line":328,"column":null}},"134":{"start":{"line":336,"column":15},"end":{"line":336,"column":null}},"135":{"start":{"line":337,"column":16},"end":{"line":337,"column":null}},"136":{"start":{"line":337,"column":38},"end":{"line":337,"column":53}},"137":{"start":{"line":339,"column":2},"end":{"line":343,"column":null}},"138":{"start":{"line":340,"column":4},"end":{"line":340,"column":null}},"139":{"start":{"line":342,"column":4},"end":{"line":342,"column":null}},"140":{"start":{"line":345,"column":2},"end":{"line":345,"column":null}},"141":{"start":{"line":352,"column":15},"end":{"line":352,"column":null}},"142":{"start":{"line":353,"column":14},"end":{"line":353,"column":null}},"143":{"start":{"line":353,"column":31},"end":{"line":353,"column":42}},"144":{"start":{"line":355,"column":2},"end":{"line":357,"column":null}},"145":{"start":{"line":356,"column":4},"end":{"line":356,"column":null}},"146":{"start":{"line":359,"column":19},"end":{"line":359,"column":null}},"147":{"start":{"line":359,"column":38},"end":{"line":359,"column":49}},"148":{"start":{"line":360,"column":2},"end":{"line":360,"column":null}},"149":{"start":{"line":361,"column":2},"end":{"line":361,"column":null}},"150":{"start":{"line":368,"column":2},"end":{"line":368,"column":null}},"151":{"start":{"line":377,"column":2},"end":{"line":377,"column":null}},"152":{"start":{"line":384,"column":2},"end":{"line":399,"column":null}},"153":{"start":{"line":385,"column":19},"end":{"line":385,"column":null}},"154":{"start":{"line":386,"column":4},"end":{"line":388,"column":null}},"155":{"start":{"line":387,"column":6},"end":{"line":387,"column":null}},"156":{"start":{"line":390,"column":4},"end":{"line":394,"column":null}},"157":{"start":{"line":391,"column":6},"end":{"line":393,"column":null}},"158":{"start":{"line":392,"column":8},"end":{"line":392,"column":null}},"159":{"start":{"line":395,"column":4},"end":{"line":395,"column":null}},"160":{"start":{"line":397,"column":4},"end":{"line":397,"column":null}},"161":{"start":{"line":398,"column":4},"end":{"line":398,"column":null}},"162":{"start":{"line":409,"column":15},"end":{"line":409,"column":null}},"163":{"start":{"line":410,"column":15},"end":{"line":410,"column":null}},"164":{"start":{"line":411,"column":14},"end":{"line":411,"column":null}},"165":{"start":{"line":413,"column":15},"end":{"line":413,"column":null}},"166":{"start":{"line":414,"column":2},"end":{"line":414,"column":null}},"167":{"start":{"line":415,"column":2},"end":{"line":415,"column":null}},"168":{"start":{"line":416,"column":2},"end":{"line":416,"column":null}},"169":{"start":{"line":418,"column":2},"end":{"line":418,"column":null}},"170":{"start":{"line":425,"column":17},"end":{"line":425,"column":null}},"171":{"start":{"line":426,"column":15},"end":{"line":444,"column":null}},"172":{"start":{"line":427,"column":4},"end":{"line":443,"column":null}},"173":{"start":{"line":438,"column":8},"end":{"line":440,"column":null}},"174":{"start":{"line":439,"column":10},"end":{"line":439,"column":null}},"175":{"start":{"line":441,"column":8},"end":{"line":441,"column":null}},"176":{"start":{"line":446,"column":2},"end":{"line":446,"column":null}},"177":{"start":{"line":453,"column":14},"end":{"line":453,"column":null}},"178":{"start":{"line":454,"column":15},"end":{"line":454,"column":null}},"179":{"start":{"line":455,"column":14},"end":{"line":455,"column":null}},"180":{"start":{"line":457,"column":15},"end":{"line":457,"column":null}},"181":{"start":{"line":458,"column":2},"end":{"line":458,"column":null}},"182":{"start":{"line":459,"column":2},"end":{"line":459,"column":null}},"183":{"start":{"line":460,"column":2},"end":{"line":460,"column":null}},"184":{"start":{"line":462,"column":2},"end":{"line":462,"column":null}},"185":{"start":{"line":476,"column":2},"end":{"line":476,"column":null}},"186":{"start":{"line":476,"column":33},"end":{"line":476,"column":null}},"187":{"start":{"line":479,"column":26},"end":{"line":479,"column":null}},"188":{"start":{"line":480,"column":8},"end":{"line":480,"column":null}},"189":{"start":{"line":481,"column":2},"end":{"line":483,"column":null}},"190":{"start":{"line":482,"column":4},"end":{"line":482,"column":null}},"191":{"start":{"line":486,"column":31},"end":{"line":486,"column":null}},"192":{"start":{"line":487,"column":36},"end":{"line":487,"column":null}},"193":{"start":{"line":488,"column":36},"end":{"line":488,"column":null}},"194":{"start":{"line":490,"column":2},"end":{"line":500,"column":null}},"195":{"start":{"line":491,"column":21},"end":{"line":491,"column":null}},"196":{"start":{"line":493,"column":4},"end":{"line":499,"column":null}},"197":{"start":{"line":494,"column":6},"end":{"line":494,"column":null}},"198":{"start":{"line":495,"column":4},"end":{"line":499,"column":null}},"199":{"start":{"line":496,"column":6},"end":{"line":496,"column":null}},"200":{"start":{"line":497,"column":4},"end":{"line":499,"column":null}},"201":{"start":{"line":498,"column":6},"end":{"line":498,"column":null}},"202":{"start":{"line":503,"column":19},"end":{"line":503,"column":null}},"203":{"start":{"line":504,"column":24},"end":{"line":504,"column":null}},"204":{"start":{"line":505,"column":24},"end":{"line":505,"column":null}},"205":{"start":{"line":507,"column":29},"end":{"line":507,"column":null}},"206":{"start":{"line":510,"column":29},"end":{"line":516,"column":null}},"207":{"start":{"line":511,"column":21},"end":{"line":511,"column":null}},"208":{"start":{"line":513,"column":30},"end":{"line":513,"column":null}},"209":{"start":{"line":514,"column":10},"end":{"line":514,"column":null}},"210":{"start":{"line":515,"column":4},"end":{"line":515,"column":null}},"211":{"start":{"line":517,"column":2},"end":{"line":517,"column":null}},"212":{"start":{"line":517,"column":36},"end":{"line":517,"column":53}},"213":{"start":{"line":519,"column":27},"end":{"line":521,"column":null}},"214":{"start":{"line":521,"column":19},"end":{"line":521,"column":32}},"215":{"start":{"line":522,"column":2},"end":{"line":522,"column":null}},"216":{"start":{"line":525,"column":35},"end":{"line":530,"column":null}},"217":{"start":{"line":526,"column":21},"end":{"line":526,"column":null}},"218":{"start":{"line":528,"column":10},"end":{"line":528,"column":null}},"219":{"start":{"line":529,"column":4},"end":{"line":529,"column":null}},"220":{"start":{"line":532,"column":2},"end":{"line":535,"column":null}},"221":{"start":{"line":533,"column":4},"end":{"line":533,"column":null}},"222":{"start":{"line":533,"column":35},"end":{"line":533,"column":null}},"223":{"start":{"line":534,"column":4},"end":{"line":534,"column":null}},"224":{"start":{"line":536,"column":22},"end":{"line":538,"column":null}},"225":{"start":{"line":538,"column":19},"end":{"line":538,"column":32}},"226":{"start":{"line":539,"column":2},"end":{"line":539,"column":null}},"227":{"start":{"line":542,"column":27},"end":{"line":542,"column":null}},"228":{"start":{"line":543,"column":27},"end":{"line":546,"column":null}},"229":{"start":{"line":547,"column":2},"end":{"line":547,"column":null}},"230":{"start":{"line":550,"column":20},"end":{"line":550,"column":null}},"231":{"start":{"line":551,"column":2},"end":{"line":557,"column":null}},"232":{"start":{"line":552,"column":25},"end":{"line":554,"column":null}},"233":{"start":{"line":553,"column":13},"end":{"line":553,"column":null}},"234":{"start":{"line":555,"column":30},"end":{"line":555,"column":null}},"235":{"start":{"line":556,"column":4},"end":{"line":556,"column":null}},"236":{"start":{"line":560,"column":2},"end":{"line":560,"column":null}},"237":{"start":{"line":567,"column":8},"end":{"line":567,"column":null}},"238":{"start":{"line":568,"column":20},"end":{"line":571,"column":null}},"239":{"start":{"line":569,"column":20},"end":{"line":569,"column":44}},"240":{"start":{"line":570,"column":20},"end":{"line":570,"column":57}},"241":{"start":{"line":571,"column":17},"end":{"line":571,"column":38}},"242":{"start":{"line":573,"column":24},"end":{"line":573,"column":null}},"243":{"start":{"line":573,"column":51},"end":{"line":573,"column":91}},"244":{"start":{"line":575,"column":2},"end":{"line":575,"column":null}},"245":{"start":{"line":586,"column":14},"end":{"line":586,"column":null}},"246":{"start":{"line":587,"column":20},"end":{"line":587,"column":null}},"247":{"start":{"line":589,"column":8},"end":{"line":589,"column":null}},"248":{"start":{"line":590,"column":26},"end":{"line":596,"column":null}},"249":{"start":{"line":592,"column":33},"end":{"line":592,"column":null}},"250":{"start":{"line":593,"column":6},"end":{"line":593,"column":null}},"251":{"start":{"line":595,"column":20},"end":{"line":595,"column":57}},"252":{"start":{"line":596,"column":17},"end":{"line":596,"column":38}},"253":{"start":{"line":598,"column":26},"end":{"line":600,"column":null}},"254":{"start":{"line":599,"column":4},"end":{"line":599,"column":null}},"255":{"start":{"line":602,"column":2},"end":{"line":602,"column":null}},"256":{"start":{"line":613,"column":8},"end":{"line":613,"column":null}},"257":{"start":{"line":614,"column":22},"end":{"line":616,"column":null}},"258":{"start":{"line":615,"column":20},"end":{"line":615,"column":52}},"259":{"start":{"line":616,"column":17},"end":{"line":616,"column":38}},"260":{"start":{"line":618,"column":28},"end":{"line":627,"column":null}},"261":{"start":{"line":619,"column":10},"end":{"line":619,"column":null}},"262":{"start":{"line":622,"column":4},"end":{"line":624,"column":null}},"263":{"start":{"line":623,"column":6},"end":{"line":623,"column":null}},"264":{"start":{"line":626,"column":4},"end":{"line":626,"column":null}},"265":{"start":{"line":629,"column":19},"end":{"line":629,"column":null}},"266":{"start":{"line":630,"column":2},"end":{"line":630,"column":null}},"267":{"start":{"line":640,"column":2},"end":{"line":642,"column":null}},"268":{"start":{"line":641,"column":4},"end":{"line":641,"column":null}},"269":{"start":{"line":644,"column":22},"end":{"line":644,"column":null}},"270":{"start":{"line":645,"column":16},"end":{"line":645,"column":null}},"271":{"start":{"line":648,"column":22},"end":{"line":692,"column":null}},"272":{"start":{"line":694,"column":20},"end":{"line":715,"column":null}},"273":{"start":{"line":718,"column":2},"end":{"line":723,"column":null}},"274":{"start":{"line":719,"column":24},"end":{"line":719,"column":null}},"275":{"start":{"line":719,"column":51},"end":{"line":719,"column":72}},"276":{"start":{"line":720,"column":4},"end":{"line":722,"column":null}},"277":{"start":{"line":721,"column":6},"end":{"line":721,"column":null}},"278":{"start":{"line":726,"column":24},"end":{"line":735,"column":null}},"279":{"start":{"line":737,"column":18},"end":{"line":737,"column":null}},"280":{"start":{"line":737,"column":50},"end":{"line":737,"column":75}},"281":{"start":{"line":738,"column":2},"end":{"line":740,"column":null}},"282":{"start":{"line":739,"column":4},"end":{"line":739,"column":null}},"283":{"start":{"line":743,"column":25},"end":{"line":747,"column":null}},"284":{"start":{"line":749,"column":24},"end":{"line":749,"column":null}},"285":{"start":{"line":749,"column":57},"end":{"line":749,"column":82}},"286":{"start":{"line":750,"column":2},"end":{"line":752,"column":null}},"287":{"start":{"line":751,"column":4},"end":{"line":751,"column":null}},"288":{"start":{"line":755,"column":2},"end":{"line":755,"column":null}},"289":{"start":{"line":762,"column":41},"end":{"line":768,"column":null}},"290":{"start":{"line":769,"column":2},"end":{"line":769,"column":null}},"291":{"start":{"line":787,"column":20},"end":{"line":787,"column":null}},"292":{"start":{"line":788,"column":21},"end":{"line":788,"column":null}},"293":{"start":{"line":791,"column":24},"end":{"line":791,"column":null}},"294":{"start":{"line":792,"column":27},"end":{"line":792,"column":null}},"295":{"start":{"line":793,"column":23},"end":{"line":793,"column":null}},"296":{"start":{"line":796,"column":21},"end":{"line":796,"column":null}},"297":{"start":{"line":798,"column":37},"end":{"line":814,"column":null}},"298":{"start":{"line":816,"column":2},"end":{"line":816,"column":null}},"299":{"start":{"line":823,"column":21},"end":{"line":823,"column":null}},"300":{"start":{"line":826,"column":2},"end":{"line":833,"column":null}},"301":{"start":{"line":827,"column":4},"end":{"line":832,"column":null}},"302":{"start":{"line":836,"column":2},"end":{"line":843,"column":null}},"303":{"start":{"line":837,"column":4},"end":{"line":842,"column":null}},"304":{"start":{"line":846,"column":2},"end":{"line":853,"column":null}},"305":{"start":{"line":847,"column":4},"end":{"line":852,"column":null}},"306":{"start":{"line":856,"column":2},"end":{"line":863,"column":null}},"307":{"start":{"line":857,"column":4},"end":{"line":862,"column":null}},"308":{"start":{"line":866,"column":18},"end":{"line":866,"column":null}},"309":{"start":{"line":867,"column":2},"end":{"line":874,"column":null}},"310":{"start":{"line":868,"column":4},"end":{"line":873,"column":null}},"311":{"start":{"line":877,"column":2},"end":{"line":884,"column":null}},"312":{"start":{"line":878,"column":4},"end":{"line":883,"column":null}},"313":{"start":{"line":887,"column":26},"end":{"line":887,"column":null}},"314":{"start":{"line":888,"column":2},"end":{"line":895,"column":null}},"315":{"start":{"line":889,"column":4},"end":{"line":894,"column":null}},"316":{"start":{"line":898,"column":2},"end":{"line":905,"column":null}},"317":{"start":{"line":899,"column":4},"end":{"line":904,"column":null}},"318":{"start":{"line":908,"column":2},"end":{"line":915,"column":null}},"319":{"start":{"line":909,"column":4},"end":{"line":914,"column":null}},"320":{"start":{"line":918,"column":2},"end":{"line":925,"column":null}},"321":{"start":{"line":918,"column":30},"end":{"line":918,"column":49}},"322":{"start":{"line":919,"column":4},"end":{"line":924,"column":null}},"323":{"start":{"line":927,"column":2},"end":{"line":927,"column":null}},"324":{"start":{"line":927,"column":35},"end":{"line":927,"column":48}},"325":{"start":{"line":937,"column":2},"end":{"line":937,"column":null}},"326":{"start":{"line":946,"column":20},"end":{"line":946,"column":null}},"327":{"start":{"line":947,"column":20},"end":{"line":947,"column":null}},"328":{"start":{"line":949,"column":2},"end":{"line":949,"column":null}},"329":{"start":{"line":949,"column":30},"end":{"line":949,"column":null}},"330":{"start":{"line":950,"column":2},"end":{"line":950,"column":null}},"331":{"start":{"line":950,"column":30},"end":{"line":950,"column":null}},"332":{"start":{"line":951,"column":2},"end":{"line":951,"column":null}},"333":{"start":{"line":958,"column":8},"end":{"line":958,"column":null}},"334":{"start":{"line":959,"column":22},"end":{"line":959,"column":null}},"335":{"start":{"line":961,"column":2},"end":{"line":963,"column":null}},"336":{"start":{"line":962,"column":4},"end":{"line":962,"column":null}},"337":{"start":{"line":965,"column":2},"end":{"line":968,"column":null}},"338":{"start":{"line":966,"column":21},"end":{"line":966,"column":null}},"339":{"start":{"line":967,"column":4},"end":{"line":967,"column":null}},"340":{"start":{"line":975,"column":14},"end":{"line":975,"column":null}},"341":{"start":{"line":976,"column":8},"end":{"line":976,"column":null}},"342":{"start":{"line":977,"column":22},"end":{"line":977,"column":null}},"343":{"start":{"line":979,"column":2},"end":{"line":981,"column":null}},"344":{"start":{"line":980,"column":4},"end":{"line":980,"column":null}},"345":{"start":{"line":983,"column":2},"end":{"line":1007,"column":null}},"346":{"start":{"line":984,"column":21},"end":{"line":984,"column":null}},"347":{"start":{"line":985,"column":4},"end":{"line":985,"column":null}},"348":{"start":{"line":985,"column":19},"end":{"line":985,"column":null}},"349":{"start":{"line":987,"column":10},"end":{"line":987,"column":null}},"350":{"start":{"line":992,"column":4},"end":{"line":1004,"column":null}},"351":{"start":{"line":994,"column":8},"end":{"line":994,"column":null}},"352":{"start":{"line":995,"column":8},"end":{"line":995,"column":null}},"353":{"start":{"line":997,"column":8},"end":{"line":997,"column":null}},"354":{"start":{"line":998,"column":8},"end":{"line":998,"column":null}},"355":{"start":{"line":1000,"column":8},"end":{"line":1000,"column":null}},"356":{"start":{"line":1001,"column":8},"end":{"line":1001,"column":null}},"357":{"start":{"line":1003,"column":8},"end":{"line":1003,"column":null}},"358":{"start":{"line":1006,"column":4},"end":{"line":1006,"column":null}},"359":{"start":{"line":1020,"column":2},"end":{"line":1040,"column":null}},"360":{"start":{"line":1022,"column":6},"end":{"line":1022,"column":null}},"361":{"start":{"line":1022,"column":46},"end":{"line":1022,"column":67}},"362":{"start":{"line":1023,"column":6},"end":{"line":1026,"column":null}},"363":{"start":{"line":1025,"column":8},"end":{"line":1025,"column":null}},"364":{"start":{"line":1025,"column":65},"end":{"line":1025,"column":86}},"365":{"start":{"line":1027,"column":6},"end":{"line":1027,"column":null}},"366":{"start":{"line":1030,"column":23},"end":{"line":1030,"column":null}},"367":{"start":{"line":1030,"column":52},"end":{"line":1030,"column":73}},"368":{"start":{"line":1031,"column":27},"end":{"line":1031,"column":null}},"369":{"start":{"line":1031,"column":56},"end":{"line":1031,"column":77}},"370":{"start":{"line":1032,"column":6},"end":{"line":1032,"column":null}},"371":{"start":{"line":1033,"column":6},"end":{"line":1033,"column":null}},"372":{"start":{"line":1036,"column":18},"end":{"line":1036,"column":null}},"373":{"start":{"line":1036,"column":47},"end":{"line":1036,"column":68}},"374":{"start":{"line":1037,"column":18},"end":{"line":1037,"column":null}},"375":{"start":{"line":1037,"column":47},"end":{"line":1037,"column":68}},"376":{"start":{"line":1038,"column":6},"end":{"line":1038,"column":null}},"377":{"start":{"line":1039,"column":6},"end":{"line":1039,"column":null}},"378":{"start":{"line":1042,"column":2},"end":{"line":1042,"column":null}},"379":{"start":{"line":1052,"column":20},"end":{"line":1052,"column":null}},"380":{"start":{"line":1053,"column":16},"end":{"line":1053,"column":null}},"381":{"start":{"line":1056,"column":25},"end":{"line":1056,"column":null}},"382":{"start":{"line":1059,"column":25},"end":{"line":1059,"column":null}},"383":{"start":{"line":1062,"column":23},"end":{"line":1062,"column":null}},"384":{"start":{"line":1063,"column":23},"end":{"line":1063,"column":null}},"385":{"start":{"line":1066,"column":25},"end":{"line":1066,"column":null}},"386":{"start":{"line":1067,"column":25},"end":{"line":1070,"column":null}},"387":{"start":{"line":1073,"column":26},"end":{"line":1073,"column":null}},"388":{"start":{"line":1074,"column":29},"end":{"line":1074,"column":null}},"389":{"start":{"line":1075,"column":23},"end":{"line":1081,"column":null}},"390":{"start":{"line":1083,"column":2},"end":{"line":1108,"column":null}},"391":{"start":{"line":1120,"column":8},"end":{"line":1120,"column":null}},"392":{"start":{"line":1122,"column":23},"end":{"line":1122,"column":null}},"393":{"start":{"line":1122,"column":50},"end":{"line":1122,"column":75}},"394":{"start":{"line":1124,"column":24},"end":{"line":1127,"column":null}},"395":{"start":{"line":1125,"column":17},"end":{"line":1125,"column":null}},"396":{"start":{"line":1129,"column":23},"end":{"line":1129,"column":null}},"397":{"start":{"line":1129,"column":55},"end":{"line":1129,"column":78}},"398":{"start":{"line":1131,"column":26},"end":{"line":1131,"column":null}},"399":{"start":{"line":1134,"column":23},"end":{"line":1134,"column":null}},"400":{"start":{"line":1135,"column":20},"end":{"line":1135,"column":null}},"401":{"start":{"line":1136,"column":24},"end":{"line":1136,"column":null}},"402":{"start":{"line":1138,"column":2},"end":{"line":1143,"column":null}},"403":{"start":{"line":1150,"column":21},"end":{"line":1150,"column":null}},"404":{"start":{"line":1151,"column":24},"end":{"line":1151,"column":null}},"405":{"start":{"line":1153,"column":23},"end":{"line":1153,"column":null}},"406":{"start":{"line":1153,"column":59},"end":{"line":1153,"column":80}},"407":{"start":{"line":1154,"column":2},"end":{"line":1154,"column":null}},"408":{"start":{"line":1154,"column":21},"end":{"line":1154,"column":null}},"409":{"start":{"line":1156,"column":2},"end":{"line":1156,"column":null}}},"fnMap":{"0":{"name":"parseCSV","decl":{"start":{"line":14,"column":16},"end":{"line":14,"column":25}},"loc":{"start":{"line":14,"column":54},"end":{"line":139,"column":null}},"line":14},"1":{"name":"parseCSVLine","decl":{"start":{"line":21,"column":11},"end":{"line":21,"column":24}},"loc":{"start":{"line":21,"column":48},"end":{"line":52,"column":null}},"line":21},"2":{"name":"shuffle","decl":{"start":{"line":144,"column":16},"end":{"line":144,"column":27}},"loc":{"start":{"line":144,"column":44},"end":{"line":151,"column":null}},"line":144},"3":{"name":"generateChoices","decl":{"start":{"line":156,"column":16},"end":{"line":156,"column":null}},"loc":{"start":{"line":160,"column":12},"end":{"line":180,"column":null}},"line":160},"4":{"name":"(anonymous_4)","decl":{"start":{"line":162,"column":45},"end":{"line":162,"column":46}},"loc":{"start":{"line":162,"column":57},"end":{"line":162,"column":77}},"line":162},"5":{"name":"generateChoicesWithQuestions","decl":{"start":{"line":186,"column":16},"end":{"line":186,"column":null}},"loc":{"start":{"line":190,"column":54},"end":{"line":227,"column":null}},"line":190},"6":{"name":"(anonymous_6)","decl":{"start":{"line":192,"column":45},"end":{"line":192,"column":46}},"loc":{"start":{"line":192,"column":57},"end":{"line":192,"column":77}},"line":192},"7":{"name":"(anonymous_7)","decl":{"start":{"line":200,"column":27},"end":{"line":200,"column":28}},"loc":{"start":{"line":200,"column":34},"end":{"line":200,"column":69}},"line":200},"8":{"name":"(anonymous_8)","decl":{"start":{"line":223,"column":26},"end":{"line":223,"column":27}},"loc":{"start":{"line":223,"column":34},"end":{"line":223,"column":67}},"line":223},"9":{"name":"generateSpellingPuzzle","decl":{"start":{"line":232,"column":16},"end":{"line":232,"column":39}},"loc":{"start":{"line":236,"column":2},"end":{"line":281,"column":null}},"line":236},"10":{"name":"(anonymous_10)","decl":{"start":{"line":249,"column":63},"end":{"line":249,"column":64}},"loc":{"start":{"line":249,"column":73},"end":{"line":249,"column":74}},"line":249},"11":{"name":"(anonymous_11)","decl":{"start":{"line":256,"column":22},"end":{"line":256,"column":23}},"loc":{"start":{"line":256,"column":32},"end":{"line":256,"column":37}},"line":256},"12":{"name":"(anonymous_12)","decl":{"start":{"line":259,"column":44},"end":{"line":259,"column":45}},"loc":{"start":{"line":259,"column":53},"end":{"line":259,"column":67}},"line":259},"13":{"name":"saveQuestionSets","decl":{"start":{"line":292,"column":16},"end":{"line":292,"column":33}},"loc":{"start":{"line":292,"column":60},"end":{"line":298,"column":null}},"line":292},"14":{"name":"formatLocalYYYYMMDD","decl":{"start":{"line":306,"column":16},"end":{"line":306,"column":36}},"loc":{"start":{"line":306,"column":53},"end":{"line":311,"column":null}},"line":306},"15":{"name":"loadQuestionSets","decl":{"start":{"line":321,"column":16},"end":{"line":321,"column":50}},"loc":{"start":{"line":321,"column":50},"end":{"line":330,"column":null}},"line":321},"16":{"name":"saveQuestionSet","decl":{"start":{"line":335,"column":16},"end":{"line":335,"column":32}},"loc":{"start":{"line":335,"column":56},"end":{"line":346,"column":null}},"line":335},"17":{"name":"(anonymous_17)","decl":{"start":{"line":337,"column":31},"end":{"line":337,"column":32}},"loc":{"start":{"line":337,"column":38},"end":{"line":337,"column":53}},"line":337},"18":{"name":"deleteQuestionSet","decl":{"start":{"line":351,"column":16},"end":{"line":351,"column":34}},"loc":{"start":{"line":351,"column":55},"end":{"line":362,"column":null}},"line":351},"19":{"name":"(anonymous_19)","decl":{"start":{"line":353,"column":24},"end":{"line":353,"column":25}},"loc":{"start":{"line":353,"column":31},"end":{"line":353,"column":42}},"line":353},"20":{"name":"(anonymous_20)","decl":{"start":{"line":359,"column":31},"end":{"line":359,"column":32}},"loc":{"start":{"line":359,"column":38},"end":{"line":359,"column":49}},"line":359},"21":{"name":"generateId","decl":{"start":{"line":367,"column":16},"end":{"line":367,"column":37}},"loc":{"start":{"line":367,"column":37},"end":{"line":369,"column":null}},"line":367},"22":{"name":"exportPassagesJSON","decl":{"start":{"line":376,"column":16},"end":{"line":376,"column":35}},"loc":{"start":{"line":376,"column":71},"end":{"line":378,"column":null}},"line":376},"23":{"name":"importPassagesJSON","decl":{"start":{"line":383,"column":16},"end":{"line":383,"column":35}},"loc":{"start":{"line":383,"column":71},"end":{"line":400,"column":null}},"line":383},"24":{"name":"downloadPassagesJSON","decl":{"start":{"line":405,"column":16},"end":{"line":405,"column":null}},"loc":{"start":{"line":408,"column":8},"end":{"line":419,"column":null}},"line":408},"25":{"name":"exportQuestionSetCSV","decl":{"start":{"line":424,"column":16},"end":{"line":424,"column":37}},"loc":{"start":{"line":424,"column":63},"end":{"line":447,"column":null}},"line":424},"26":{"name":"(anonymous_26)","decl":{"start":{"line":426,"column":33},"end":{"line":426,"column":34}},"loc":{"start":{"line":426,"column":40},"end":{"line":444,"column":3}},"line":426},"27":{"name":"(anonymous_27)","decl":{"start":{"line":436,"column":11},"end":{"line":436,"column":12}},"loc":{"start":{"line":436,"column":22},"end":{"line":442,"column":7}},"line":436},"28":{"name":"downloadQuestionSetCSV","decl":{"start":{"line":452,"column":16},"end":{"line":452,"column":39}},"loc":{"start":{"line":452,"column":63},"end":{"line":463,"column":null}},"line":452},"29":{"name":"selectAdaptiveQuestions","decl":{"start":{"line":475,"column":16},"end":{"line":475,"column":40}},"loc":{"start":{"line":475,"column":98},"end":{"line":561,"column":null}},"line":475},"30":{"name":"(anonymous_30)","decl":{"start":{"line":481,"column":22},"end":{"line":481,"column":23}},"loc":{"start":{"line":481,"column":30},"end":{"line":483,"column":3}},"line":481},"31":{"name":"(anonymous_31)","decl":{"start":{"line":490,"column":23},"end":{"line":490,"column":24}},"loc":{"start":{"line":490,"column":30},"end":{"line":500,"column":3}},"line":490},"32":{"name":"(anonymous_32)","decl":{"start":{"line":510,"column":47},"end":{"line":510,"column":48}},"loc":{"start":{"line":510,"column":54},"end":{"line":516,"column":3}},"line":510},"33":{"name":"(anonymous_33)","decl":{"start":{"line":517,"column":26},"end":{"line":517,"column":27}},"loc":{"start":{"line":517,"column":36},"end":{"line":517,"column":53}},"line":517},"34":{"name":"(anonymous_34)","decl":{"start":{"line":521,"column":9},"end":{"line":521,"column":10}},"loc":{"start":{"line":521,"column":19},"end":{"line":521,"column":32}},"line":521},"35":{"name":"(anonymous_35)","decl":{"start":{"line":525,"column":48},"end":{"line":525,"column":49}},"loc":{"start":{"line":525,"column":55},"end":{"line":530,"column":3}},"line":525},"36":{"name":"(anonymous_36)","decl":{"start":{"line":532,"column":32},"end":{"line":532,"column":33}},"loc":{"start":{"line":532,"column":42},"end":{"line":535,"column":3}},"line":532},"37":{"name":"(anonymous_37)","decl":{"start":{"line":538,"column":9},"end":{"line":538,"column":10}},"loc":{"start":{"line":538,"column":19},"end":{"line":538,"column":32}},"line":538},"38":{"name":"(anonymous_38)","decl":{"start":{"line":553,"column":6},"end":{"line":553,"column":7}},"loc":{"start":{"line":553,"column":13},"end":{"line":553,"column":null}},"line":553},"39":{"name":"selectWeakQuestions","decl":{"start":{"line":566,"column":16},"end":{"line":566,"column":36}},"loc":{"start":{"line":566,"column":94},"end":{"line":576,"column":null}},"line":566},"40":{"name":"(anonymous_40)","decl":{"start":{"line":569,"column":12},"end":{"line":569,"column":13}},"loc":{"start":{"line":569,"column":20},"end":{"line":569,"column":44}},"line":569},"41":{"name":"(anonymous_41)","decl":{"start":{"line":570,"column":10},"end":{"line":570,"column":11}},"loc":{"start":{"line":570,"column":20},"end":{"line":570,"column":57}},"line":570},"42":{"name":"(anonymous_42)","decl":{"start":{"line":571,"column":9},"end":{"line":571,"column":10}},"loc":{"start":{"line":571,"column":17},"end":{"line":571,"column":38}},"line":571},"43":{"name":"(anonymous_43)","decl":{"start":{"line":573,"column":44},"end":{"line":573,"column":45}},"loc":{"start":{"line":573,"column":51},"end":{"line":573,"column":91}},"line":573},"44":{"name":"selectReviewQuestions","decl":{"start":{"line":581,"column":16},"end":{"line":581,"column":null}},"loc":{"start":{"line":585,"column":14},"end":{"line":603,"column":null}},"line":585},"45":{"name":"(anonymous_45)","decl":{"start":{"line":591,"column":12},"end":{"line":591,"column":13}},"loc":{"start":{"line":591,"column":20},"end":{"line":594,"column":5}},"line":591},"46":{"name":"(anonymous_46)","decl":{"start":{"line":595,"column":10},"end":{"line":595,"column":11}},"loc":{"start":{"line":595,"column":20},"end":{"line":595,"column":57}},"line":595},"47":{"name":"(anonymous_47)","decl":{"start":{"line":596,"column":9},"end":{"line":596,"column":10}},"loc":{"start":{"line":596,"column":17},"end":{"line":596,"column":38}},"line":596},"48":{"name":"(anonymous_48)","decl":{"start":{"line":598,"column":46},"end":{"line":598,"column":47}},"loc":{"start":{"line":599,"column":4},"end":{"line":599,"column":null}},"line":599},"49":{"name":"selectQuestionsByMasteryLevel","decl":{"start":{"line":608,"column":16},"end":{"line":608,"column":null}},"loc":{"start":{"line":612,"column":14},"end":{"line":631,"column":null}},"line":612},"50":{"name":"(anonymous_50)","decl":{"start":{"line":615,"column":12},"end":{"line":615,"column":13}},"loc":{"start":{"line":615,"column":20},"end":{"line":615,"column":52}},"line":615},"51":{"name":"(anonymous_51)","decl":{"start":{"line":616,"column":9},"end":{"line":616,"column":10}},"loc":{"start":{"line":616,"column":17},"end":{"line":616,"column":38}},"line":616},"52":{"name":"(anonymous_52)","decl":{"start":{"line":618,"column":48},"end":{"line":618,"column":49}},"loc":{"start":{"line":618,"column":55},"end":{"line":627,"column":3}},"line":618},"53":{"name":"classifyPhraseType","decl":{"start":{"line":638,"column":16},"end":{"line":638,"column":35}},"loc":{"start":{"line":638,"column":59},"end":{"line":756,"column":null}},"line":638},"54":{"name":"(anonymous_54)","decl":{"start":{"line":719,"column":44},"end":{"line":719,"column":45}},"loc":{"start":{"line":719,"column":51},"end":{"line":719,"column":72}},"line":719},"55":{"name":"(anonymous_55)","decl":{"start":{"line":737,"column":37},"end":{"line":737,"column":38}},"loc":{"start":{"line":737,"column":50},"end":{"line":737,"column":75}},"line":737},"56":{"name":"(anonymous_56)","decl":{"start":{"line":749,"column":44},"end":{"line":749,"column":45}},"loc":{"start":{"line":749,"column":57},"end":{"line":749,"column":82}},"line":749},"57":{"name":"getPhraseTypeLabel","decl":{"start":{"line":761,"column":16},"end":{"line":761,"column":35}},"loc":{"start":{"line":761,"column":63},"end":{"line":770,"column":null}},"line":761},"58":{"name":"generateLearningPlan","decl":{"start":{"line":782,"column":16},"end":{"line":782,"column":null}},"loc":{"start":{"line":786,"column":20},"end":{"line":817,"column":null}},"line":786},"59":{"name":"generateMilestones","decl":{"start":{"line":822,"column":9},"end":{"line":822,"column":28}},"loc":{"start":{"line":822,"column":70},"end":{"line":928,"column":null}},"line":822},"60":{"name":"(anonymous_60)","decl":{"start":{"line":918,"column":23},"end":{"line":918,"column":24}},"loc":{"start":{"line":918,"column":30},"end":{"line":918,"column":49}},"line":918},"61":{"name":"(anonymous_61)","decl":{"start":{"line":927,"column":25},"end":{"line":927,"column":26}},"loc":{"start":{"line":927,"column":35},"end":{"line":927,"column":48}},"line":927},"62":{"name":"generate90DayPlan","decl":{"start":{"line":933,"column":16},"end":{"line":933,"column":null}},"loc":{"start":{"line":936,"column":20},"end":{"line":938,"column":null}},"line":936},"63":{"name":"getPhase","decl":{"start":{"line":945,"column":9},"end":{"line":945,"column":18}},"loc":{"start":{"line":945,"column":72},"end":{"line":952,"column":null}},"line":945},"64":{"name":"getUnlearnedWords","decl":{"start":{"line":957,"column":9},"end":{"line":957,"column":27}},"loc":{"start":{"line":957,"column":65},"end":{"line":969,"column":null}},"line":957},"65":{"name":"(anonymous_65)","decl":{"start":{"line":961,"column":22},"end":{"line":961,"column":23}},"loc":{"start":{"line":961,"column":30},"end":{"line":963,"column":3}},"line":961},"66":{"name":"(anonymous_66)","decl":{"start":{"line":965,"column":29},"end":{"line":965,"column":30}},"loc":{"start":{"line":965,"column":36},"end":{"line":968,"column":3}},"line":965},"67":{"name":"getReviewDueWords","decl":{"start":{"line":974,"column":9},"end":{"line":974,"column":27}},"loc":{"start":{"line":974,"column":65},"end":{"line":1008,"column":null}},"line":974},"68":{"name":"(anonymous_68)","decl":{"start":{"line":979,"column":22},"end":{"line":979,"column":23}},"loc":{"start":{"line":979,"column":30},"end":{"line":981,"column":3}},"line":979},"69":{"name":"(anonymous_69)","decl":{"start":{"line":983,"column":29},"end":{"line":983,"column":30}},"loc":{"start":{"line":983,"column":36},"end":{"line":1007,"column":3}},"line":983},"70":{"name":"selectNewWordsForPhase","decl":{"start":{"line":1013,"column":9},"end":{"line":1013,"column":null}},"loc":{"start":{"line":1017,"column":14},"end":{"line":1043,"column":null}},"line":1017},"71":{"name":"(anonymous_71)","decl":{"start":{"line":1022,"column":39},"end":{"line":1022,"column":40}},"loc":{"start":{"line":1022,"column":46},"end":{"line":1022,"column":67}},"line":1022},"72":{"name":"(anonymous_72)","decl":{"start":{"line":1025,"column":58},"end":{"line":1025,"column":59}},"loc":{"start":{"line":1025,"column":65},"end":{"line":1025,"column":86}},"line":1025},"73":{"name":"(anonymous_73)","decl":{"start":{"line":1030,"column":45},"end":{"line":1030,"column":46}},"loc":{"start":{"line":1030,"column":52},"end":{"line":1030,"column":73}},"line":1030},"74":{"name":"(anonymous_74)","decl":{"start":{"line":1031,"column":49},"end":{"line":1031,"column":50}},"loc":{"start":{"line":1031,"column":56},"end":{"line":1031,"column":77}},"line":1031},"75":{"name":"(anonymous_75)","decl":{"start":{"line":1036,"column":40},"end":{"line":1036,"column":41}},"loc":{"start":{"line":1036,"column":47},"end":{"line":1036,"column":68}},"line":1036},"76":{"name":"(anonymous_76)","decl":{"start":{"line":1037,"column":40},"end":{"line":1037,"column":41}},"loc":{"start":{"line":1037,"column":47},"end":{"line":1037,"column":68}},"line":1037},"77":{"name":"generateDailyPlan","decl":{"start":{"line":1048,"column":16},"end":{"line":1048,"column":null}},"loc":{"start":{"line":1051,"column":18},"end":{"line":1109,"column":null}},"line":1051},"78":{"name":"calculateProgress","decl":{"start":{"line":1114,"column":16},"end":{"line":1114,"column":34}},"loc":{"start":{"line":1119,"column":2},"end":{"line":1144,"column":null}},"line":1119},"79":{"name":"(anonymous_79)","decl":{"start":{"line":1122,"column":42},"end":{"line":1122,"column":43}},"loc":{"start":{"line":1122,"column":50},"end":{"line":1122,"column":75}},"line":1122},"80":{"name":"(anonymous_80)","decl":{"start":{"line":1125,"column":4},"end":{"line":1125,"column":5}},"loc":{"start":{"line":1125,"column":17},"end":{"line":1125,"column":null}},"line":1125},"81":{"name":"(anonymous_81)","decl":{"start":{"line":1129,"column":42},"end":{"line":1129,"column":43}},"loc":{"start":{"line":1129,"column":55},"end":{"line":1129,"column":78}},"line":1129},"82":{"name":"calculateWeeklyAchievement","decl":{"start":{"line":1149,"column":16},"end":{"line":1149,"column":43}},"loc":{"start":{"line":1149,"column":79},"end":{"line":1157,"column":null}},"line":1149},"83":{"name":"(anonymous_83)","decl":{"start":{"line":1153,"column":52},"end":{"line":1153,"column":53}},"loc":{"start":{"line":1153,"column":59},"end":{"line":1153,"column":80}},"line":1153}},"branchMap":{"0":{"loc":{"start":{"line":16,"column":2},"end":{"line":16,"column":null}},"type":"if","locations":[{"start":{"line":16,"column":2},"end":{"line":16,"column":null}},{"start":{},"end":{}}],"line":16},"1":{"loc":{"start":{"line":30,"column":6},"end":{"line":45,"column":null}},"type":"if","locations":[{"start":{"line":30,"column":6},"end":{"line":45,"column":null}},{"start":{"line":39,"column":6},"end":{"line":45,"column":null}}],"line":30},"2":{"loc":{"start":{"line":31,"column":8},"end":{"line":38,"column":null}},"type":"if","locations":[{"start":{"line":31,"column":8},"end":{"line":38,"column":null}},{"start":{"line":35,"column":15},"end":{"line":38,"column":null}}],"line":31},"3":{"loc":{"start":{"line":31,"column":12},"end":{"line":31,"column":42}},"type":"binary-expr","locations":[{"start":{"line":31,"column":12},"end":{"line":31,"column":24}},{"start":{"line":31,"column":24},"end":{"line":31,"column":42}}],"line":31},"4":{"loc":{"start":{"line":39,"column":6},"end":{"line":45,"column":null}},"type":"if","locations":[{"start":{"line":39,"column":6},"end":{"line":45,"column":null}},{"start":{"line":43,"column":13},"end":{"line":45,"column":null}}],"line":39},"5":{"loc":{"start":{"line":39,"column":17},"end":{"line":39,"column":44}},"type":"binary-expr","locations":[{"start":{"line":39,"column":17},"end":{"line":39,"column":33}},{"start":{"line":39,"column":33},"end":{"line":39,"column":44}}],"line":39},"6":{"loc":{"start":{"line":58,"column":2},"end":{"line":67,"column":null}},"type":"if","locations":[{"start":{"line":58,"column":2},"end":{"line":67,"column":null}},{"start":{},"end":{}}],"line":58},"7":{"loc":{"start":{"line":59,"column":4},"end":{"line":64,"column":null}},"type":"binary-expr","locations":[{"start":{"line":59,"column":4},"end":{"line":59,"column":null}},{"start":{"line":60,"column":4},"end":{"line":60,"column":null}},{"start":{"line":61,"column":4},"end":{"line":61,"column":null}},{"start":{"line":62,"column":4},"end":{"line":62,"column":null}},{"start":{"line":63,"column":4},"end":{"line":63,"column":null}},{"start":{"line":64,"column":4},"end":{"line":64,"column":null}}],"line":59},"8":{"loc":{"start":{"line":75,"column":4},"end":{"line":77,"column":null}},"type":"if","locations":[{"start":{"line":75,"column":4},"end":{"line":77,"column":null}},{"start":{},"end":{}}],"line":75},"9":{"loc":{"start":{"line":75,"column":8},"end":{"line":75,"column":64}},"type":"binary-expr","locations":[{"start":{"line":75,"column":8},"end":{"line":75,"column":17}},{"start":{"line":75,"column":17},"end":{"line":75,"column":42}},{"start":{"line":75,"column":42},"end":{"line":75,"column":64}}],"line":75},"10":{"loc":{"start":{"line":81,"column":4},"end":{"line":135,"column":null}},"type":"if","locations":[{"start":{"line":81,"column":4},"end":{"line":135,"column":null}},{"start":{},"end":{}}],"line":81},"11":{"loc":{"start":{"line":82,"column":19},"end":{"line":82,"column":null}},"type":"binary-expr","locations":[{"start":{"line":82,"column":19},"end":{"line":82,"column":33}},{"start":{"line":82,"column":33},"end":{"line":82,"column":null}}],"line":82},"12":{"loc":{"start":{"line":83,"column":22},"end":{"line":83,"column":null}},"type":"binary-expr","locations":[{"start":{"line":83,"column":22},"end":{"line":83,"column":36}},{"start":{"line":83,"column":36},"end":{"line":83,"column":null}}],"line":83},"13":{"loc":{"start":{"line":84,"column":22},"end":{"line":84,"column":null}},"type":"binary-expr","locations":[{"start":{"line":84,"column":22},"end":{"line":84,"column":36}},{"start":{"line":84,"column":36},"end":{"line":84,"column":null}}],"line":84},"14":{"loc":{"start":{"line":85,"column":24},"end":{"line":85,"column":null}},"type":"binary-expr","locations":[{"start":{"line":85,"column":24},"end":{"line":85,"column":38}},{"start":{"line":85,"column":38},"end":{"line":85,"column":null}}],"line":85},"15":{"loc":{"start":{"line":92,"column":6},"end":{"line":102,"column":null}},"type":"if","locations":[{"start":{"line":92,"column":6},"end":{"line":102,"column":null}},{"start":{"line":97,"column":13},"end":{"line":102,"column":null}}],"line":92},"16":{"loc":{"start":{"line":94,"column":24},"end":{"line":94,"column":45}},"type":"binary-expr","locations":[{"start":{"line":94,"column":24},"end":{"line":94,"column":38}},{"start":{"line":94,"column":38},"end":{"line":94,"column":45}}],"line":94},"17":{"loc":{"start":{"line":94,"column":45},"end":{"line":94,"column":null}},"type":"binary-expr","locations":[{"start":{"line":94,"column":45},"end":{"line":94,"column":59}},{"start":{"line":94,"column":59},"end":{"line":94,"column":null}}],"line":94},"18":{"loc":{"start":{"line":95,"column":24},"end":{"line":95,"column":null}},"type":"binary-expr","locations":[{"start":{"line":95,"column":24},"end":{"line":95,"column":38}},{"start":{"line":95,"column":38},"end":{"line":95,"column":null}}],"line":95},"19":{"loc":{"start":{"line":96,"column":24},"end":{"line":96,"column":null}},"type":"binary-expr","locations":[{"start":{"line":96,"column":24},"end":{"line":96,"column":38}},{"start":{"line":96,"column":38},"end":{"line":96,"column":null}}],"line":96},"20":{"loc":{"start":{"line":99,"column":23},"end":{"line":99,"column":null}},"type":"binary-expr","locations":[{"start":{"line":99,"column":23},"end":{"line":99,"column":37}},{"start":{"line":99,"column":37},"end":{"line":99,"column":null}}],"line":99},"21":{"loc":{"start":{"line":100,"column":24},"end":{"line":100,"column":null}},"type":"binary-expr","locations":[{"start":{"line":100,"column":24},"end":{"line":100,"column":38}},{"start":{"line":100,"column":38},"end":{"line":100,"column":null}}],"line":100},"22":{"loc":{"start":{"line":101,"column":24},"end":{"line":101,"column":null}},"type":"binary-expr","locations":[{"start":{"line":101,"column":24},"end":{"line":101,"column":38}},{"start":{"line":101,"column":38},"end":{"line":101,"column":null}}],"line":101},"23":{"loc":{"start":{"line":106,"column":6},"end":{"line":112,"column":null}},"type":"if","locations":[{"start":{"line":106,"column":6},"end":{"line":112,"column":null}},{"start":{"line":108,"column":6},"end":{"line":112,"column":null}}],"line":106},"24":{"loc":{"start":{"line":106,"column":10},"end":{"line":106,"column":72}},"type":"binary-expr","locations":[{"start":{"line":106,"column":10},"end":{"line":106,"column":42}},{"start":{"line":106,"column":42},"end":{"line":106,"column":72}}],"line":106},"25":{"loc":{"start":{"line":108,"column":6},"end":{"line":112,"column":null}},"type":"if","locations":[{"start":{"line":108,"column":6},"end":{"line":112,"column":null}},{"start":{"line":110,"column":6},"end":{"line":112,"column":null}}],"line":108},"26":{"loc":{"start":{"line":108,"column":17},"end":{"line":108,"column":83}},"type":"binary-expr","locations":[{"start":{"line":108,"column":17},"end":{"line":108,"column":49}},{"start":{"line":108,"column":49},"end":{"line":108,"column":83}}],"line":108},"27":{"loc":{"start":{"line":110,"column":6},"end":{"line":112,"column":null}},"type":"if","locations":[{"start":{"line":110,"column":6},"end":{"line":112,"column":null}},{"start":{},"end":{}}],"line":110},"28":{"loc":{"start":{"line":110,"column":17},"end":{"line":110,"column":79}},"type":"binary-expr","locations":[{"start":{"line":110,"column":17},"end":{"line":110,"column":49}},{"start":{"line":110,"column":49},"end":{"line":110,"column":79}}],"line":110},"29":{"loc":{"start":{"line":115,"column":6},"end":{"line":121,"column":null}},"type":"if","locations":[{"start":{"line":115,"column":6},"end":{"line":121,"column":null}},{"start":{},"end":{}}],"line":115},"30":{"loc":{"start":{"line":115,"column":10},"end":{"line":115,"column":60}},"type":"binary-expr","locations":[{"start":{"line":115,"column":10},"end":{"line":115,"column":27}},{"start":{"line":115,"column":27},"end":{"line":115,"column":60}}],"line":115},"31":{"loc":{"start":{"line":123,"column":6},"end":{"line":134,"column":null}},"type":"if","locations":[{"start":{"line":123,"column":6},"end":{"line":134,"column":null}},{"start":{},"end":{}}],"line":123},"32":{"loc":{"start":{"line":123,"column":10},"end":{"line":123,"column":27}},"type":"binary-expr","locations":[{"start":{"line":123,"column":10},"end":{"line":123,"column":18}},{"start":{"line":123,"column":18},"end":{"line":123,"column":27}}],"line":123},"33":{"loc":{"start":{"line":165,"column":18},"end":{"line":165,"column":72}},"type":"binary-expr","locations":[{"start":{"line":165,"column":18},"end":{"line":165,"column":47}},{"start":{"line":165,"column":47},"end":{"line":165,"column":72}}],"line":165},"34":{"loc":{"start":{"line":167,"column":4},"end":{"line":169,"column":null}},"type":"if","locations":[{"start":{"line":167,"column":4},"end":{"line":169,"column":null}},{"start":{},"end":{}}],"line":167},"35":{"loc":{"start":{"line":167,"column":8},"end":{"line":167,"column":78}},"type":"binary-expr","locations":[{"start":{"line":167,"column":8},"end":{"line":167,"column":41}},{"start":{"line":167,"column":41},"end":{"line":167,"column":78}}],"line":167},"36":{"loc":{"start":{"line":196,"column":18},"end":{"line":196,"column":74}},"type":"binary-expr","locations":[{"start":{"line":196,"column":18},"end":{"line":196,"column":47}},{"start":{"line":196,"column":47},"end":{"line":196,"column":74}}],"line":196},"37":{"loc":{"start":{"line":198,"column":4},"end":{"line":203,"column":null}},"type":"if","locations":[{"start":{"line":198,"column":4},"end":{"line":203,"column":null}},{"start":{},"end":{}}],"line":198},"38":{"loc":{"start":{"line":199,"column":6},"end":{"line":200,"column":null}},"type":"binary-expr","locations":[{"start":{"line":199,"column":6},"end":{"line":199,"column":null}},{"start":{"line":200,"column":6},"end":{"line":200,"column":null}}],"line":199},"39":{"loc":{"start":{"line":237,"column":2},"end":{"line":239,"column":null}},"type":"if","locations":[{"start":{"line":237,"column":2},"end":{"line":239,"column":null}},{"start":{},"end":{}}],"line":237},"40":{"loc":{"start":{"line":237,"column":6},"end":{"line":237,"column":34}},"type":"binary-expr","locations":[{"start":{"line":237,"column":6},"end":{"line":237,"column":15}},{"start":{"line":237,"column":15},"end":{"line":237,"column":34}}],"line":237},"41":{"loc":{"start":{"line":252,"column":18},"end":{"line":252,"column":63}},"type":"binary-expr","locations":[{"start":{"line":252,"column":18},"end":{"line":252,"column":35}},{"start":{"line":252,"column":35},"end":{"line":252,"column":63}}],"line":252},"42":{"loc":{"start":{"line":268,"column":4},"end":{"line":270,"column":null}},"type":"if","locations":[{"start":{"line":268,"column":4},"end":{"line":270,"column":null}},{"start":{},"end":{}}],"line":268},"43":{"loc":{"start":{"line":268,"column":8},"end":{"line":268,"column":61}},"type":"binary-expr","locations":[{"start":{"line":268,"column":8},"end":{"line":268,"column":36}},{"start":{"line":268,"column":36},"end":{"line":268,"column":61}}],"line":268},"44":{"loc":{"start":{"line":324,"column":4},"end":{"line":324,"column":null}},"type":"if","locations":[{"start":{"line":324,"column":4},"end":{"line":324,"column":null}},{"start":{},"end":{}}],"line":324},"45":{"loc":{"start":{"line":339,"column":2},"end":{"line":343,"column":null}},"type":"if","locations":[{"start":{"line":339,"column":2},"end":{"line":343,"column":null}},{"start":{"line":341,"column":9},"end":{"line":343,"column":null}}],"line":339},"46":{"loc":{"start":{"line":355,"column":2},"end":{"line":357,"column":null}},"type":"if","locations":[{"start":{"line":355,"column":2},"end":{"line":357,"column":null}},{"start":{},"end":{}}],"line":355},"47":{"loc":{"start":{"line":386,"column":4},"end":{"line":388,"column":null}},"type":"if","locations":[{"start":{"line":386,"column":4},"end":{"line":388,"column":null}},{"start":{},"end":{}}],"line":386},"48":{"loc":{"start":{"line":391,"column":6},"end":{"line":393,"column":null}},"type":"if","locations":[{"start":{"line":391,"column":6},"end":{"line":393,"column":null}},{"start":{},"end":{}}],"line":391},"49":{"loc":{"start":{"line":391,"column":10},"end":{"line":391,"column":58}},"type":"binary-expr","locations":[{"start":{"line":391,"column":10},"end":{"line":391,"column":19}},{"start":{"line":391,"column":19},"end":{"line":391,"column":31}},{"start":{"line":391,"column":31},"end":{"line":391,"column":58}}],"line":391},"50":{"loc":{"start":{"line":407,"column":2},"end":{"line":407,"column":null}},"type":"default-arg","locations":[{"start":{"line":407,"column":21},"end":{"line":407,"column":null}}],"line":407},"51":{"loc":{"start":{"line":438,"column":8},"end":{"line":440,"column":null}},"type":"if","locations":[{"start":{"line":438,"column":8},"end":{"line":440,"column":null}},{"start":{},"end":{}}],"line":438},"52":{"loc":{"start":{"line":438,"column":12},"end":{"line":438,"column":80}},"type":"binary-expr","locations":[{"start":{"line":438,"column":12},"end":{"line":438,"column":35}},{"start":{"line":438,"column":35},"end":{"line":438,"column":58}},{"start":{"line":438,"column":58},"end":{"line":438,"column":80}}],"line":438},"53":{"loc":{"start":{"line":475,"column":66},"end":{"line":475,"column":98}},"type":"default-arg","locations":[{"start":{"line":475,"column":82},"end":{"line":475,"column":98}}],"line":475},"54":{"loc":{"start":{"line":476,"column":2},"end":{"line":476,"column":null}},"type":"if","locations":[{"start":{"line":476,"column":2},"end":{"line":476,"column":null}},{"start":{},"end":{}}],"line":476},"55":{"loc":{"start":{"line":493,"column":4},"end":{"line":499,"column":null}},"type":"if","locations":[{"start":{"line":493,"column":4},"end":{"line":499,"column":null}},{"start":{"line":495,"column":4},"end":{"line":499,"column":null}}],"line":493},"56":{"loc":{"start":{"line":493,"column":8},"end":{"line":493,"column":54}},"type":"binary-expr","locations":[{"start":{"line":493,"column":8},"end":{"line":493,"column":21}},{"start":{"line":493,"column":21},"end":{"line":493,"column":54}}],"line":493},"57":{"loc":{"start":{"line":495,"column":4},"end":{"line":499,"column":null}},"type":"if","locations":[{"start":{"line":495,"column":4},"end":{"line":499,"column":null}},{"start":{"line":497,"column":4},"end":{"line":499,"column":null}}],"line":495},"58":{"loc":{"start":{"line":497,"column":4},"end":{"line":499,"column":null}},"type":"if","locations":[{"start":{"line":497,"column":4},"end":{"line":499,"column":null}},{"start":{},"end":{}}],"line":497},"59":{"loc":{"start":{"line":513,"column":40},"end":{"line":513,"column":78}},"type":"binary-expr","locations":[{"start":{"line":513,"column":40},"end":{"line":513,"column":73}},{"start":{"line":513,"column":73},"end":{"line":513,"column":78}}],"line":513},"60":{"loc":{"start":{"line":514,"column":27},"end":{"line":514,"column":62}},"type":"binary-expr","locations":[{"start":{"line":514,"column":27},"end":{"line":514,"column":56}},{"start":{"line":514,"column":56},"end":{"line":514,"column":62}}],"line":514},"61":{"loc":{"start":{"line":528,"column":31},"end":{"line":528,"column":69}},"type":"binary-expr","locations":[{"start":{"line":528,"column":31},"end":{"line":528,"column":64}},{"start":{"line":528,"column":64},"end":{"line":528,"column":69}}],"line":528},"62":{"loc":{"start":{"line":533,"column":4},"end":{"line":533,"column":null}},"type":"if","locations":[{"start":{"line":533,"column":4},"end":{"line":533,"column":null}},{"start":{},"end":{}}],"line":533},"63":{"loc":{"start":{"line":551,"column":2},"end":{"line":557,"column":null}},"type":"if","locations":[{"start":{"line":551,"column":2},"end":{"line":557,"column":null}},{"start":{},"end":{}}],"line":551},"64":{"loc":{"start":{"line":566,"column":62},"end":{"line":566,"column":94}},"type":"default-arg","locations":[{"start":{"line":566,"column":78},"end":{"line":566,"column":94}}],"line":566},"65":{"loc":{"start":{"line":583,"column":2},"end":{"line":583,"column":null}},"type":"default-arg","locations":[{"start":{"line":583,"column":18},"end":{"line":583,"column":null}}],"line":583},"66":{"loc":{"start":{"line":584,"column":2},"end":{"line":584,"column":null}},"type":"default-arg","locations":[{"start":{"line":584,"column":27},"end":{"line":584,"column":null}}],"line":584},"67":{"loc":{"start":{"line":593,"column":13},"end":{"line":593,"column":null}},"type":"binary-expr","locations":[{"start":{"line":593,"column":13},"end":{"line":593,"column":47}},{"start":{"line":593,"column":47},"end":{"line":593,"column":null}}],"line":593},"68":{"loc":{"start":{"line":622,"column":4},"end":{"line":624,"column":null}},"type":"if","locations":[{"start":{"line":622,"column":4},"end":{"line":624,"column":null}},{"start":{},"end":{}}],"line":622},"69":{"loc":{"start":{"line":622,"column":8},"end":{"line":622,"column":45}},"type":"binary-expr","locations":[{"start":{"line":622,"column":8},"end":{"line":622,"column":21}},{"start":{"line":622,"column":21},"end":{"line":622,"column":45}}],"line":622},"70":{"loc":{"start":{"line":630,"column":9},"end":{"line":630,"column":null}},"type":"cond-expr","locations":[{"start":{"line":630,"column":17},"end":{"line":630,"column":44}},{"start":{"line":630,"column":44},"end":{"line":630,"column":null}}],"line":630},"71":{"loc":{"start":{"line":640,"column":2},"end":{"line":642,"column":null}},"type":"if","locations":[{"start":{"line":640,"column":2},"end":{"line":642,"column":null}},{"start":{},"end":{}}],"line":640},"72":{"loc":{"start":{"line":718,"column":2},"end":{"line":723,"column":null}},"type":"if","locations":[{"start":{"line":718,"column":2},"end":{"line":723,"column":null}},{"start":{},"end":{}}],"line":718},"73":{"loc":{"start":{"line":718,"column":6},"end":{"line":718,"column":59}},"type":"binary-expr","locations":[{"start":{"line":718,"column":6},"end":{"line":718,"column":27}},{"start":{"line":718,"column":27},"end":{"line":718,"column":59}}],"line":718},"74":{"loc":{"start":{"line":720,"column":4},"end":{"line":722,"column":null}},"type":"if","locations":[{"start":{"line":720,"column":4},"end":{"line":722,"column":null}},{"start":{},"end":{}}],"line":720},"75":{"loc":{"start":{"line":738,"column":2},"end":{"line":740,"column":null}},"type":"if","locations":[{"start":{"line":738,"column":2},"end":{"line":740,"column":null}},{"start":{},"end":{}}],"line":738},"76":{"loc":{"start":{"line":750,"column":2},"end":{"line":752,"column":null}},"type":"if","locations":[{"start":{"line":750,"column":2},"end":{"line":752,"column":null}},{"start":{},"end":{}}],"line":750},"77":{"loc":{"start":{"line":769,"column":9},"end":{"line":769,"column":null}},"type":"binary-expr","locations":[{"start":{"line":769,"column":9},"end":{"line":769,"column":31}},{"start":{"line":769,"column":31},"end":{"line":769,"column":null}}],"line":769},"78":{"loc":{"start":{"line":784,"column":2},"end":{"line":784,"column":null}},"type":"default-arg","locations":[{"start":{"line":784,"column":19},"end":{"line":784,"column":null}}],"line":784},"79":{"loc":{"start":{"line":785,"column":2},"end":{"line":785,"column":null}},"type":"default-arg","locations":[{"start":{"line":785,"column":22},"end":{"line":785,"column":null}}],"line":785},"80":{"loc":{"start":{"line":826,"column":2},"end":{"line":833,"column":null}},"type":"if","locations":[{"start":{"line":826,"column":2},"end":{"line":833,"column":null}},{"start":{},"end":{}}],"line":826},"81":{"loc":{"start":{"line":836,"column":2},"end":{"line":843,"column":null}},"type":"if","locations":[{"start":{"line":836,"column":2},"end":{"line":843,"column":null}},{"start":{},"end":{}}],"line":836},"82":{"loc":{"start":{"line":846,"column":2},"end":{"line":853,"column":null}},"type":"if","locations":[{"start":{"line":846,"column":2},"end":{"line":853,"column":null}},{"start":{},"end":{}}],"line":846},"83":{"loc":{"start":{"line":856,"column":2},"end":{"line":863,"column":null}},"type":"if","locations":[{"start":{"line":856,"column":2},"end":{"line":863,"column":null}},{"start":{},"end":{}}],"line":856},"84":{"loc":{"start":{"line":867,"column":2},"end":{"line":874,"column":null}},"type":"if","locations":[{"start":{"line":867,"column":2},"end":{"line":874,"column":null}},{"start":{},"end":{}}],"line":867},"85":{"loc":{"start":{"line":867,"column":6},"end":{"line":867,"column":39}},"type":"binary-expr","locations":[{"start":{"line":867,"column":6},"end":{"line":867,"column":25}},{"start":{"line":867,"column":25},"end":{"line":867,"column":39}}],"line":867},"86":{"loc":{"start":{"line":877,"column":2},"end":{"line":884,"column":null}},"type":"if","locations":[{"start":{"line":877,"column":2},"end":{"line":884,"column":null}},{"start":{},"end":{}}],"line":877},"87":{"loc":{"start":{"line":888,"column":2},"end":{"line":895,"column":null}},"type":"if","locations":[{"start":{"line":888,"column":2},"end":{"line":895,"column":null}},{"start":{},"end":{}}],"line":888},"88":{"loc":{"start":{"line":888,"column":6},"end":{"line":888,"column":47}},"type":"binary-expr","locations":[{"start":{"line":888,"column":6},"end":{"line":888,"column":25}},{"start":{"line":888,"column":25},"end":{"line":888,"column":47}}],"line":888},"89":{"loc":{"start":{"line":898,"column":2},"end":{"line":905,"column":null}},"type":"if","locations":[{"start":{"line":898,"column":2},"end":{"line":905,"column":null}},{"start":{},"end":{}}],"line":898},"90":{"loc":{"start":{"line":908,"column":2},"end":{"line":915,"column":null}},"type":"if","locations":[{"start":{"line":908,"column":2},"end":{"line":915,"column":null}},{"start":{},"end":{}}],"line":908},"91":{"loc":{"start":{"line":918,"column":2},"end":{"line":925,"column":null}},"type":"if","locations":[{"start":{"line":918,"column":2},"end":{"line":925,"column":null}},{"start":{},"end":{}}],"line":918},"92":{"loc":{"start":{"line":935,"column":2},"end":{"line":935,"column":null}},"type":"default-arg","locations":[{"start":{"line":935,"column":22},"end":{"line":935,"column":null}}],"line":935},"93":{"loc":{"start":{"line":945,"column":37},"end":{"line":945,"column":72}},"type":"default-arg","locations":[{"start":{"line":945,"column":57},"end":{"line":945,"column":72}}],"line":945},"94":{"loc":{"start":{"line":949,"column":2},"end":{"line":949,"column":null}},"type":"if","locations":[{"start":{"line":949,"column":2},"end":{"line":949,"column":null}},{"start":{},"end":{}}],"line":949},"95":{"loc":{"start":{"line":950,"column":2},"end":{"line":950,"column":null}},"type":"if","locations":[{"start":{"line":950,"column":2},"end":{"line":950,"column":null}},{"start":{},"end":{}}],"line":950},"96":{"loc":{"start":{"line":967,"column":11},"end":{"line":967,"column":null}},"type":"binary-expr","locations":[{"start":{"line":967,"column":11},"end":{"line":967,"column":24}},{"start":{"line":967,"column":24},"end":{"line":967,"column":null}}],"line":967},"97":{"loc":{"start":{"line":985,"column":4},"end":{"line":985,"column":null}},"type":"if","locations":[{"start":{"line":985,"column":4},"end":{"line":985,"column":null}},{"start":{},"end":{}}],"line":985},"98":{"loc":{"start":{"line":992,"column":4},"end":{"line":1004,"column":null}},"type":"switch","locations":[{"start":{"line":993,"column":6},"end":{"line":995,"column":null}},{"start":{"line":996,"column":6},"end":{"line":998,"column":null}},{"start":{"line":999,"column":6},"end":{"line":1001,"column":null}},{"start":{"line":1002,"column":6},"end":{"line":1003,"column":null}}],"line":992},"99":{"loc":{"start":{"line":1020,"column":2},"end":{"line":1040,"column":null}},"type":"switch","locations":[{"start":{"line":1021,"column":4},"end":{"line":1027,"column":null}},{"start":{"line":1029,"column":4},"end":{"line":1033,"column":null}},{"start":{"line":1035,"column":4},"end":{"line":1039,"column":null}}],"line":1020},"100":{"loc":{"start":{"line":1023,"column":6},"end":{"line":1026,"column":null}},"type":"if","locations":[{"start":{"line":1023,"column":6},"end":{"line":1026,"column":null}},{"start":{},"end":{}}],"line":1023},"101":{"loc":{"start":{"line":1068,"column":4},"end":{"line":1068,"column":null}},"type":"cond-expr","locations":[{"start":{"line":1068,"column":32},"end":{"line":1068,"column":49}},{"start":{"line":1068,"column":49},"end":{"line":1068,"column":null}}],"line":1068},"102":{"loc":{"start":{"line":1077,"column":15},"end":{"line":1077,"column":72}},"type":"cond-expr","locations":[{"start":{"line":1077,"column":43},"end":{"line":1077,"column":60}},{"start":{"line":1077,"column":60},"end":{"line":1077,"column":72}}],"line":1077},"103":{"loc":{"start":{"line":1131,"column":26},"end":{"line":1131,"column":null}},"type":"cond-expr","locations":[{"start":{"line":1131,"column":47},"end":{"line":1131,"column":85}},{"start":{"line":1131,"column":85},"end":{"line":1131,"column":null}}],"line":1131},"104":{"loc":{"start":{"line":1136,"column":37},"end":{"line":1136,"column":null}},"type":"binary-expr","locations":[{"start":{"line":1136,"column":37},"end":{"line":1136,"column":53}},{"start":{"line":1136,"column":53},"end":{"line":1136,"column":null}}],"line":1136},"105":{"loc":{"start":{"line":1154,"column":2},"end":{"line":1154,"column":null}},"type":"if","locations":[{"start":{"line":1154,"column":2},"end":{"line":1154,"column":null}},{"start":{},"end":{}}],"line":1154}},"s":{"0":12,"1":12,"2":0,"3":19,"4":19,"5":19,"6":19,"7":19,"8":325,"9":325,"10":325,"11":4,"12":0,"13":0,"14":4,"15":321,"16":41,"17":41,"18":280,"19":19,"20":19,"21":12,"22":12,"23":12,"24":2,"25":12,"26":12,"27":12,"28":24,"29":24,"30":5,"31":19,"32":19,"33":18,"34":18,"35":18,"36":18,"37":18,"38":18,"39":18,"40":18,"41":0,"42":0,"43":0,"44":18,"45":18,"46":18,"47":18,"48":18,"49":1,"50":17,"51":0,"52":17,"53":0,"54":18,"55":1,"56":18,"57":18,"58":12,"59":16,"60":16,"61":16,"62":159,"63":159,"64":16,"65":0,"66":0,"67":0,"68":0,"69":0,"70":0,"71":0,"72":0,"73":0,"74":0,"75":0,"76":0,"77":0,"78":0,"79":0,"80":0,"81":0,"82":0,"83":0,"84":0,"85":0,"86":0,"87":0,"88":0,"89":0,"90":0,"91":0,"92":0,"93":5,"94":1,"95":4,"96":4,"97":4,"98":4,"99":4,"100":22,"101":4,"102":4,"103":4,"104":13,"105":4,"106":12,"107":4,"108":13,"109":4,"110":4,"111":4,"112":4,"113":4,"114":104,"115":24,"116":4,"117":4,"118":2,"119":0,"120":0,"121":0,"122":3,"123":3,"124":3,"125":3,"126":2,"127":0,"128":0,"129":0,"130":0,"131":0,"132":0,"133":0,"134":0,"135":0,"136":0,"137":0,"138":0,"139":0,"140":0,"141":0,"142":0,"143":0,"144":0,"145":0,"146":0,"147":0,"148":0,"149":0,"150":104,"151":0,"152":0,"153":0,"154":0,"155":0,"156":0,"157":0,"158":0,"159":0,"160":0,"161":0,"162":0,"163":0,"164":0,"165":0,"166":0,"167":0,"168":0,"169":0,"170":0,"171":0,"172":0,"173":0,"174":0,"175":0,"176":0,"177":0,"178":0,"179":0,"180":0,"181":0,"182":0,"183":0,"184":0,"185":0,"186":0,"187":0,"188":0,"189":0,"190":0,"191":0,"192":0,"193":0,"194":0,"195":0,"196":0,"197":0,"198":0,"199":0,"200":0,"201":0,"202":0,"203":0,"204":0,"205":0,"206":0,"207":0,"208":0,"209":0,"210":0,"211":0,"212":0,"213":0,"214":0,"215":0,"216":0,"217":0,"218":0,"219":0,"220":0,"221":0,"222":0,"223":0,"224":0,"225":0,"226":0,"227":0,"228":0,"229":0,"230":0,"231":0,"232":0,"233":0,"234":0,"235":0,"236":0,"237":0,"238":0,"239":0,"240":0,"241":0,"242":0,"243":0,"244":0,"245":0,"246":0,"247":0,"248":0,"249":0,"250":0,"251":0,"252":0,"253":0,"254":0,"255":0,"256":0,"257":0,"258":0,"259":0,"260":0,"261":0,"262":0,"263":0,"264":0,"265":0,"266":0,"267":0,"268":0,"269":0,"270":0,"271":0,"272":0,"273":0,"274":0,"275":0,"276":0,"277":0,"278":0,"279":0,"280":0,"281":0,"282":0,"283":0,"284":0,"285":0,"286":0,"287":0,"288":0,"289":0,"290":0,"291":0,"292":0,"293":0,"294":0,"295":0,"296":0,"297":0,"298":0,"299":0,"300":0,"301":0,"302":0,"303":0,"304":0,"305":0,"306":0,"307":0,"308":0,"309":0,"310":0,"311":0,"312":0,"313":0,"314":0,"315":0,"316":0,"317":0,"318":0,"319":0,"320":0,"321":0,"322":0,"323":0,"324":0,"325":0,"326":0,"327":0,"328":0,"329":0,"330":0,"331":0,"332":0,"333":0,"334":0,"335":0,"336":0,"337":0,"338":0,"339":0,"340":0,"341":0,"342":0,"343":0,"344":0,"345":0,"346":0,"347":0,"348":0,"349":0,"350":0,"351":0,"352":0,"353":0,"354":0,"355":0,"356":0,"357":0,"358":0,"359":0,"360":0,"361":0,"362":0,"363":0,"364":0,"365":0,"366":0,"367":0,"368":0,"369":0,"370":0,"371":0,"372":0,"373":0,"374":0,"375":0,"376":0,"377":0,"378":0,"379":0,"380":0,"381":0,"382":0,"383":0,"384":0,"385":0,"386":0,"387":0,"388":0,"389":0,"390":0,"391":0,"392":0,"393":0,"394":0,"395":0,"396":0,"397":0,"398":0,"399":0,"400":0,"401":0,"402":0,"403":0,"404":0,"405":0,"406":0,"407":0,"408":0,"409":0},"f":{"0":12,"1":19,"2":16,"3":0,"4":0,"5":0,"6":0,"7":0,"8":0,"9":5,"10":22,"11":12,"12":13,"13":0,"14":3,"15":0,"16":0,"17":0,"18":0,"19":0,"20":0,"21":104,"22":0,"23":0,"24":0,"25":0,"26":0,"27":0,"28":0,"29":0,"30":0,"31":0,"32":0,"33":0,"34":0,"35":0,"36":0,"37":0,"38":0,"39":0,"40":0,"41":0,"42":0,"43":0,"44":0,"45":0,"46":0,"47":0,"48":0,"49":0,"50":0,"51":0,"52":0,"53":0,"54":0,"55":0,"56":0,"57":0,"58":0,"59":0,"60":0,"61":0,"62":0,"63":0,"64":0,"65":0,"66":0,"67":0,"68":0,"69":0,"70":0,"71":0,"72":0,"73":0,"74":0,"75":0,"76":0,"77":0,"78":0,"79":0,"80":0,"81":0,"82":0,"83":0},"b":{"0":[0,12],"1":[4,321],"2":[0,4],"3":[4,2],"4":[41,280],"5":[321,43],"6":[2,10],"7":[12,10,10,10,10,10],"8":[5,19],"9":[24,21,20],"10":[18,1],"11":[18,0],"12":[18,0],"13":[18,0],"14":[18,17],"15":[0,18],"16":[0,0],"17":[0,0],"18":[0,0],"19":[0,0],"20":[18,17],"21":[18,17],"22":[18,17],"23":[1,17],"24":[18,18],"25":[0,17],"26":[17,17],"27":[0,17],"28":[17,17],"29":[1,17],"30":[18,1],"31":[18,0],"32":[18,18],"33":[0,0],"34":[0,0],"35":[0,0],"36":[0,0],"37":[0,0],"38":[0,0],"39":[1,4],"40":[5,4],"41":[4,13],"42":[24,80],"43":[104,95],"44":[0,0],"45":[0,0],"46":[0,0],"47":[0,0],"48":[0,0],"49":[0,0,0],"50":[0],"51":[0,0],"52":[0,0,0],"53":[0],"54":[0,0],"55":[0,0],"56":[0,0],"57":[0,0],"58":[0,0],"59":[0,0],"60":[0,0],"61":[0,0],"62":[0,0],"63":[0,0],"64":[0],"65":[0],"66":[0],"67":[0,0],"68":[0,0],"69":[0,0],"70":[0,0],"71":[0,0],"72":[0,0],"73":[0,0],"74":[0,0],"75":[0,0],"76":[0,0],"77":[0,0],"78":[0],"79":[0],"80":[0,0],"81":[0,0],"82":[0,0],"83":[0,0],"84":[0,0],"85":[0,0],"86":[0,0],"87":[0,0],"88":[0,0],"89":[0,0],"90":[0,0],"91":[0,0],"92":[0],"93":[0],"94":[0,0],"95":[0,0],"96":[0,0],"97":[0,0],"98":[0,0,0,0],"99":[0,0,0],"100":[0,0],"101":[0,0],"102":[0,0],"103":[0,0],"104":[0,0],"105":[0,0]},"meta":{"lastBranch":106,"lastFunction":84,"lastStatement":410,"seen":{"f:14:16:14:25":0,"s:15:16:15:Infinity":0,"b:16:2:16:Infinity:undefined:undefined:undefined:undefined":0,"s:16:2:16:Infinity":1,"s:16:26:16:Infinity":2,"f:21:11:21:24":1,"s:22:29:22:Infinity":3,"s:23:18:23:Infinity":4,"s:24:19:24:Infinity":5,"s:26:4:46:Infinity":6,"s:26:17:26:20":7,"s:27:19:27:Infinity":8,"s:28:23:28:Infinity":9,"b:30:6:45:Infinity:39:6:45:Infinity":1,"s:30:6:45:Infinity":10,"b:31:8:38:Infinity:35:15:38:Infinity":2,"s:31:8:38:Infinity":11,"b:31:12:31:24:31:24:31:42":3,"s:33:10:33:Infinity":12,"s:34:10:34:Infinity":13,"s:37:10:37:Infinity":14,"b:39:6:45:Infinity:43:13:45:Infinity":4,"s:39:6:45:Infinity":15,"b:39:17:39:33:39:33:39:44":5,"s:41:8:41:Infinity":16,"s:42:8:42:Infinity":17,"s:44:8:44:Infinity":18,"s:49:4:49:Infinity":19,"s:51:4:51:Infinity":20,"s:54:19:54:Infinity":21,"s:57:20:57:Infinity":22,"b:58:2:67:Infinity:undefined:undefined:undefined:undefined":6,"s:58:2:67:Infinity":23,"b:59:4:59:Infinity:60:4:60:Infinity:61:4:61:Infinity:62:4:62:Infinity:63:4:63:Infinity:64:4:64:Infinity":7,"s:66:4:66:Infinity":24,"s:69:32:69:Infinity":25,"s:71:2:136:Infinity":26,"s:71:15:71:27":27,"s:72:17:72:Infinity":28,"b:75:4:77:Infinity:undefined:undefined:undefined:undefined":8,"s:75:4:77:Infinity":29,"b:75:8:75:17:75:17:75:42:75:42:75:64":9,"s:76:6:76:Infinity":30,"s:79:20:79:Infinity":31,"b:81:4:135:Infinity:undefined:undefined:undefined:undefined":10,"s:81:4:135:Infinity":32,"s:82:19:82:Infinity":33,"b:82:19:82:33:82:33:82:Infinity":11,"s:83:22:83:Infinity":34,"b:83:22:83:36:83:36:83:Infinity":12,"s:84:22:84:Infinity":35,"b:84:22:84:36:84:36:84:Infinity":13,"s:85:24:85:Infinity":36,"b:85:24:85:38:85:38:85:Infinity":14,"s:88:25:88:Infinity":37,"s:89:26:89:Infinity":38,"s:90:26:90:Infinity":39,"b:92:6:102:Infinity:97:13:102:Infinity":15,"s:92:6:102:Infinity":40,"s:94:8:94:Infinity":41,"b:94:24:94:38:94:38:94:45":16,"b:94:45:94:59:94:59:94:Infinity":17,"s:95:8:95:Infinity":42,"b:95:24:95:38:95:38:95:Infinity":18,"s:96:8:96:Infinity":43,"b:96:24:96:38:96:38:96:Infinity":19,"s:99:8:99:Infinity":44,"b:99:23:99:37:99:37:99:Infinity":20,"s:100:8:100:Infinity":45,"b:100:24:100:38:100:38:100:Infinity":21,"s:101:8:101:Infinity":46,"b:101:24:101:38:101:38:101:Infinity":22,"s:105:23:105:Infinity":47,"b:106:6:112:Infinity:108:6:112:Infinity":23,"s:106:6:112:Infinity":48,"b:106:10:106:42:106:42:106:72":24,"s:107:8:107:Infinity":49,"b:108:6:112:Infinity:110:6:112:Infinity":25,"s:108:6:112:Infinity":50,"b:108:17:108:49:108:49:108:83":26,"s:109:8:109:Infinity":51,"b:110:6:112:Infinity:undefined:undefined:undefined:undefined":27,"s:110:6:112:Infinity":52,"b:110:17:110:49:110:49:110:79":28,"s:111:8:111:Infinity":53,"b:115:6:121:Infinity:undefined:undefined:undefined:undefined":29,"s:115:6:121:Infinity":54,"b:115:10:115:27:115:27:115:60":30,"s:116:8:120:Infinity":55,"b:123:6:134:Infinity:undefined:undefined:undefined:undefined":31,"s:123:6:134:Infinity":56,"b:123:10:123:18:123:18:123:27":32,"s:124:8:133:Infinity":57,"s:138:2:138:Infinity":58,"f:144:16:144:27":2,"s:145:19:145:Infinity":59,"s:146:2:149:Infinity":60,"s:146:15:146:36":61,"s:147:14:147:Infinity":62,"s:148:4:148:Infinity":63,"s:150:2:150:Infinity":64,"f:156:16:156:Infinity":3,"s:161:33:161:Infinity":65,"s:162:25:162:Infinity":66,"f:162:45:162:46":4,"s:162:57:162:77":67,"s:163:25:163:Infinity":68,"s:165:2:170:Infinity":69,"s:165:15:165:18":70,"b:165:18:165:47:165:47:165:72":33,"s:166:24:166:Infinity":71,"b:167:4:169:Infinity:undefined:undefined:undefined:undefined":34,"s:167:4:169:Infinity":72,"b:167:8:167:41:167:41:167:78":35,"s:168:6:168:Infinity":73,"s:173:2:175:Infinity":74
[...]
ne":138,"column":null}},"32":{"start":{"line":138,"column":26},"end":{"line":138,"column":null}},"33":{"start":{"line":140,"column":4},"end":{"line":144,"column":null}},"34":{"start":{"line":147,"column":2},"end":{"line":147,"column":null}},"35":{"start":{"line":154,"column":19},"end":{"line":154,"column":null}},"36":{"start":{"line":154,"column":47},"end":{"line":154,"column":59}},"37":{"start":{"line":155,"column":18},"end":{"line":155,"column":null}},"38":{"start":{"line":156,"column":2},"end":{"line":156,"column":null}},"39":{"start":{"line":163,"column":2},"end":{"line":163,"column":null}},"40":{"start":{"line":163,"column":31},"end":{"line":163,"column":46}},"41":{"start":{"line":170,"column":2},"end":{"line":170,"column":null}},"42":{"start":{"line":170,"column":28},"end":{"line":170,"column":50}},"43":{"start":{"line":180,"column":2},"end":{"line":180,"column":null}},"44":{"start":{"line":180,"column":30},"end":{"line":180,"column":52}},"45":{"start":{"line":190,"column":2},"end":{"line":190,"column":null}},"46":{"start":{"line":190,"column":28},"end":{"line":190,"column":44}},"47":{"start":{"line":197,"column":18},"end":{"line":197,"column":null}},"48":{"start":{"line":199,"column":2},"end":{"line":205,"column":null}},"49":{"start":{"line":200,"column":4},"end":{"line":204,"column":null}},"50":{"start":{"line":201,"column":6},"end":{"line":203,"column":null}},"51":{"start":{"line":202,"column":8},"end":{"line":202,"column":null}},"52":{"start":{"line":207,"column":2},"end":{"line":207,"column":null}},"53":{"start":{"line":214,"column":21},"end":{"line":214,"column":null}},"54":{"start":{"line":215,"column":18},"end":{"line":222,"column":null}},"55":{"start":{"line":217,"column":21},"end":{"line":217,"column":null}},"56":{"start":{"line":218,"column":6},"end":{"line":218,"column":null}},"57":{"start":{"line":219,"column":6},"end":{"line":219,"column":null}},"58":{"start":{"line":224,"column":15},"end":{"line":232,"column":null}},"59":{"start":{"line":226,"column":6},"end":{"line":228,"column":null}},"60":{"start":{"line":227,"column":8},"end":{"line":227,"column":null}},"61":{"start":{"line":229,"column":6},"end":{"line":229,"column":null}},"62":{"start":{"line":234,"column":2},"end":{"line":240,"column":null}},"63":{"start":{"line":238,"column":36},"end":{"line":238,"column":41}},"64":{"start":{"line":239,"column":41},"end":{"line":239,"column":51}}},"fnMap":{"0":{"name":"loadCustomQuestionState","decl":{"start":{"line":8,"column":16},"end":{"line":8,"column":63}},"loc":{"start":{"line":8,"column":63},"end":{"line":28,"column":null}},"line":8},"1":{"name":"saveCustomQuestionState","decl":{"start":{"line":33,"column":16},"end":{"line":33,"column":40}},"loc":{"start":{"line":33,"column":74},"end":{"line":39,"column":null}},"line":33},"2":{"name":"createCustomQuestionSet","decl":{"start":{"line":44,"column":16},"end":{"line":44,"column":null}},"loc":{"start":{"line":49,"column":21},"end":{"line":61,"column":null}},"line":49},"3":{"name":"addWordToSet","decl":{"start":{"line":66,"column":16},"end":{"line":66,"column":null}},"loc":{"start":{"line":70,"column":23},"end":{"line":91,"column":null}},"line":70},"4":{"name":"(anonymous_4)","decl":{"start":{"line":71,"column":30},"end":{"line":71,"column":31}},"loc":{"start":{"line":71,"column":39},"end":{"line":84,"column":3}},"line":71},"5":{"name":"(anonymous_5)","decl":{"start":{"line":75,"column":23},"end":{"line":75,"column":24}},"loc":{"start":{"line":75,"column":30},"end":{"line":75,"column":50}},"line":75},"6":{"name":"removeWordFromSet","decl":{"start":{"line":96,"column":16},"end":{"line":96,"column":null}},"loc":{"start":{"line":100,"column":23},"end":{"line":112,"column":null}},"line":100},"7":{"name":"(anonymous_7)","decl":{"start":{"line":101,"column":30},"end":{"line":101,"column":31}},"loc":{"start":{"line":101,"column":39},"end":{"line":109,"column":3}},"line":101},"8":{"name":"(anonymous_8)","decl":{"start":{"line":106,"column":30},"end":{"line":106,"column":31}},"loc":{"start":{"line":106,"column":37},"end":{"line":106,"column":57}},"line":106},"9":{"name":"deleteCustomQuestionSet","decl":{"start":{"line":117,"column":16},"end":{"line":117,"column":null}},"loc":{"start":{"line":120,"column":23},"end":{"line":127,"column":null}},"line":120},"10":{"name":"(anonymous_10)","decl":{"start":{"line":123,"column":28},"end":{"line":123,"column":29}},"loc":{"start":{"line":123,"column":37},"end":{"line":123,"column":53}},"line":123},"11":{"name":"(anonymous_11)","decl":{"start":{"line":125,"column":44},"end":{"line":125,"column":45}},"loc":{"start":{"line":125,"column":52},"end":{"line":125,"column":64}},"line":125},"12":{"name":"updateCustomQuestionSet","decl":{"start":{"line":132,"column":16},"end":{"line":132,"column":null}},"loc":{"start":{"line":136,"column":23},"end":{"line":148,"column":null}},"line":136},"13":{"name":"(anonymous_13)","decl":{"start":{"line":137,"column":30},"end":{"line":137,"column":31}},"loc":{"start":{"line":137,"column":39},"end":{"line":145,"column":3}},"line":137},"14":{"name":"updateRecentSetIds","decl":{"start":{"line":153,"column":9},"end":{"line":153,"column":28}},"loc":{"start":{"line":153,"column":77},"end":{"line":157,"column":null}},"line":153},"15":{"name":"(anonymous_15)","decl":{"start":{"line":154,"column":39},"end":{"line":154,"column":40}},"loc":{"start":{"line":154,"column":47},"end":{"line":154,"column":59}},"line":154},"16":{"name":"isWordInSet","decl":{"start":{"line":162,"column":16},"end":{"line":162,"column":28}},"loc":{"start":{"line":162,"column":75},"end":{"line":164,"column":null}},"line":162},"17":{"name":"(anonymous_17)","decl":{"start":{"line":163,"column":24},"end":{"line":163,"column":25}},"loc":{"start":{"line":163,"column":31},"end":{"line":163,"column":46}},"line":163},"18":{"name":"isWordInAnySets","decl":{"start":{"line":169,"column":16},"end":{"line":169,"column":32}},"loc":{"start":{"line":169,"column":82},"end":{"line":171,"column":null}},"line":169},"19":{"name":"(anonymous_19)","decl":{"start":{"line":170,"column":19},"end":{"line":170,"column":20}},"loc":{"start":{"line":170,"column":28},"end":{"line":170,"column":50}},"line":170},"20":{"name":"getSetsContainingWord","decl":{"start":{"line":176,"column":16},"end":{"line":176,"column":null}},"loc":{"start":{"line":179,"column":23},"end":{"line":181,"column":null}},"line":179},"21":{"name":"(anonymous_21)","decl":{"start":{"line":180,"column":21},"end":{"line":180,"column":22}},"loc":{"start":{"line":180,"column":30},"end":{"line":180,"column":52}},"line":180},"22":{"name":"getSetById","decl":{"start":{"line":186,"column":16},"end":{"line":186,"column":null}},"loc":{"start":{"line":189,"column":33},"end":{"line":191,"column":null}},"line":189},"23":{"name":"(anonymous_23)","decl":{"start":{"line":190,"column":19},"end":{"line":190,"column":20}},"loc":{"start":{"line":190,"column":28},"end":{"line":190,"column":44}},"line":190},"24":{"name":"getAllUniqueWords","decl":{"start":{"line":196,"column":16},"end":{"line":196,"column":34}},"loc":{"start":{"line":196,"column":75},"end":{"line":208,"column":null}},"line":196},"25":{"name":"(anonymous_25)","decl":{"start":{"line":199,"column":15},"end":{"line":199,"column":16}},"loc":{"start":{"line":199,"column":24},"end":{"line":205,"column":3}},"line":199},"26":{"name":"(anonymous_26)","decl":{"start":{"line":200,"column":22},"end":{"line":200,"column":23}},"loc":{"start":{"line":200,"column":32},"end":{"line":204,"column":5}},"line":200},"27":{"name":"getSetStatistics","decl":{"start":{"line":213,"column":16},"end":{"line":213,"column":33}},"loc":{"start":{"line":213,"column":57},"end":{"line":241,"column":null}},"line":213},"28":{"name":"(anonymous_28)","decl":{"start":{"line":216,"column":4},"end":{"line":216,"column":5}},"loc":{"start":{"line":216,"column":19},"end":{"line":220,"column":null}},"line":216},"29":{"name":"(anonymous_29)","decl":{"start":{"line":225,"column":4},"end":{"line":225,"column":5}},"loc":{"start":{"line":225,"column":19},"end":{"line":230,"column":null}},"line":225},"30":{"name":"(anonymous_30)","decl":{"start":{"line":226,"column":32},"end":{"line":226,"column":33}},"loc":{"start":{"line":226,"column":41},"end":{"line":228,"column":7}},"line":226},"31":{"name":"(anonymous_31)","decl":{"start":{"line":238,"column":29},"end":{"line":238,"column":30}},"loc":{"start":{"line":238,"column":36},"end":{"line":238,"column":41}},"line":238},"32":{"name":"(anonymous_32)","decl":{"start":{"line":239,"column":34},"end":{"line":239,"column":35}},"loc":{"start":{"line":239,"column":41},"end":{"line":239,"column":51}},"line":239}},"branchMap":{"0":{"loc":{"start":{"line":11,"column":4},"end":{"line":18,"column":null}},"type":"if","locations":[{"start":{"line":11,"column":4},"end":{"line":18,"column":null}},{"start":{},"end":{}}],"line":11},"1":{"loc":{"start":{"line":14,"column":14},"end":{"line":14,"column":null}},"type":"binary-expr","locations":[{"start":{"line":14,"column":14},"end":{"line":14,"column":29}},{"start":{"line":14,"column":29},"end":{"line":14,"column":null}}],"line":14},"2":{"loc":{"start":{"line":15,"column":21},"end":{"line":15,"column":null}},"type":"binary-expr","locations":[{"start":{"line":15,"column":21},"end":{"line":15,"column":43}},{"start":{"line":15,"column":43},"end":{"line":15,"column":null}}],"line":15},"3":{"loc":{"start":{"line":16,"column":22},"end":{"line":16,"column":null}},"type":"binary-expr","locations":[{"start":{"line":16,"column":22},"end":{"line":16,"column":45}},{"start":{"line":16,"column":45},"end":{"line":16,"column":null}}],"line":16},"4":{"loc":{"start":{"line":72,"column":4},"end":{"line":72,"column":null}},"type":"if","locations":[{"start":{"line":72,"column":4},"end":{"line":72,"column":null}},{"start":{},"end":{}}],"line":72},"5":{"loc":{"start":{"line":75,"column":4},"end":{"line":77,"column":null}},"type":"if","locations":[{"start":{"line":75,"column":4},"end":{"line":77,"column":null}},{"start":{},"end":{}}],"line":75},"6":{"loc":{"start":{"line":102,"column":4},"end":{"line":102,"column":null}},"type":"if","locations":[{"start":{"line":102,"column":4},"end":{"line":102,"column":null}},{"start":{},"end":{}}],"line":102},"7":{"loc":{"start":{"line":124,"column":17},"end":{"line":124,"column":null}},"type":"cond-expr","locations":[{"start":{"line":124,"column":47},"end":{"line":124,"column":54}},{"start":{"line":124,"column":54},"end":{"line":124,"column":null}}],"line":124},"8":{"loc":{"start":{"line":138,"column":4},"end":{"line":138,"column":null}},"type":"if","locations":[{"start":{"line":138,"column":4},"end":{"line":138,"column":null}},{"start":{},"end":{}}],"line":138},"9":{"loc":{"start":{"line":201,"column":6},"end":{"line":203,"column":null}},"type":"if","locations":[{"start":{"line":201,"column":6},"end":{"line":203,"column":null}},{"start":{},"end":{}}],"line":201},"10":{"loc":{"start":{"line":217,"column":21},"end":{"line":217,"column":null}},"type":"binary-expr","locations":[{"start":{"line":217,"column":21},"end":{"line":217,"column":36}},{"start":{"line":217,"column":36},"end":{"line":217,"column":null}}],"line":217},"11":{"loc":{"start":{"line":218,"column":21},"end":{"line":218,"column":41}},"type":"binary-expr","locations":[{"start":{"line":218,"column":21},"end":{"line":218,"column":36}},{"start":{"line":218,"column":36},"end":{"line":218,"column":41}}],"line":218},"12":{"loc":{"start":{"line":226,"column":7},"end":{"line":226,"column":24}},"type":"binary-expr","locations":[{"start":{"line":226,"column":7},"end":{"line":226,"column":20}},{"start":{"line":226,"column":20},"end":{"line":226,"column":24}}],"line":226},"13":{"loc":{"start":{"line":227,"column":20},"end":{"line":227,"column":37}},"type":"binary-expr","locations":[{"start":{"line":227,"column":20},"end":{"line":227,"column":32}},{"start":{"line":227,"column":32},"end":{"line":227,"column":37}}],"line":227}},"s":{"0":1,"1":4,"2":4,"3":4,"4":3,"5":3,"6":1,"7":2,"8":2,"9":2,"10":1,"11":5,"12":5,"13":4,"14":5,"15":2,"16":3,"17":1,"18":1,"19":2,"20":4,"21":0,"22":0,"23":0,"24":0,"25":0,"26":0,"27":0,"28":0,"29":0,"30":0,"31":0,"32":0,"33":0,"34":0,"35":4,"36":0,"37":4,"38":4,"39":18,"40":22,"41":4,"42":5,"43":3,"44":9,"45":3,"46":3,"47":3,"48":3,"49":3,"50":4,"51":3,"52":3,"53":3,"54":3,"55":6,"56":6,"57":6,"58":3,"59":6,"60":0,"61":6,"62":3,"63":6,"64":6},"f":{"0":4,"1":2,"2":5,"3":4,"4":5,"5":1,"6":0,"7":0,"8":0,"9":0,"10":0,"11":0,"12":0,"13":0,"14":4,"15":0,"16":18,"17":22,"18":4,"19":5,"20":3,"21":9,"22":3,"23":3,"24":3,"25":3,"26":4,"27":3,"28":6,"29":6,"30":0,"31":6,"32":6},"b":{"0":[3,1],"1":[3,0],"2":[3,1],"3":[3,1],"4":[2,3],"5":[1,2],"6":[0,0],"7":[0,0],"8":[0,0],"9":[3,1],"10":[6,0],"11":[6,4],"12":[6,6],"13":[0,0]},"meta":{"lastBranch":14,"lastFunction":33,"lastStatement":65,"seen":{"s:3:20:3:Infinity":0,"f:8:16:8:63":0,"s:9:2:21:Infinity":1,"s:10:19:10:Infinity":2,"b:11:4:18:Infinity:undefined:undefined:undefined:undefined":0,"s:11:4:18:Infinity":3,"s:12:21:12:Infinity":4,"s:13:6:17:Infinity":5,"b:14:14:14:29:14:29:14:Infinity":1,"b:15:21:15:43:15:43:15:Infinity":2,"b:16:22:16:45:16:45:16:Infinity":3,"s:20:4:20:Infinity":6,"s:23:2:27:Infinity":7,"f:33:16:33:40":1,"s:34:2:38:Infinity":8,"s:35:4:35:Infinity":9,"s:37:4:37:Infinity":10,"f:44:16:44:Infinity":2,"s:50:8:50:Infinity":11,"s:51:2:60:Infinity":12,"f:66:16:66:Infinity":3,"s:71:15:84:Infinity":13,"f:71:30:71:31":4,"b:72:4:72:Infinity:undefined:undefined:undefined:undefined":4,"s:72:4:72:Infinity":14,"s:72:26:72:Infinity":15,"b:75:4:77:Infinity:undefined:undefined:undefined:undefined":5,"s:75:4:77:Infinity":16,"f:75:23:75:24":5,"s:75:30:75:50":17,"s:76:6:76:Infinity":18,"s:79:4:83:Infinity":19,"s:86:2:90:Infinity":20,"f:96:16:96:Infinity":6,"s:101:15:109:Infinity":21,"f:101:30:101:31":7,"b:102:4:102:Infinity:undefined:undefined:undefined:undefined":6,"s:102:4:102:Infinity":22,"s:102:26:102:Infinity":23,"s:104:4:108:Infinity":24,"f:106:30:106:31":8,"s:106:37:106:57":25,"s:111:2:111:Infinity":26,"f:117:16:117:Infinity":9,"s:121:2:126:Infinity":27,"f:123:28:123:29":10,"s:123:37:123:53":28,"b:124:47:124:54:124:54:124:Infinity":7,"f:125:44:125:45":11,"s:125:52:125:64":29,"f:132:16:132:Infinity":12,"s:137:15:145:Infinity":30,"f:137:30:137:31":13,"b:138:4:138:Infinity:undefined:undefined:undefined:undefined":8,"s:138:4:138:Infinity":31,"s:138:26:138:Infinity":32,"s:140:4:144:Infinity":33,"s:147:2:147:Infinity":34,"f:153:9:153:28":14,"s:154:19:154:Infinity":35,"f:154:39:154:40":15,"s:154:47:154:59":36,"s:155:18:155:Infinity":37,"s:156:2:156:Infinity":38,"f:162:16:162:28":16,"s:163:2:163:Infinity":39,"f:163:24:163:25":17,"s:163:31:163:46":40,"f:169:16:169:32":18,"s:170:2:170:Infinity":41,"f:170:19:170:20":19,"s:170:28:170:50":42,"f:176:16:176:Infinity":20,"s:180:2:180:Infinity":43,"f:180:21:180:22":21,"s:180:30:180:52":44,"f:186:16:186:Infinity":22,"s:190:2:190:Infinity":45,"f:190:19:190:20":23,"s:190:28:190:44":46,"f:196:16:196:34":24,"s:197:18:197:Infinity":47,"s:199:2:205:Infinity":48,"f:199:15:199:16":25,"s:200:4:204:Infinity":49,"f:200:22:200:23":26,"b:201:6:203:Infinity:undefined:undefined:undefined:undefined":9,"s:201:6:203:Infinity":50,"s:202:8:202:Infinity":51,"s:207:2:207:Infinity":52,"f:213:16:213:33":27,"s:214:21:214:Infinity":53,"s:215:18:222:Infinity":54,"f:216:4:216:5":28,"s:217:21:217:Infinity":55,"b:217:21:217:36:217:36:217:Infinity":10,"s:218:6:218:Infinity":56,"b:218:21:218:36:218:36:218:41":11,"s:219:6:219:Infinity":57,"s:224:15:232:Infinity":58,"f:225:4:225:5":29,"s:226:6:228:Infinity":59,"b:226:7:226:20:226:20:226:24":12,"f:226:32:226:33":30,"s:227:8:227:Infinity":60,"b:227:20:227:32:227:32:227:37":13,"s:229:6:229:Infinity":61,"s:234:2:240:Infinity":62,"f:238:29:238:30":31,"s:238:36:238:41":63,"f:239:34:239:35":32,"s:239:41:239:51":64}}}
,"/Users/yuichinakamura/Documents/nanashi8-github-io-git/nanashi8.github.io/src/utils/logger.ts": {"path":"/Users/yuichinakamura/Documents/nanashi8-github-io-git/nanashi8.github.io/src/utils/logger.ts","statementMap":{"0":{"start":{"line":10,"column":22},"end":{"line":10,"column":null}},"1":{"start":{"line":12,"column":2},"end":{"line":13,"column":null}},"2":{"start":{"line":15,"column":22},"end":{"line":48,"column":null}},"3":{"start":{"line":18,"column":4},"end":{"line":20,"column":null}},"4":{"start":{"line":19,"column":6},"end":{"line":19,"column":null}},"5":{"start":{"line":25,"column":4},"end":{"line":27,"column":null}},"6":{"start":{"line":26,"column":6},"end":{"line":26,"column":null}},"7":{"start":{"line":32,"column":4},"end":{"line":32,"column":null}},"8":{"start":{"line":37,"column":4},"end":{"line":39,"column":null}},"9":{"start":{"line":38,"column":6},"end":{"line":38,"column":null}},"10":{"start":{"line":44,"column":4},"end":{"line":46,"column":null}},"11":{"start":{"line":45,"column":6},"end":{"line":45,"column":null}}},"fnMap":{"0":{"name":"(anonymous_0)","decl":{"start":{"line":16,"column":7},"end":{"line":16,"column":11}},"loc":{"start":{"line":16,"column":31},"end":{"line":21,"column":null}},"line":16},"1":{"name":"(anonymous_1)","decl":{"start":{"line":23,"column":8},"end":{"line":23,"column":12}},"loc":{"start":{"line":23,"column":32},"end":{"line":28,"column":null}},"line":23},"2":{"name":"(anonymous_2)","decl":{"start":{"line":30,"column":9},"end":{"line":30,"column":13}},"loc":{"start":{"line":30,"column":33},"end":{"line":33,"column":null}},"line":30},"3":{"name":"(anonymous_3)","decl":{"start":{"line":35,"column":9},"end":{"line":35,"column":13}},"loc":{"start":{"line":35,"column":33},"end":{"line":40,"column":null}},"line":35},"4":{"name":"(anonymous_4)","decl":{"start":{"line":42,"column":8},"end":{"line":42,"column":12}},"loc":{"start":{"line":42,"column":32},"end":{"line":47,"column":null}},"line":42}},"branchMap":{"0":{"loc":{"start":{"line":12,"column":2},"end":{"line":13,"column":null}},"type":"binary-expr","locations":[{"start":{"line":12,"column":2},"end":{"line":12,"column":null}},{"start":{"line":13,"column":2},"end":{"line":13,"column":null}}],"line":12},"1":{"loc":{"start":{"line":18,"column":4},"end":{"line":20,"column":null}},"type":"if","locations":[{"start":{"line":18,"column":4},"end":{"line":20,"column":null}},{"start":{},"end":{}}],"line":18},"2":{"loc":{"start":{"line":25,"column":4},"end":{"line":27,"column":null}},"type":"if","locations":[{"start":{"line":25,"column":4},"end":{"line":27,"column":null}},{"start":{},"end":{}}],"line":25},"3":{"loc":{"start":{"line":25,"column":8},"end":{"line":25,"column":38}},"type":"binary-expr","locations":[{"start":{"line":25,"column":8},"end":{"line":25,"column":25}},{"start":{"line":25,"column":25},"end":{"line":25,"column":38}}],"line":25},"4":{"loc":{"start":{"line":37,"column":4},"end":{"line":39,"column":null}},"type":"if","locations":[{"start":{"line":37,"column":4},"end":{"line":39,"column":null}},{"start":{},"end":{}}],"line":37},"5":{"loc":{"start":{"line":44,"column":4},"end":{"line":46,"column":null}},"type":"if","locations":[{"start":{"line":44,"column":4},"end":{"line":46,"column":null}},{"start":{},"end":{}}],"line":44}},"s":{"0":2,"1":2,"2":2,"3":0,"4":0,"5":1,"6":1,"7":0,"8":0,"9":0,"10":0,"11":0},"f":{"0":0,"1":1,"2":0,"3":0,"4":0},"b":{"0":[2,2],"1":[0,0],"2":[1,0],"3":[1,0],"4":[0,0],"5":[0,0]},"meta":{"lastBranch":6,"lastFunction":5,"lastStatement":12,"seen":{"s:10:22:10:Infinity":0,"s:12:2:13:Infinity":1,"b:12:2:12:Infinity:13:2:13:Infinity":0,"s:15:22:48:Infinity":2,"f:16:7:16:11":0,"b:18:4:20:Infinity:undefined:undefined:undefined:undefined":1,"s:18:4:20:Infinity":3,"s:19:6:19:Infinity":4,"f:23:8:23:12":1,"b:25:4:27:Infinity:undefined:undefined:undefined:undefined":2,"s:25:4:27:Infinity":5,"b:25:8:25:25:25:25:25:38":3,"s:26:6:26:Infinity":6,"f:30:9:30:13":2,"s:32:4:32:Infinity":7,"f:35:9:35:13":3,"b:37:4:39:Infinity:undefined:undefined:undefined:undefined":4,"s:37:4:39:Infinity":8,"s:38:6:38:Infinity":9,"f:42:8:42:12":4,"b:44:4:46:Infinity:undefined:undefined:undefined:undefined":5,"s:44:4:46:Infinity":10,"s:45:6:45:Infinity":11}}}
}
