TN:
SF:src/utils.ts
FN:14,parseCSV
FN:21,parseCSVLine
FN:144,shuffle
FN:156,generateChoices
FN:162,(anonymous_4)
FN:186,generateChoicesWithQuestions
FN:192,(anonymous_6)
FN:200,(anonymous_7)
FN:223,(anonymous_8)
FN:232,generateSpellingPuzzle
FN:249,(anonymous_10)
FN:256,(anonymous_11)
FN:259,(anonymous_12)
FN:292,saveQuestionSets
FN:306,formatLocalYYYYMMDD
FN:321,loadQuestionSets
FN:335,saveQuestionSet
FN:337,(anonymous_17)
FN:351,deleteQuestionSet
FN:353,(anonymous_19)
FN:359,(anonymous_20)
FN:367,generateId
FN:376,exportPassagesJSON
FN:383,importPassagesJSON
FN:405,downloadPassagesJSON
FN:424,exportQuestionSetCSV
FN:426,(anonymous_26)
FN:436,(anonymous_27)
FN:452,downloadQuestionSetCSV
FN:475,selectAdaptiveQuestions
FN:481,(anonymous_30)
FN:490,(anonymous_31)
FN:510,(anonymous_32)
FN:517,(anonymous_33)
FN:521,(anonymous_34)
FN:525,(anonymous_35)
FN:532,(anonymous_36)
FN:538,(anonymous_37)
FN:553,(anonymous_38)
FN:566,selectWeakQuestions
FN:569,(anonymous_40)
FN:570,(anonymous_41)
FN:571,(anonymous_42)
FN:573,(anonymous_43)
FN:581,selectReviewQuestions
FN:591,(anonymous_45)
FN:595,(anonymous_46)
FN:596,(anonymous_47)
FN:598,(anonymous_48)
FN:608,selectQuestionsByMasteryLevel
FN:615,(anonymous_50)
FN:616,(anonymous_51)
FN:618,(anonymous_52)
FN:638,classifyPhraseType
FN:719,(anonymous_54)
FN:737,(anonymous_55)
FN:749,(anonymous_56)
FN:761,getPhraseTypeLabel
FN:782,generateLearningPlan
FN:822,generateMilestones
FN:918,(anonymous_60)
FN:927,(anonymous_61)
FN:933,generate90DayPlan
FN:945,getPhase
FN:957,getUnlearnedWords
FN:961,(anonymous_65)
FN:965,(anonymous_66)
FN:974,getReviewDueWords
FN:979,(anonymous_68)
FN:983,(anonymous_69)
FN:1013,selectNewWordsForPhase
FN:1022,(anonymous_71)
FN:1025,(anonymous_72)
FN:1030,(anonymous_73)
FN:1031,(anonymous_74)
FN:1036,(anonymous_75)
FN:1037,(anonymous_76)
FN:1048,generateDailyPlan
FN:1114,calculateProgress
FN:1122,(anonymous_79)
FN:1125,(anonymous_80)
FN:1129,(anonymous_81)
FN:1149,calculateWeeklyAchievement
FN:1153,(anonymous_83)
FNF:84
FNH:32
FNDA:12,parseCSV
FNDA:19,parseCSVLine
FNDA:67,shuffle
FNDA:6,generateChoices
FNDA:27,(anonymous_4)
FNDA:7,generateChoicesWithQuestions
FNDA:32,(anonymous_6)
FNDA:6,(anonymous_7)
FNDA:14,(anonymous_8)
FNDA:5,generateSpellingPuzzle
FNDA:22,(anonymous_10)
FNDA:15,(anonymous_11)
FNDA:13,(anonymous_12)
FNDA:0,saveQuestionSets
FNDA:3,formatLocalYYYYMMDD
FNDA:0,loadQuestionSets
FNDA:0,saveQuestionSet
FNDA:0,(anonymous_17)
FNDA:0,deleteQuestionSet
FNDA:0,(anonymous_19)
FNDA:0,(anonymous_20)
FNDA:104,generateId
FNDA:0,exportPassagesJSON
FNDA:0,importPassagesJSON
FNDA:0,downloadPassagesJSON
FNDA:0,exportQuestionSetCSV
FNDA:0,(anonymous_26)
FNDA:0,(anonymous_27)
FNDA:0,downloadQuestionSetCSV
FNDA:5,selectAdaptiveQuestions
FNDA:0,(anonymous_30)
FNDA:27,(anonymous_31)
FNDA:0,(anonymous_32)
FNDA:0,(anonymous_33)
FNDA:0,(anonymous_34)
FNDA:27,(anonymous_35)
FNDA:50,(anonymous_36)
FNDA:7,(anonymous_37)
FNDA:27,(anonymous_38)
FNDA:3,selectWeakQuestions
FNDA:0,(anonymous_40)
FNDA:0,(anonymous_41)
FNDA:0,(anonymous_42)
FNDA:4,(anonymous_43)
FNDA:4,selectReviewQuestions
FNDA:0,(anonymous_45)
FNDA:0,(anonymous_46)
FNDA:0,(anonymous_47)
FNDA:6,(anonymous_48)
FNDA:6,selectQuestionsByMasteryLevel
FNDA:0,(anonymous_50)
FNDA:0,(anonymous_51)
FNDA:17,(anonymous_52)
FNDA:12,classifyPhraseType
FNDA:8,(anonymous_54)
FNDA:44,(anonymous_55)
FNDA:7,(anonymous_56)
FNDA:7,getPhraseTypeLabel
FNDA:0,generateLearningPlan
FNDA:0,generateMilestones
FNDA:0,(anonymous_60)
FNDA:0,(anonymous_61)
FNDA:0,generate90DayPlan
FNDA:0,getPhase
FNDA:0,getUnlearnedWords
FNDA:0,(anonymous_65)
FNDA:0,(anonymous_66)
FNDA:0,getReviewDueWords
FNDA:0,(anonymous_68)
FNDA:0,(anonymous_69)
FNDA:0,selectNewWordsForPhase
FNDA:0,(anonymous_71)
FNDA:0,(anonymous_72)
FNDA:0,(anonymous_73)
FNDA:0,(anonymous_74)
FNDA:0,(anonymous_75)
FNDA:0,(anonymous_76)
FNDA:0,generateDailyPlan
FNDA:0,calculateProgress
FNDA:0,(anonymous_79)
FNDA:0,(anonymous_80)
FNDA:0,(anonymous_81)
FNDA:0,calculateWeeklyAchievement
FNDA:0,(anonymous_83)
DA:15,12
DA:16,12
DA:22,19
DA:23,19
DA:24,19
DA:26,19
DA:27,325
DA:28,325
DA:30,325
DA:31,4
DA:33,0
DA:34,0
DA:37,4
DA:39,321
DA:41,41
DA:42,41
DA:44,280
DA:49,19
DA:51,19
DA:54,12
DA:57,12
DA:58,12
DA:66,2
DA:69,12
DA:71,12
DA:72,24
DA:75,24
DA:76,5
DA:79,19
DA:81,19
DA:82,18
DA:83,18
DA:84,18
DA:85,18
DA:88,18
DA:89,18
DA:90,18
DA:92,18
DA:94,0
DA:95,0
DA:96,0
DA:99,18
DA:100,18
DA:101,18
DA:105,18
DA:106,18
DA:107,1
DA:108,17
DA:109,0
DA:110,17
DA:111,0
DA:115,18
DA:116,1
DA:123,18
DA:124,18
DA:138,12
DA:145,67
DA:146,67
DA:147,254
DA:148,254
DA:150,67
DA:161,6
DA:162,27
DA:163,6
DA:165,6
DA:166,11
DA:167,11
DA:168,11
DA:173,6
DA:174,1
DA:178,6
DA:179,6
DA:191,7
DA:192,32
DA:193,7
DA:196,7
DA:197,13
DA:198,13
DA:200,6
DA:202,13
DA:207,13
DA:208,1
DA:221,7
DA:223,14
DA:226,7
DA:237,5
DA:238,1
DA:241,4
DA:242,4
DA:245,4
DA:246,4
DA:249,22
DA:250,4
DA:252,4
DA:253,13
DA:256,15
DA:259,13
DA:262,4
DA:263,4
DA:264,4
DA:266,4
DA:267,4
DA:268,104
DA:269,24
DA:274,4
DA:276,4
DA:287,5
DA:293,0
DA:294,0
DA:296,0
DA:307,3
DA:308,3
DA:309,3
DA:310,3
DA:316,5
DA:322,0
DA:323,0
DA:324,0
DA:325,0
DA:327,0
DA:328,0
DA:336,0
DA:337,0
DA:339,0
DA:340,0
DA:342,0
DA:345,0
DA:352,0
DA:353,0
DA:355,0
DA:356,0
DA:359,0
DA:360,0
DA:361,0
DA:368,104
DA:377,0
DA:384,0
DA:385,0
DA:386,0
DA:387,0
DA:390,0
DA:391,0
DA:392,0
DA:395,0
DA:397,0
DA:398,0
DA:409,0
DA:410,0
DA:411,0
DA:413,0
DA:414,0
DA:415,0
DA:416,0
DA:418,0
DA:425,0
DA:426,0
DA:427,0
DA:438,0
DA:439,0
DA:441,0
DA:446,0
DA:453,0
DA:454,0
DA:455,0
DA:457,0
DA:458,0
DA:459,0
DA:460,0
DA:462,0
DA:476,5
DA:479,4
DA:480,4
DA:481,4
DA:482,0
DA:486,4
DA:487,4
DA:488,4
DA:490,4
DA:491,27
DA:493,27
DA:494,27
DA:495,0
DA:496,0
DA:497,0
DA:498,0
DA:503,4
DA:504,4
DA:505,4
DA:507,4
DA:510,4
DA:511,0
DA:513,0
DA:514,0
DA:515,0
DA:517,4
DA:519,4
DA:521,0
DA:522,4
DA:525,4
DA:526,27
DA:528,27
DA:529,27
DA:532,4
DA:533,50
DA:534,50
DA:536,4
DA:538,7
DA:539,4
DA:542,4
DA:543,4
DA:547,4
DA:550,4
DA:551,4
DA:552,4
DA:553,27
DA:555,4
DA:556,4
DA:560,4
DA:567,3
DA:568,3
DA:569,0
DA:570,0
DA:571,0
DA:573,4
DA:575,3
DA:586,4
DA:587,4
DA:589,4
DA:590,4
DA:592,0
DA:593,0
DA:595,0
DA:596,0
DA:598,4
DA:599,6
DA:602,4
DA:613,6
DA:614,6
DA:615,0
DA:616,0
DA:618,6
DA:619,17
DA:622,17
DA:623,11
DA:626,6
DA:629,6
DA:630,6
DA:640,12
DA:641,2
DA:644,10
DA:645,10
DA:648,10
DA:694,10
DA:718,10
DA:719,8
DA:720,5
DA:721,3
DA:726,7
DA:737,44
DA:738,7
DA:739,4
DA:743,3
DA:749,7
DA:750,3
DA:751,2
DA:755,1
DA:762,7
DA:769,7
DA:787,0
DA:788,0
DA:791,0
DA:792,0
DA:793,0
DA:796,0
DA:798,0
DA:816,0
DA:823,0
DA:826,0
DA:827,0
DA:836,0
DA:837,0
DA:846,0
DA:847,0
DA:856,0
DA:857,0
DA:866,0
DA:867,0
DA:868,0
DA:877,0
DA:878,0
DA:887,0
DA:888,0
DA:889,0
DA:898,0
DA:899,0
DA:908,0
DA:909,0
DA:918,0
DA:919,0
DA:927,0
DA:937,0
DA:946,0
DA:947,0
DA:949,0
DA:950,0
DA:951,0
DA:958,0
DA:959,0
DA:961,0
DA:962,0
DA:965,0
DA:966,0
DA:967,0
DA:975,0
DA:976,0
DA:977,0
DA:979,0
DA:980,0
DA:983,0
DA:984,0
DA:985,0
DA:987,0
DA:992,0
DA:994,0
DA:995,0
DA:997,0
DA:998,0
DA:1000,0
DA:1001,0
DA:1003,0
DA:1006,0
DA:1020,0
DA:1022,0
DA:1023,0
DA:1025,0
DA:1027,0
DA:1030,0
DA:1031,0
DA:1032,0
DA:1033,0
DA:1036,0
DA:1037,0
DA:1038,0
DA:1039,0
DA:1042,0
DA:1052,0
DA:1053,0
DA:1056,0
DA:1059,0
DA:1062,0
DA:1063,0
DA:1066,0
DA:1067,0
DA:1073,0
DA:1074,0
DA:1075,0
DA:1083,0
DA:1120,0
DA:1122,0
DA:1124,0
DA:1125,0
DA:1129,0
DA:1131,0
DA:1134,0
DA:1135,0
DA:1136,0
DA:1138,0
DA:1150,0
DA:1151,0
DA:1153,0
DA:1154,0
DA:1156,0
LF:372
LH:186
BRDA:16,0,0,0
BRDA:16,0,1,12
BRDA:30,1,0,4
BRDA:30,1,1,321
BRDA:31,2,0,0
BRDA:31,2,1,4
BRDA:31,3,0,4
BRDA:31,3,1,2
BRDA:39,4,0,41
BRDA:39,4,1,280
BRDA:39,5,0,321
BRDA:39,5,1,43
BRDA:58,6,0,2
BRDA:58,6,1,10
BRDA:59,7,0,12
BRDA:59,7,1,10
BRDA:59,7,2,10
BRDA:59,7,3,10
BRDA:59,7,4,10
BRDA:59,7,5,10
BRDA:75,8,0,5
BRDA:75,8,1,19
BRDA:75,9,0,24
BRDA:75,9,1,21
BRDA:75,9,2,20
BRDA:81,10,0,18
BRDA:81,10,1,1
BRDA:82,11,0,18
BRDA:82,11,1,0
BRDA:83,12,0,18
BRDA:83,12,1,0
BRDA:84,13,0,18
BRDA:84,13,1,0
BRDA:85,14,0,18
BRDA:85,14,1,17
BRDA:92,15,0,0
BRDA:92,15,1,18
BRDA:94,16,0,0
BRDA:94,16,1,0
BRDA:94,17,0,0
BRDA:94,17,1,0
BRDA:95,18,0,0
BRDA:95,18,1,0
BRDA:96,19,0,0
BRDA:96,19,1,0
BRDA:99,20,0,18
BRDA:99,20,1,17
BRDA:100,21,0,18
BRDA:100,21,1,17
BRDA:101,22,0,18
BRDA:101,22,1,17
BRDA:106,23,0,1
BRDA:106,23,1,17
BRDA:106,24,0,18
BRDA:106,24,1,18
BRDA:108,25,0,0
BRDA:108,25,1,17
BRDA:108,26,0,17
BRDA:108,26,1,17
BRDA:110,27,0,0
BRDA:110,27,1,17
BRDA:110,28,0,17
BRDA:110,28,1,17
BRDA:115,29,0,1
BRDA:115,29,1,17
BRDA:115,30,0,18
BRDA:115,30,1,1
BRDA:123,31,0,18
BRDA:123,31,1,0
BRDA:123,32,0,18
BRDA:123,32,1,18
BRDA:165,33,0,6
BRDA:165,33,1,16
BRDA:167,34,0,11
BRDA:167,34,1,0
BRDA:167,35,0,11
BRDA:167,35,1,11
BRDA:196,36,0,7
BRDA:196,36,1,19
BRDA:198,37,0,13
BRDA:198,37,1,0
BRDA:199,38,0,13
BRDA:199,38,1,13
BRDA:237,39,0,1
BRDA:237,39,1,4
BRDA:237,40,0,5
BRDA:237,40,1,4
BRDA:252,41,0,4
BRDA:252,41,1,13
BRDA:268,42,0,24
BRDA:268,42,1,80
BRDA:268,43,0,104
BRDA:268,43,1,93
BRDA:324,44,0,0
BRDA:324,44,1,0
BRDA:339,45,0,0
BRDA:339,45,1,0
BRDA:355,46,0,0
BRDA:355,46,1,0
BRDA:386,47,0,0
BRDA:386,47,1,0
BRDA:391,48,0,0
BRDA:391,48,1,0
BRDA:391,49,0,0
BRDA:391,49,1,0
BRDA:391,49,2,0
BRDA:407,50,0,0
BRDA:438,51,0,0
BRDA:438,51,1,0
BRDA:438,52,0,0
BRDA:438,52,1,0
BRDA:438,52,2,0
BRDA:475,53,0,5
BRDA:476,54,0,1
BRDA:476,54,1,4
BRDA:493,55,0,27
BRDA:493,55,1,0
BRDA:493,56,0,27
BRDA:493,56,1,0
BRDA:495,57,0,0
BRDA:495,57,1,0
BRDA:497,58,0,0
BRDA:497,58,1,0
BRDA:513,59,0,0
BRDA:513,59,1,0
BRDA:514,60,0,0
BRDA:514,60,1,0
BRDA:528,61,0,27
BRDA:528,61,1,27
BRDA:533,62,0,0
BRDA:533,62,1,50
BRDA:551,63,0,4
BRDA:551,63,1,0
BRDA:566,64,0,3
BRDA:583,65,0,4
BRDA:584,66,0,4
BRDA:593,67,0,0
BRDA:593,67,1,0
BRDA:622,68,0,11
BRDA:622,68,1,6
BRDA:622,69,0,17
BRDA:622,69,1,17
BRDA:630,70,0,1
BRDA:630,70,1,5
BRDA:640,71,0,2
BRDA:640,71,1,10
BRDA:718,72,0,5
BRDA:718,72,1,5
BRDA:718,73,0,10
BRDA:718,73,1,10
BRDA:720,74,0,3
BRDA:720,74,1,2
BRDA:738,75,0,4
BRDA:738,75,1,3
BRDA:750,76,0,2
BRDA:750,76,1,1
BRDA:769,77,0,7
BRDA:769,77,1,2
BRDA:784,78,0,0
BRDA:785,79,0,0
BRDA:826,80,0,0
BRDA:826,80,1,0
BRDA:836,81,0,0
BRDA:836,81,1,0
BRDA:846,82,0,0
BRDA:846,82,1,0
BRDA:856,83,0,0
BRDA:856,83,1,0
BRDA:867,84,0,0
BRDA:867,84,1,0
BRDA:867,85,0,0
BRDA:867,85,1,0
BRDA:877,86,0,0
BRDA:877,86,1,0
BRDA:888,87,0,0
BRDA:888,87,1,0
BRDA:888,88,0,0
BRDA:888,88,1,0
BRDA:898,89,0,0
BRDA:898,89,1,0
BRDA:908,90,0,0
BRDA:908,90,1,0
BRDA:918,91,0,0
BRDA:918,91,1,0
BRDA:935,92,0,0
BRDA:945,93,0,0
BRDA:949,94,0,0
BRDA:949,94,1,0
BRDA:950,95,0,0
BRDA:950,95,1,0
BRDA:967,96,0,0
BRDA:967,96,1,0
BRDA:985,97,0,0
BRDA:985,97,1,0
BRDA:992,98,0,0
BRDA:992,98,1,0
BRDA:992,98,2,0
BRDA:992,98,3,0
BRDA:1020,99,0,0
BRDA:1020,99,1,0
BRDA:1020,99,2,0
BRDA:1023,100,0,0
BRDA:1023,100,1,0
BRDA:1068,101,0,0
BRDA:1068,101,1,0
BRDA:1077,102,0,0
BRDA:1077,102,1,0
BRDA:1131,103,0,0
BRDA:1131,103,1,0
BRDA:1136,104,0,0
BRDA:1136,104,1,0
BRDA:1154,105,0,0
BRDA:1154,105,1,0
BRF:213
BRH:106
end_of_record
TN:
SF:src/storage/indexedDB/indexedDBStorage.ts
FN:17,isIndexedDBSupported
FN:26,isPrivateMode
FN:31,(anonymous_2)
FN:32,(anonymous_3)
FN:37,(anonymous_4)
FN:47,initDB
FN:48,(anonymous_6)
FN:61,(anonymous_7)
FN:66,(anonymous_8)
FN:72,(anonymous_9)
FN:108,getFromDB
FN:111,(anonymous_11)
FN:116,(anonymous_12)
FN:117,(anonymous_13)
FN:126,putToDB
FN:129,(anonymous_15)
FN:134,(anonymous_16)
FN:135,(anonymous_17)
FN:144,deleteFromDB
FN:147,(anonymous_19)
FN:152,(anonymous_20)
FN:153,(anonymous_21)
FN:162,getAllFromDB
FN:165,(anonymous_23)
FN:170,(anonymous_24)
FN:171,(anonymous_25)
FN:180,queryByIndex
FN:188,(anonymous_27)
FN:195,(anonymous_28)
FN:205,(anonymous_29)
FN:214,clearStore
FN:217,(anonymous_31)
FN:222,(anonymous_32)
FN:223,(anonymous_33)
FN:232,getStorageEstimate
FN:248,getCount
FN:251,(anonymous_36)
FN:256,(anonymous_37)
FN:257,(anonymous_38)
FN:266,deleteDatabase
FN:267,(anonymous_40)
FN:274,(anonymous_41)
FN:278,(anonymous_42)
FNF:43
FNH:0
FNDA:0,isIndexedDBSupported
FNDA:0,isPrivateMode
FNDA:0,(anonymous_2)
FNDA:0,(anonymous_3)
FNDA:0,(anonymous_4)
FNDA:0,initDB
FNDA:0,(anonymous_6)
FNDA:0,(anonymous_7)
FNDA:0,(anonymous_8)
FNDA:0,(anonymous_9)
FNDA:0,getFromDB
FNDA:0,(anonymous_11)
FNDA:0,(anonymous_12)
FNDA:0,(anonymous_13)
FNDA:0,putToDB
FNDA:0,(anonymous_15)
FNDA:0,(anonymous_16)
FNDA:0,(anonymous_17)
FNDA:0,deleteFromDB
FNDA:0,(anonymous_19)
FNDA:0,(anonymous_20)
FNDA:0,(anonymous_21)
FNDA:0,getAllFromDB
FNDA:0,(anonymous_23)
FNDA:0,(anonymous_24)
FNDA:0,(anonymous_25)
FNDA:0,queryByIndex
FNDA:0,(anonymous_27)
FNDA:0,(anonymous_28)
FNDA:0,(anonymous_29)
FNDA:0,clearStore
FNDA:0,(anonymous_31)
FNDA:0,(anonymous_32)
FNDA:0,(anonymous_33)
FNDA:0,getStorageEstimate
FNDA:0,getCount
FNDA:0,(anonymous_36)
FNDA:0,(anonymous_37)
FNDA:0,(anonymous_38)
FNDA:0,deleteDatabase
FNDA:0,(anonymous_40)
FNDA:0,(anonymous_41)
FNDA:0,(anonymous_42)
DA:5,5
DA:6,5
DA:9,5
DA:18,0
DA:19,0
DA:21,0
DA:27,0
DA:29,0
DA:30,0
DA:31,0
DA:32,0
DA:33,0
DA:34,0
DA:35,0
DA:37,0
DA:40,0
DA:45,5
DA:48,0
DA:49,0
DA:50,0
DA:51,0
DA:54,0
DA:55,0
DA:56,0
DA:59,0
DA:61,0
DA:62,0
DA:63,0
DA:66,0
DA:67,0
DA:68,0
DA:69,0
DA:72,0
DA:73,0
DA:76,0
DA:77,0
DA:81,0
DA:82,0
DA:86,0
DA:87,0
DA:88,0
DA:92,0
DA:93,0
DA:94,0
DA:98,0
DA:99,0
DA:102,0
DA:109,0
DA:110,0
DA:111,0
DA:112,0
DA:113,0
DA:114,0
DA:116,0
DA:117,0
DA:120,0
DA:121,0
DA:127,0
DA:128,0
DA:129,0
DA:130,0
DA:131,0
DA:132,0
DA:134,0
DA:135,0
DA:138,0
DA:139,0
DA:145,0
DA:146,0
DA:147,0
DA:148,0
DA:149,0
DA:150,0
DA:152,0
DA:153,0
DA:156,0
DA:157,0
DA:163,0
DA:164,0
DA:165,0
DA:166,0
DA:167,0
DA:168,0
DA:170,0
DA:171,0
DA:174,0
DA:175,0
DA:186,0
DA:187,0
DA:188,0
DA:189,0
DA:190,0
DA:191,0
DA:192,0
DA:193,0
DA:195,0
DA:196,0
DA:197,0
DA:198,0
DA:199,0
DA:201,0
DA:205,0
DA:208,0
DA:209,0
DA:215,0
DA:216,0
DA:217,0
DA:218,0
DA:219,0
DA:220,0
DA:222,0
DA:223,0
DA:226,0
DA:227,0
DA:233,0
DA:234,0
DA:235,0
DA:236,0
DA:241,0
DA:244,0
DA:249,0
DA:250,0
DA:251,0
DA:252,0
DA:253,0
DA:254,0
DA:256,0
DA:257,0
DA:260,0
DA:261,0
DA:267,0
DA:268,0
DA:269,0
DA:270,0
DA:273,0
DA:274,0
DA:275,0
DA:276,0
DA:278,0
DA:279,0
DA:280,0
LF:141
LH:4
BRDA:19,0,0,0
BRDA:19,0,1,0
BRDA:27,1,0,0
BRDA:27,1,1,0
BRDA:49,2,0,0
BRDA:49,2,1,0
BRDA:54,3,0,0
BRDA:54,3,1,0
BRDA:76,4,0,0
BRDA:76,4,1,0
BRDA:81,5,0,0
BRDA:81,5,1,0
BRDA:92,6,0,0
BRDA:92,6,1,0
BRDA:98,7,0,0
BRDA:98,7,1,0
BRDA:116,8,0,0
BRDA:116,8,1,0
BRDA:132,9,0,0
BRDA:132,9,1,0
BRDA:170,10,0,0
BRDA:170,10,1,0
BRDA:197,11,0,0
BRDA:197,11,1,0
BRDA:197,12,0,0
BRDA:197,12,1,0
BRDA:197,12,2,0
BRDA:233,13,0,0
BRDA:233,13,1,0
BRDA:233,14,0,0
BRDA:233,14,1,0
BRDA:237,15,0,0
BRDA:237,15,1,0
BRDA:238,16,0,0
BRDA:238,16,1,0
BRDA:268,17,0,0
BRDA:268,17,1,0
BRF:37
BRH:0
end_of_record
TN:
SF:src/storage/manager/storageManager.ts
FN:15,initStorageStrategy
FN:21,saveProgressData
FN:45,loadProgressData
FN:67,saveSetting
FN:88,loadSetting
FN:108,saveToLocalStorage
FN:119,loadFromLocalStorage
FN:129,getStorageUsage
FNF:8
FNH:1
FNDA:0,initStorageStrategy
FNDA:1,saveProgressData
FNDA:0,loadProgressData
FNDA:0,saveSetting
FNDA:0,loadSetting
FNDA:0,saveToLocalStorage
FNDA:0,loadFromLocalStorage
FNDA:0,getStorageUsage
DA:13,5
DA:16,0
DA:17,0
DA:22,1
DA:23,1
DA:25,0
DA:28,1
DA:29,1
DA:32,0
DA:34,0
DA:35,0
DA:36,0
DA:38,0
DA:39,0
DA:46,0
DA:47,0
DA:49,0
DA:50,0
DA:53,0
DA:54,0
DA:57,0
DA:58,0
DA:61,0
DA:62,0
DA:68,0
DA:69,0
DA:70,0
DA:72,0
DA:73,0
DA:76,0
DA:78,0
DA:79,0
DA:80,0
DA:82,0
DA:89,0
DA:90,0
DA:91,0
DA:92,0
DA:95,0
DA:96,0
DA:98,0
DA:99,0
DA:102,0
DA:103,0
DA:109,0
DA:110,0
DA:111,0
DA:113,0
DA:114,0
DA:120,0
DA:121,0
DA:123,0
DA:124,0
DA:130,0
DA:132,0
DA:133,0
DA:134,0
DA:135,0
DA:136,0
DA:137,0
DA:138,0
DA:143,0
DA:146,0
LF:63
LH:5
BRDA:16,0,0,0
BRDA:16,0,1,0
BRDA:17,1,0,0
BRDA:17,1,1,0
BRDA:23,2,0,0
BRDA:23,2,1,1
BRDA:47,3,0,0
BRDA:47,3,1,0
BRDA:50,4,0,0
BRDA:50,4,1,0
BRDA:54,5,0,0
BRDA:54,5,1,0
BRDA:58,6,0,0
BRDA:58,6,1,0
BRDA:69,7,0,0
BRDA:69,7,1,0
BRDA:72,8,0,0
BRDA:72,8,1,0
BRDA:79,9,0,0
BRDA:79,9,1,0
BRDA:90,10,0,0
BRDA:90,10,1,0
BRDA:92,11,0,0
BRDA:92,11,1,0
BRDA:96,12,0,0
BRDA:96,12,1,0
BRDA:99,13,0,0
BRDA:99,13,1,0
BRDA:110,14,0,0
BRDA:110,14,1,0
BRDA:135,15,0,0
BRDA:135,15,1,0
BRDA:137,16,0,0
BRDA:137,16,1,0
BRF:34
BRH:1
end_of_record
TN:
SF:src/storage/migration/dataMigration.ts
FN:16,isMigrationCompleted
FN:26,setMigrationCompleted
FN:36,getLocalStorageData
FN:60,getLocalStorageRawData
FN:70,migrateProgressData
FN:132,migrateSessionHistory
FN:166,migrateDailyStats
FN:206,migrateSettings
FN:294,verifyMigration
FN:319,migrateToIndexedDB
FN:348,(anonymous_10)
FN:357,(anonymous_11)
FN:383,resetMigrationFlag
FN:393,getMigrationInfo
FNF:14
FNH:0
FNDA:0,isMigrationCompleted
FNDA:0,setMigrationCompleted
FNDA:0,getLocalStorageData
FNDA:0,getLocalStorageRawData
FNDA:0,migrateProgressData
FNDA:0,migrateSessionHistory
FNDA:0,migrateDailyStats
FNDA:0,migrateSettings
FNDA:0,verifyMigration
FNDA:0,migrateToIndexedDB
FNDA:0,(anonymous_10)
FNDA:0,(anonymous_11)
FNDA:0,resetMigrationFlag
FNDA:0,getMigrationInfo
DA:12,5
DA:13,5
DA:17,0
DA:18,0
DA:19,0
DA:21,0
DA:27,0
DA:28,0
DA:29,0
DA:31,0
DA:37,0
DA:38,0
DA:39,0
DA:42,0
DA:48,0
DA:51,0
DA:54,0
DA:55,0
DA:61,0
DA:62,0
DA:64,0
DA:65,0
DA:71,0
DA:72,0
DA:73,0
DA:75,0
DA:76,0
DA:78,0
DA:79,0
DA:81,0
DA:82,0
DA:93,0
DA:94,0
DA:97,0
DA:98,0
DA:103,0
DA:107,0
DA:108,0
DA:123,0
DA:124,0
DA:126,0
DA:127,0
DA:133,0
DA:134,0
DA:135,0
DA:137,0
DA:138,0
DA:139,0
DA:141,0
DA:143,0
DA:144,0
DA:150,0
DA:155,0
DA:156,0
DA:158,0
DA:160,0
DA:161,0
DA:167,0
DA:168,0
DA:169,0
DA:170,0
DA:171,0
DA:174,0
DA:175,0
DA:176,0
DA:177,0
DA:178,0
DA:180,0
DA:182,0
DA:183,0
DA:184,0
DA:185,0
DA:189,0
DA:190,0
DA:195,0
DA:196,0
DA:198,0
DA:200,0
DA:201,0
DA:207,0
DA:209,0
DA:217,0
DA:222,0
DA:225,0
DA:226,0
DA:228,0
DA:229,0
DA:230,0
DA:233,0
DA:234,0
DA:235,0
DA:236,0
DA:239,0
DA:244,0
DA:245,0
DA:246,0
DA:247,0
DA:248,0
DA:249,0
DA:252,0
DA:257,0
DA:258,0
DA:259,0
DA:260,0
DA:262,0
DA:263,0
DA:264,0
DA:265,0
DA:266,0
DA:269,0
DA:272,0
DA:273,0
DA:274,0
DA:275,0
DA:276,0
DA:279,0
DA:283,0
DA:284,0
DA:286,0
DA:288,0
DA:289,0
DA:295,0
DA:297,0
DA:299,0
DA:300,0
DA:301,0
DA:305,0
DA:306,0
DA:307,0
DA:310,0
DA:311,0
DA:313,0
DA:314,0
DA:321,0
DA:322,0
DA:323,0
DA:327,0
DA:328,0
DA:329,0
DA:332,0
DA:334,0
DA:336,0
DA:339,0
DA:347,0
DA:348,0
DA:349,0
DA:350,0
DA:355,0
DA:357,0
DA:359,0
DA:361,0
DA:363,0
DA:364,0
DA:365,0
DA:367,0
DA:368,0
DA:369,0
DA:372,0
DA:373,0
DA:374,0
DA:377,0
DA:378,0
DA:384,0
DA:385,0
DA:386,0
DA:388,0
DA:398,0
LF:167
LH:2
BRDA:39,0,0,0
BRDA:39,0,1,0
BRDA:42,1,0,0
BRDA:42,1,1,0
BRDA:43,2,0,0
BRDA:43,2,1,0
BRDA:43,2,2,0
BRDA:43,2,3,0
BRDA:73,3,0,0
BRDA:73,3,1,0
BRDA:75,4,0,0
BRDA:75,4,1,0
BRDA:78,5,0,0
BRDA:78,5,1,0
BRDA:81,6,0,0
BRDA:81,6,1,0
BRDA:93,7,0,0
BRDA:93,7,1,0
BRDA:100,8,0,0
BRDA:100,8,1,0
BRDA:141,9,0,0
BRDA:141,9,1,0
BRDA:141,10,0,0
BRDA:141,10,1,0
BRDA:155,11,0,0
BRDA:155,11,1,0
BRDA:176,12,0,0
BRDA:176,12,1,0
BRDA:176,13,0,0
BRDA:176,13,1,0
BRDA:180,14,0,0
BRDA:180,14,1,0
BRDA:183,15,0,0
BRDA:183,15,1,0
BRDA:195,16,0,0
BRDA:195,16,1,0
BRDA:195,17,0,0
BRDA:195,17,1,0
BRDA:228,18,0,0
BRDA:228,18,1,0
BRDA:234,19,0,0
BRDA:234,19,1,0
BRDA:247,20,0,0
BRDA:247,20,1,0
BRDA:264,21,0,0
BRDA:264,21,1,0
BRDA:274,22,0,0
BRDA:274,22,1,0
BRDA:283,23,0,0
BRDA:283,23,1,0
BRDA:299,24,0,0
BRDA:299,24,1,0
BRDA:305,25,0,0
BRDA:305,25,1,0
BRDA:305,26,0,0
BRDA:305,26,1,0
BRDA:321,27,0,0
BRDA:321,27,1,0
BRDA:327,28,0,0
BRDA:327,28,1,0
BRDA:349,29,0,0
BRDA:349,29,1,0
BRDA:357,30,0,0
BRDA:357,30,1,0
BRDA:357,31,0,0
BRDA:357,31,1,0
BRDA:361,32,0,0
BRDA:361,32,1,0
BRF:68
BRH:0
end_of_record
TN:
SF:src/storage/progress/progressStorage.ts
FN:52,initializeProgress
FN:73,loadProgress
FN:145,ensureProgressCache
FN:153,loadProgressSync
FN:214,updateProgressCache
FN:220,saveProgress
FN:261,compressProgressData
FN:264,(anonymous_7)
FN:272,(anonymous_8)
FN:277,(anonymous_9)
FN:285,emergencyCompress
FN:290,(anonymous_11)
FN:297,(anonymous_12)
FN:302,(anonymous_13)
FN:310,(anonymous_14)
FN:318,addQuizResult
FN:349,updateStatistics
FN:365,(anonymous_17)
FN:389,(anonymous_18)
FN:390,(anonymous_19)
FN:395,calculateStreakDays
FN:423,getResultsByDateRange
FN:425,(anonymous_22)
FN:431,exportProgress
FN:437,importProgress
FN:455,clearProgress
FN:463,getWeakWords
FN:467,(anonymous_27)
FN:468,(anonymous_28)
FN:474,(anonymous_29)
FN:475,(anonymous_30)
FN:483,getOvercomeWeakWords
FN:493,(anonymous_32)
FN:494,(anonymous_33)
FN:507,(anonymous_34)
FN:541,(anonymous_35)
FN:548,getCurrentWeakWords
FN:559,(anonymous_37)
FN:560,(anonymous_38)
FN:573,(anonymous_39)
FN:611,(anonymous_40)
FN:619,initializeWordProgress
FN:636,calculateDifficultyScore
FN:692,calculateExponentialInterval
FN:714,checkFlexibleMastery
FN:860,determineMasteryLevel
FN:888,updateWordProgress
FN:1073,removeFromReadingUnknownWords
FN:1085,(anonymous_48)
FN:1087,(anonymous_49)
FN:1089,(anonymous_50)
FN:1122,recordWordSkip
FN:1152,isWordSkipExcluded
FN:1178,filterSkippedWords
FN:1179,(anonymous_54)
FN:1183,getWordProgress
FN:1189,getAllWordProgress
FN:1195,getWordsByMasteryLevel
FN:1198,(anonymous_58)
FN:1199,(anonymous_59)
FN:1203,getWordsSortedByDifficulty
FN:1205,(anonymous_61)
FN:1210,getWeakWordsAdvanced
FN:1213,(anonymous_63)
FN:1214,(anonymous_64)
FN:1219,getWordsNeedingReview
FN:1225,(anonymous_66)
FN:1229,(anonymous_67)
FN:1237,recordConfusion
FN:1291,getConfusedWords
FN:1294,(anonymous_70)
FN:1295,(anonymous_71)
FN:1305,getWordProgressSummary
FN:1316,(anonymous_73)
FN:1317,(anonymous_74)
FN:1318,(anonymous_75)
FN:1323,(anonymous_76)
FN:1334,getMasteredWordsCount
FN:1360,getMasteredWords
FN:1391,getTotalAnsweredCount
FN:1399,(anonymous_80)
FN:1402,(anonymous_81)
FN:1409,getUniqueQuestionedWordsCount
FN:1431,getTotalMasteredWordsCount
FN:1458,getRetentionRateWithAI
FN:1465,(anonymous_85)
FN:1470,(anonymous_86)
FN:1516,getMasteryPredictions
FN:1520,(anonymous_88)
FN:1605,(anonymous_89)
FN:1620,getDailyPlanInfo
FN:1629,(anonymous_91)
FN:1664,autoDetectWordDifficulty
FN:1704,resetStatsByModeDifficulty
FN:1712,(anonymous_94)
FN:1715,(anonymous_95)
FN:1720,(anonymous_96)
FN:1726,(anonymous_97)
FN:1733,(anonymous_98)
FN:1741,(anonymous_99)
FN:1804,recalculateStatistics
FN:1809,(anonymous_101)
FN:1810,(anonymous_102)
FN:1814,(anonymous_103)
FN:1821,loadAllQuestions
FN:1836,resetAllProgress
FN:1869,(anonymous_106)
FN:1890,getStudyCalendarData
FN:1912,(anonymous_108)
FN:1921,(anonymous_109)
FN:1930,(anonymous_110)
FN:1931,(anonymous_111)
FN:1947,getCumulativeProgressData
FN:1978,(anonymous_113)
FN:1981,(anonymous_114)
FN:1986,(anonymous_115)
FN:2014,getRetentionTrend
FN:2033,(anonymous_117)
FN:2034,(anonymous_118)
FN:2045,(anonymous_119)
FN:2079,getWordDetailedData
FN:2101,(anonymous_121)
FN:2166,saveMemorizationCardSettings
FN:2179,getMemorizationCardSettings
FN:2202,saveMemorizationSettings
FN:2214,getMemorizationSettings
FN:2235,recordMemorizationBehavior
FN:2257,getMemorizationHistory
FN:2271,(anonymous_128)
FN:2282,updateMemorizationCurve
FN:2295,getMemorizationCurve
FN:2322,getCustomQuestionSets
FN:2340,saveCustomQuestionSet
FN:2345,(anonymous_133)
FN:2366,deleteCustomQuestionSet
FN:2369,(anonymous_135)
FN:2378,createWeakWordsQuestionSet
FN:2390,(anonymous_137)
FN:2394,(anonymous_138)
FN:2395,(anonymous_139)
FN:2436,createReadingQuestionSet
FN:2458,updateAutoUpdateQuestionSets
FN:2494,getGrammarRetentionRateWithAI
FN:2504,(anonymous_143)
FN:2511,(anonymous_144)
FN:2517,(anonymous_145)
FN:2556,getGrammarUnitStatsWithTitles
FN:2574,(anonymous_147)
FN:2617,(anonymous_148)
FNF:149
FNH:23
FNDA:4,initializeProgress
FNDA:0,loadProgress
FNDA:2,ensureProgressCache
FNDA:70,loadProgressSync
FNDA:31,updateProgressCache
FNDA:1,saveProgress
FNDA:1,compressProgressData
FNDA:0,(anonymous_7)
FNDA:0,(anonymous_8)
FNDA:0,(anonymous_9)
FNDA:0,emergencyCompress
FNDA:0,(anonymous_11)
FNDA:0,(anonymous_12)
FNDA:0,(anonymous_13)
FNDA:0,(anonymous_14)
FNDA:0,addQuizResult
FNDA:0,updateStatistics
FNDA:0,(anonymous_17)
FNDA:0,(anonymous_18)
FNDA:0,(anonymous_19)
FNDA:0,calculateStreakDays
FNDA:2,getResultsByDateRange
FNDA:5,(anonymous_22)
FNDA:1,exportProgress
FNDA:2,importProgress
FNDA:1,clearProgress
FNDA:2,getWeakWords
FNDA:2,(anonymous_27)
FNDA:15,(anonymous_28)
FNDA:3,(anonymous_29)
FNDA:2,(anonymous_30)
FNDA:0,getOvercomeWeakWords
FNDA:0,(anonymous_32)
FNDA:0,(anonymous_33)
FNDA:0,(anonymous_34)
FNDA:0,(anonymous_35)
FNDA:0,getCurrentWeakWords
FNDA:0,(anonymous_37)
FNDA:0,(anonymous_38)
FNDA:0,(anonymous_39)
FNDA:0,(anonymous_40)
FNDA:0,initializeWordProgress
FNDA:0,calculateDifficultyScore
FNDA:0,calculateExponentialInterval
FNDA:0,checkFlexibleMastery
FNDA:0,determineMasteryLevel
FNDA:0,updateWordProgress
FNDA:0,removeFromReadingUnknownWords
FNDA:0,(anonymous_48)
FNDA:0,(anonymous_49)
FNDA:0,(anonymous_50)
FNDA:0,recordWordSkip
FNDA:0,isWordSkipExcluded
FNDA:0,filterSkippedWords
FNDA:0,(anonymous_54)
FNDA:19,getWordProgress
FNDA:20,getAllWordProgress
FNDA:3,getWordsByMasteryLevel
FNDA:9,(anonymous_58)
FNDA:3,(anonymous_59)
FNDA:2,getWordsSortedByDifficulty
FNDA:4,(anonymous_61)
FNDA:0,getWeakWordsAdvanced
FNDA:0,(anonymous_63)
FNDA:0,(anonymous_64)
FNDA:0,getWordsNeedingReview
FNDA:0,(anonymous_66)
FNDA:0,(anonymous_67)
FNDA:0,recordConfusion
FNDA:0,getConfusedWords
FNDA:0,(anonymous_70)
FNDA:0,(anonymous_71)
FNDA:0,getWordProgressSummary
FNDA:0,(anonymous_73)
FNDA:0,(anonymous_74)
FNDA:0,(anonymous_75)
FNDA:0,(anonymous_76)
FNDA:0,getMasteredWordsCount
FNDA:0,getMasteredWords
FNDA:0,getTotalAnsweredCount
FNDA:0,(anonymous_80)
FNDA:0,(anonymous_81)
FNDA:0,getUniqueQuestionedWordsCount
FNDA:0,getTotalMasteredWordsCount
FNDA:0,getRetentionRateWithAI
FNDA:0,(anonymous_85)
FNDA:0,(anonymous_86)
FNDA:0,getMasteryPredictions
FNDA:0,(anonymous_88)
FNDA:0,(anonymous_89)
FNDA:0,getDailyPlanInfo
FNDA:0,(anonymous_91)
FNDA:0,autoDetectWordDifficulty
FNDA:0,resetStatsByModeDifficulty
FNDA:0,(anonymous_94)
FNDA:0,(anonymous_95)
FNDA:0,(anonymous_96)
FNDA:0,(anonymous_97)
FNDA:0,(anonymous_98)
FNDA:0,(anonymous_99)
FNDA:0,recalculateStatistics
FNDA:0,(anonymous_101)
FNDA:0,(anonymous_102)
FNDA:0,(anonymous_103)
FNDA:0,loadAllQuestions
FNDA:0,resetAllProgress
FNDA:0,(anonymous_106)
FNDA:0,getStudyCalendarData
FNDA:0,(anonymous_108)
FNDA:0,(anonymous_109)
FNDA:0,(anonymous_110)
FNDA:0,(anonymous_111)
FNDA:0,getCumulativeProgressData
FNDA:0,(anonymous_113)
FNDA:0,(anonymous_114)
FNDA:0,(anonymous_115)
FNDA:0,getRetentionTrend
FNDA:0,(anonymous_117)
FNDA:0,(anonymous_118)
FNDA:0,(anonymous_119)
FNDA:0,getWordDetailedData
FNDA:0,(anonymous_121)
FNDA:0,saveMemorizationCardSettings
FNDA:0,getMemorizationCardSettings
FNDA:0,saveMemorizationSettings
FNDA:0,getMemorizationSettings
FNDA:0,recordMemorizationBehavior
FNDA:0,getMemorizationHistory
FNDA:0,(anonymous_128)
FNDA:0,updateMemorizationCurve
FNDA:0,getMemorizationCurve
FNDA:0,getCustomQuestionSets
FNDA:0,saveCustomQuestionSet
FNDA:0,(anonymous_133)
FNDA:0,deleteCustomQuestionSet
FNDA:0,(anonymous_135)
FNDA:0,createWeakWordsQuestionSet
FNDA:0,(anonymous_137)
FNDA:0,(anonymous_138)
FNDA:0,(anonymous_139)
FNDA:0,createReadingQuestionSet
FNDA:0,updateAutoUpdateQuestionSets
FNDA:0,getGrammarRetentionRateWithAI
FNDA:0,(anonymous_143)
FNDA:0,(anonymous_144)
FNDA:0,(anonymous_145)
FNDA:0,getGrammarUnitStatsWithTitles
FNDA:0,(anonymous_147)
FNDA:0,(anonymous_148)
DA:44,5
DA:45,5
DA:46,5
DA:47,5
DA:48,5
DA:49,5
DA:53,4
DA:74,0
DA:76,0
DA:78,0
DA:79,0
DA:80,0
DA:81,0
DA:85,0
DA:104,0
DA:105,0
DA:116,0
DA:117,0
DA:119,0
DA:120,0
DA:122,0
DA:123,0
DA:127,0
DA:130,0
DA:132,0
DA:134,0
DA:135,0
DA:136,0
DA:137,0
DA:142,5
DA:146,2
DA:147,2
DA:148,2
DA:150,2
DA:154,70
DA:156,68
DA:157,0
DA:158,0
DA:160,68
DA:164,2
DA:167,2
DA:168,2
DA:169,2
DA:170,2
DA:171,2
DA:172,2
DA:174,0
DA:177,0
DA:178,0
DA:189,0
DA:190,0
DA:192,0
DA:193,0
DA:195,0
DA:196,0
DA:198,0
DA:199,0
DA:202,0
DA:203,0
DA:204,0
DA:206,0
DA:207,0
DA:208,0
DA:209,0
DA:215,31
DA:216,31
DA:221,1
DA:223,1
DA:226,1
DA:229,1
DA:230,1
DA:232,0
DA:236,1
DA:250,1
DA:252,1
DA:253,0
DA:256,0
DA:263,1
DA:264,0
DA:265,0
DA:269,1
DA:270,1
DA:272,0
DA:273,0
DA:277,1
DA:278,0
DA:279,0
DA:286,0
DA:289,0
DA:290,0
DA:291,0
DA:295,0
DA:296,0
DA:297,0
DA:298,0
DA:302,0
DA:303,0
DA:304,0
DA:309,0
DA:310,0
DA:311,0
DA:314,0
DA:319,0
DA:320,0
DA:322,0
DA:331,0
DA:333,0
DA:335,0
DA:338,0
DA:339,0
DA:340,0
DA:341,0
DA:350,0
DA:353,0
DA:354,0
DA:355,0
DA:356,0
DA:358,0
DA:359,0
DA:362,0
DA:363,0
DA:364,0
DA:365,0
DA:369,0
DA:372,0
DA:373,0
DA:382,0
DA:383,0
DA:384,0
DA:385,0
DA:386,0
DA:389,0
DA:390,0
DA:391,0
DA:396,0
DA:398,0
DA:399,0
DA:402,0
DA:403,0
DA:404,0
DA:407,0
DA:408,0
DA:409,0
DA:410,0
DA:412,0
DA:413,0
DA:415,0
DA:419,0
DA:424,2
DA:425,5
DA:432,1
DA:433,1
DA:438,2
DA:439,2
DA:442,2
DA:443,0
DA:446,1
DA:447,1
DA:449,1
DA:450,1
DA:456,1
DA:457,1
DA:458,1
DA:464,2
DA:465,2
DA:467,2
DA:468,2
DA:469,15
DA:473,2
DA:474,3
DA:475,2
DA:489,0
DA:492,0
DA:493,0
DA:494,0
DA:495,0
DA:504,0
DA:507,0
DA:508,0
DA:510,0
DA:511,0
DA:513,0
DA:514,0
DA:517,0
DA:518,0
DA:523,0
DA:524,0
DA:525,0
DA:527,0
DA:529,0
DA:531,0
DA:541,0
DA:555,0
DA:558,0
DA:559,0
DA:560,0
DA:561,0
DA:571,0
DA:573,0
DA:574,0
DA:577,0
DA:578,0
DA:585,0
DA:588,0
DA:589,0
DA:592,0
DA:594,0
DA:599,0
DA:600,0
DA:611,0
DA:620,0
DA:637,0
DA:638,0
DA:640,0
DA:641,0
DA:644,0
DA:647,0
DA:648,0
DA:651,0
DA:655,0
DA:657,0
DA:694,0
DA:707,0
DA:708,0
DA:711,0
DA:718,0
DA:719,0
DA:720,0
DA:723,0
DA:724,0
DA:729,0
DA:730,0
DA:731,0
DA:741,0
DA:742,0
DA:743,0
DA:745,0
DA:746,0
DA:747,0
DA:748,0
DA:749,0
DA:750,0
DA:751,0
DA:753,0
DA:756,0
DA:768,0
DA:769,0
DA:770,0
DA:781,0
DA:782,0
DA:783,0
DA:784,0
DA:794,0
DA:795,0
DA:796,0
DA:797,0
DA:807,0
DA:813,0
DA:814,0
DA:824,0
DA:825,0
DA:826,0
DA:836,0
DA:837,0
DA:838,0
DA:839,0
DA:850,0
DA:861,0
DA:863,0
DA:865,0
DA:873,0
DA:874,0
DA:875,0
DA:876,0
DA:878,0
DA:880,0
DA:881,0
DA:884,0
DA:895,0
DA:897,0
DA:898,0
DA:901,0
DA:904,0
DA:905,0
DA:906,0
DA:907,0
DA:909,0
DA:910,0
DA:911,0
DA:915,0
DA:916,0
DA:917,0
DA:918,0
DA:919,0
DA:921,0
DA:923,0
DA:924,0
DA:925,0
DA:926,0
DA:927,0
DA:929,0
DA:931,0
DA:933,0
DA:934,0
DA:935,0
DA:936,0
DA:938,0
DA:940,0
DA:942,0
DA:943,0
DA:944,0
DA:945,0
DA:947,0
DA:952,0
DA:959,0
DA:960,0
DA:961,0
DA:964,0
DA:965,0
DA:969,0
DA:972,0
DA:973,0
DA:975,0
DA:983,0
DA:984,0
DA:988,0
DA:991,0
DA:992,0
DA:995,0
DA:996,0
DA:1002,0
DA:1004,0
DA:1005,0
DA:1007,0
DA:1010,0
DA:1011,0
DA:1018,0
DA:1020,0
DA:1030,0
DA:1050,0
DA:1053,0
DA:1054,0
DA:1055,0
DA:1063,0
DA:1075,0
DA:1076,0
DA:1078,0
DA:1080,0
DA:1081,0
DA:1082,0
DA:1085,0
DA:1086,0
DA:1087,0
DA:1088,0
DA:1089,0
DA:1090,0
DA:1091,0
DA:1092,0
DA:1101,0
DA:1102,0
DA:1103,0
DA:1105,0
DA:1106,0
DA:1108,0
DA:1109,0
DA:1111,0
DA:1116,0
DA:1126,0
DA:1128,0
DA:1129,0
DA:1132,0
DA:1135,0
DA:1136,0
DA:1141,0
DA:1142,0
DA:1143,0
DA:1148,0
DA:1153,0
DA:1154,0
DA:1156,0
DA:1157,0
DA:1161,0
DA:1162,0
DA:1166,0
DA:1171,0
DA:1174,0
DA:1179,0
DA:1184,19
DA:1185,19
DA:1190,20
DA:1191,20
DA:1196,3
DA:1197,3
DA:1198,9
DA:1199,3
DA:1204,2
DA:1205,4
DA:1206,2
DA:1211,0
DA:1212,0
DA:1213,0
DA:1214,0
DA:1220,0
DA:1221,0
DA:1223,0
DA:1224,0
DA:1226,0
DA:1227,0
DA:1229,0
DA:1238,0
DA:1240,0
DA:1242,0
DA:1260,0
DA:1263,0
DA:1264,0
DA:1267,0
DA:1273,0
DA:1274,0
DA:1278,0
DA:1279,0
DA:1282,0
DA:1284,0
DA:1285,0
DA:1292,0
DA:1293,0
DA:1294,0
DA:1297,0
DA:1298,0
DA:1299,0
DA:1312,0
DA:1314,0
DA:1316,0
DA:1317,0
DA:1318,0
DA:1322,0
DA:1323,0
DA:1324,0
DA:1327,0
DA:1335,0
DA:1336,0
DA:1338,0
DA:1339,0
DA:1340,0
DA:1342,0
DA:1345,0
DA:1346,0
DA:1347,0
DA:1349,0
DA:1350,0
DA:1354,0
DA:1361,0
DA:1362,0
DA:1364,0
DA:1365,0
DA:1366,0
DA:1368,0
DA:1371,0
DA:1372,0
DA:1373,0
DA:1375,0
DA:1376,0
DA:1380,0
DA:1394,0
DA:1395,0
DA:1398,0
DA:1399,0
DA:1402,0
DA:1412,0
DA:1413,0
DA:1416,0
DA:1417,0
DA:1418,0
DA:1420,0
DA:1421,0
DA:1425,0
DA:1432,0
DA:1433,0
DA:1435,0
DA:1436,0
DA:1442,0
DA:1443,0
DA:1444,0
DA:1446,0
DA:1447,0
DA:1451,0
DA:1463,0
DA:1464,0
DA:1465,0
DA:1467,0
DA:1470,0
DA:1471,0
DA:1472,0
DA:1481,0
DA:1482,0
DA:1483,0
DA:1484,0
DA:1485,0
DA:1486,0
DA:1488,0
DA:1496,0
DA:1500,0
DA:1503,0
DA:1505,0
DA:1517,0
DA:1518,0
DA:1520,0
DA:1521,0
DA:1522,0
DA:1524,0
DA:1525,0
DA:1528,0
DA:1529,0
DA:1532,0
DA:1533,0
DA:1534,0
DA:1535,0
DA:1536,0
DA:1539,0
DA:1540,0
DA:1541,0
DA:1542,0
DA:1543,0
DA:1544,0
DA:1545,0
DA:1547,0
DA:1548,0
DA:1549,0
DA:1550,0
DA:1551,0
DA:1552,0
DA:1553,0
DA:1554,0
DA:1555,0
DA:1556,0
DA:1557,0
DA:1558,0
DA:1561,0
DA:1562,0
DA:1563,0
DA:1564,0
DA:1565,0
DA:1566,0
DA:1569,0
DA:1570,0
DA:1571,0
DA:1572,0
DA:1573,0
DA:1574,0
DA:1577,0
DA:1578,0
DA:1579,0
DA:1580,0
DA:1581,0
DA:1582,0
DA:1586,0
DA:1587,0
DA:1588,0
DA:1589,0
DA:1590,0
DA:1593,0
DA:1604,0
DA:1606,0
DA:1607,0
DA:1608,0
DA:1609,0
DA:1611,0
DA:1621,0
DA:1622,0
DA:1623,0
DA:1624,0
DA:1626,0
DA:1627,0
DA:1629,0
DA:1630,0
DA:1631,0
DA:1634,0
DA:1636,0
DA:1638,0
DA:1639,0
DA:1644,0
DA:1645,0
DA:1646,0
DA:1651,0
DA:1669,0
DA:1670,0
DA:1673,0
DA:1674,0
DA:1677,0
DA:1678,0
DA:1679,0
DA:1681,0
DA:1682,0
DA:1685,0
DA:1686,0
DA:1688,0
DA:1689,0
DA:1691,0
DA:1696,0
DA:1697,0
DA:1698,0
DA:1708,0
DA:1711,0
DA:1712,0
DA:1714,0
DA:1715,0
DA:1719,0
DA:1720,0
DA:1722,0
DA:1723,0
DA:1726,0
DA:1733,0
DA:1735,0
DA:1736,0
DA:1741,0
DA:1742,0
DA:1745,0
DA:1747,0
DA:1748,0
DA:1749,0
DA:1750,0
DA:1751,0
DA:1752,0
DA:1753,0
DA:1754,0
DA:1758,0
DA:1759,0
DA:1760,0
DA:1761,0
DA:1763,0
DA:1764,0
DA:1765,0
DA:1766,0
DA:1772,0
DA:1773,0
DA:1777,0
DA:1779,0
DA:1780,0
DA:1781,0
DA:1782,0
DA:1784,0
DA:1788,0
DA:1794,0
DA:1796,0
DA:1798,0
DA:1805,0
DA:1808,0
DA:1809,0
DA:1810,0
DA:1811,0
DA:1813,0
DA:1814,0
DA:1822,0
DA:1823,0
DA:1824,0
DA:1825,0
DA:1828,0
DA:1830,0
DA:1838,0
DA:1839,0
DA:1840,0
DA:1842,0
DA:1846,0
DA:1848,0
DA:1849,0
DA:1850,0
DA:1864,0
DA:1869,0
DA:1870,0
DA:1871,0
DA:1873,0
DA:1878,0
DA:1879,0
DA:1881,0
DA:1884,0
DA:1895,0
DA:1896,0
DA:1897,0
DA:1901,0
DA:1904,0
DA:1905,0
DA:1906,0
DA:1907,0
DA:1910,0
DA:1911,0
DA:1912,0
DA:1914,0
DA:1916,0
DA:1921,0
DA:1930,0
DA:1931,0
DA:1932,0
DA:1934,0
DA:1941,0
DA:1954,0
DA:1955,0
DA:1962,0
DA:1964,0
DA:1965,0
DA:1967,0
DA:1968,0
DA:1969,0
DA:1970,0
DA:1972,0
DA:1973,0
DA:1974,0
DA:1977,0
DA:1978,0
DA:1981,0
DA:1982,0
DA:1985,0
DA:1986,0
DA:1987,0
DA:1992,0
DA:1995,0
DA:1997,0
DA:1999,0
DA:2008,0
DA:2019,0
DA:2020,0
DA:2022,0
DA:2023,0
DA:2026,0
DA:2027,0
DA:2028,0
DA:2029,0
DA:2030,0
DA:2031,0
DA:2033,0
DA:2034,0
DA:2035,0
DA:2036,0
DA:2037,0
DA:2039,0
DA:2040,0
DA:2045,0
DA:2046,0
DA:2047,0
DA:2048,0
DA:2049,0
DA:2051,0
DA:2052,0
DA:2057,0
DA:2088,0
DA:2089,0
DA:2091,0
DA:2092,0
DA:2095,0
DA:2096,0
DA:2099,0
DA:2100,0
DA:2101,0
DA:2104,0
DA:2106,0
DA:2107,0
DA:2110,0
DA:2113,0
DA:2116,0
DA:2117,0
DA:2119,0
DA:2122,0
DA:2123,0
DA:2128,0
DA:2129,0
DA:2130,0
DA:2132,0
DA:2133,0
DA:2134,0
DA:2135,0
DA:2136,0
DA:2137,0
DA:2138,0
DA:2139,0
DA:2140,0
DA:2141,0
DA:2142,0
DA:2143,0
DA:2145,0
DA:2146,0
DA:2147,0
DA:2150,0
DA:2169,0
DA:2170,0
DA:2172,0
DA:2174,0
DA:2182,0
DA:2183,0
DA:2184,0
DA:2185,0
DA:2186,0
DA:2189,0
DA:2190,0
DA:2192,0
DA:2194,0
DA:2196,0
DA:2197,0
DA:2205,0
DA:2206,0
DA:2208,0
DA:2209,0
DA:2217,0
DA:2218,0
DA:2219,0
DA:2220,0
DA:2221,0
DA:2223,0
DA:2224,0
DA:2226,0
DA:2228,0
DA:2229,0
DA:2230,0
DA:2238,0
DA:2240,0
DA:2241,0
DA:2248,0
DA:2250,0
DA:2252,0
DA:2261,0
DA:2262,0
DA:2263,0
DA:2269,0
DA:2270,0
DA:2271,0
DA:2274,0
DA:2276,0
DA:2277,0
DA:2286,0
DA:2287,0
DA:2288,0
DA:2290,0
DA:2298,0
DA:2299,0
DA:2300,0
DA:2301,0
DA:2302,0
DA:2303,0
DA:2305,0
DA:2306,0
DA:2308,0
DA:2310,0
DA:2311,0
DA:2319,5
DA:2323,0
DA:2324,0
DA:2325,0
DA:2326,0
DA:2327,0
DA:2329,0
DA:2330,0
DA:2332,0
DA:2334,0
DA:2335,0
DA:2343,0
DA:2344,0
DA:2345,0
DA:2347,0
DA:2349,0
DA:2355,0
DA:2358,0
DA:2360,0
DA:2361,0
DA:2367,0
DA:2368,0
DA:2369,0
DA:2370,0
DA:2372,0
DA:2373,0
DA:2386,0
DA:2389,0
DA:2390,0
DA:2394,0
DA:2395,0
DA:2397,0
DA:2398,0
DA:2402,0
DA:2413,0
DA:2432,0
DA:2440,0
DA:2454,0
DA:2461,0
DA:2462,0
DA:2463,0
DA:2465,0
DA:2466,0
DA:2468,0
DA:2476,0
DA:2477,0
DA:2478,0
DA:2479,0
DA:2483,0
DA:2484,0
DA:2487,0
DA:2499,0
DA:2500,0
DA:2503,0
DA:2505,0
DA:2510,0
DA:2512,0
DA:2515,0
DA:2517,0
DA:2518,0
DA:2519,0
DA:2520,0
DA:2521,0
DA:2524,0
DA:2525,0
DA:2526,0
DA:2527,0
DA:2528,0
DA:2529,0
DA:2531,0
DA:2539,0
DA:2544,0
DA:2546,0
DA:2548,0
DA:2569,0
DA:2572,0
DA:2585,0
DA:2586,0
DA:2587,0
DA:2590,0
DA:2591,0
DA:2593,0
DA:2594,0
DA:2595,0
DA:2596,0
DA:2598,0
DA:2599,0
DA:2601,0
DA:2608,0
DA:2611,0
DA:2617,0
LF:931
LH:70
BRDA:78,0,0,0
BRDA:78,0,1,0
BRDA:86,1,0,0
BRDA:86,1,1,0
BRDA:87,2,0,0
BRDA:87,2,1,0
BRDA:97,3,0,0
BRDA:97,3,1,0
BRDA:100,4,0,0
BRDA:100,4,1,0
BRDA:104,5,0,0
BRDA:104,5,1,0
BRDA:116,6,0,0
BRDA:116,6,1,0
BRDA:119,7,0,0
BRDA:119,7,1,0
BRDA:122,8,0,0
BRDA:122,8,1,0
BRDA:146,9,0,2
BRDA:146,9,1,0
BRDA:154,10,0,68
BRDA:154,10,1,2
BRDA:156,11,0,0
BRDA:156,11,1,68
BRDA:169,12,0,2
BRDA:169,12,1,0
BRDA:177,13,0,0
BRDA:177,13,1,0
BRDA:189,14,0,0
BRDA:189,14,1,0
BRDA:192,15,0,0
BRDA:192,15,1,0
BRDA:195,16,0,0
BRDA:195,16,1,0
BRDA:198,17,0,0
BRDA:198,17,1,0
BRDA:252,18,0,0
BRDA:252,18,1,1
BRDA:263,19,0,0
BRDA:263,19,1,1
BRDA:270,20,0,0
BRDA:270,20,1,1
BRDA:278,21,0,0
BRDA:278,21,1,0
BRDA:278,22,0,0
BRDA:278,22,1,0
BRDA:289,23,0,0
BRDA:289,23,1,0
BRDA:296,24,0,0
BRDA:296,24,1,0
BRDA:303,25,0,0
BRDA:303,25,1,0
BRDA:303,26,0,0
BRDA:303,26,1,0
BRDA:309,27,0,0
BRDA:309,27,1,0
BRDA:339,28,0,0
BRDA:339,28,1,0
BRDA:357,29,0,0
BRDA:357,29,1,0
BRDA:363,30,0,0
BRDA:363,30,1,0
BRDA:372,31,0,0
BRDA:372,31,1,0
BRDA:396,32,0,0
BRDA:396,32,1,0
BRDA:403,33,0,0
BRDA:403,33,1,0
BRDA:403,34,0,0
BRDA:403,34,1,0
BRDA:412,35,0,0
BRDA:412,35,1,0
BRDA:425,36,0,5
BRDA:425,36,1,3
BRDA:442,37,0,0
BRDA:442,37,1,2
BRDA:442,38,0,2
BRDA:442,38,1,1
BRDA:442,38,2,1
BRDA:456,39,0,1
BRDA:456,39,1,0
BRDA:463,40,0,2
BRDA:469,41,0,15
BRDA:469,41,1,3
BRDA:483,42,0,0
BRDA:495,43,0,0
BRDA:495,43,1,0
BRDA:508,44,0,0
BRDA:508,44,1,0
BRDA:511,45,0,0
BRDA:511,45,1,0
BRDA:514,46,0,0
BRDA:514,46,1,0
BRDA:524,47,0,0
BRDA:524,47,1,0
BRDA:525,48,0,0
BRDA:525,48,1,0
BRDA:525,48,2,0
BRDA:527,49,0,0
BRDA:527,49,1,0
BRDA:527,50,0,0
BRDA:527,50,1,0
BRDA:548,51,0,0
BRDA:561,52,0,0
BRDA:561,52,1,0
BRDA:577,53,0,0
BRDA:577,53,1,0
BRDA:589,54,0,0
BRDA:589,54,1,0
BRDA:592,55,0,0
BRDA:592,55,1,0
BRDA:594,56,0,0
BRDA:594,56,1,0
BRDA:594,56,2,0
BRDA:594,56,3,0
BRDA:594,56,4,0
BRDA:599,57,0,0
BRDA:599,57,1,0
BRDA:638,58,0,0
BRDA:638,58,1,0
BRDA:648,59,0,0
BRDA:648,59,1,0
BRDA:651,60,0,0
BRDA:651,60,1,0
BRDA:707,61,0,0
BRDA:707,61,1,0
BRDA:711,62,0,0
BRDA:711,62,1,0
BRDA:719,63,0,0
BRDA:719,63,1,0
BRDA:729,64,0,0
BRDA:729,64,1,0
BRDA:729,65,0,0
BRDA:729,65,1,0
BRDA:741,66,0,0
BRDA:741,66,1,0
BRDA:741,67,0,0
BRDA:741,67,1,0
BRDA:746,68,0,0
BRDA:746,68,1,0
BRDA:748,69,0,0
BRDA:748,69,1,0
BRDA:750,70,0,0
BRDA:750,70,1,0
BRDA:768,71,0,0
BRDA:768,71,1,0
BRDA:768,72,0,0
BRDA:768,72,1,0
BRDA:768,72,2,0
BRDA:781,73,0,0
BRDA:781,73,1,0
BRDA:781,74,0,0
BRDA:781,74,1,0
BRDA:781,74,2,0
BRDA:794,75,0,0
BRDA:794,75,1,0
BRDA:794,76,0,0
BRDA:794,76,1,0
BRDA:794,76,2,0
BRDA:807,77,0,0
BRDA:807,77,1,0
BRDA:808,78,0,0
BRDA:808,78,1,0
BRDA:808,78,2,0
BRDA:808,78,3,0
BRDA:824,79,0,0
BRDA:824,79,1,0
BRDA:824,80,0,0
BRDA:824,80,1,0
BRDA:824,80,2,0
BRDA:836,81,0,0
BRDA:836,81,1,0
BRDA:836,82,0,0
BRDA:836,82,1,0
BRDA:836,82,2,0
BRDA:837,83,0,0
BRDA:837,83,1,0
BRDA:863,84,0,0
BRDA:863,84,1,0
BRDA:873,85,0,0
BRDA:873,85,1,0
BRDA:874,86,0,0
BRDA:874,86,1,0
BRDA:875,87,0,0
BRDA:875,87,1,0
BRDA:878,88,0,0
BRDA:878,88,1,0
BRDA:878,88,2,0
BRDA:880,89,0,0
BRDA:880,89,1,0
BRDA:880,90,0,0
BRDA:880,90,1,0
BRDA:880,90,2,0
BRDA:880,90,3,0
BRDA:880,90,4,0
BRDA:897,91,0,0
BRDA:897,91,1,0
BRDA:904,92,0,0
BRDA:904,92,1,0
BRDA:915,93,0,0
BRDA:915,93,1,0
BRDA:916,94,0,0
BRDA:916,94,1,0
BRDA:917,95,0,0
BRDA:917,95,1,0
BRDA:918,96,0,0
BRDA:918,96,1,0
BRDA:919,97,0,0
BRDA:919,97,1,0
BRDA:923,98,0,0
BRDA:923,98,1,0
BRDA:924,99,0,0
BRDA:924,99,1,0
BRDA:925,100,0,0
BRDA:925,100,1,0
BRDA:926,101,0,0
BRDA:926,101,1,0
BRDA:927,102,0,0
BRDA:927,102,1,0
BRDA:931,103,0,0
BRDA:931,103,1,0
BRDA:933,104,0,0
BRDA:933,104,1,0
BRDA:934,105,0,0
BRDA:934,105,1,0
BRDA:935,106,0,0
BRDA:935,106,1,0
BRDA:936,107,0,0
BRDA:936,107,1,0
BRDA:940,108,0,0
BRDA:940,108,1,0
BRDA:942,109,0,0
BRDA:942,109,1,0
BRDA:943,110,0,0
BRDA:943,110,1,0
BRDA:944,111,0,0
BRDA:944,111,1,0
BRDA:945,112,0,0
BRDA:945,112,1,0
BRDA:953,113,0,0
BRDA:953,113,1,0
BRDA:954,114,0,0
BRDA:954,114,1,0
BRDA:955,115,0,0
BRDA:955,115,1,0
BRDA:956,116,0,0
BRDA:956,116,1,0
BRDA:964,117,0,0
BRDA:964,117,1,0
BRDA:972,118,0,0
BRDA:972,118,1,0
BRDA:983,119,0,0
BRDA:983,119,1,0
BRDA:995,120,0,0
BRDA:995,120,1,0
BRDA:1004,121,0,0
BRDA:1004,121,1,0
BRDA:1010,122,0,0
BRDA:1010,122,1,0
BRDA:1018,123,0,0
BRDA:1018,123,1,0
BRDA:1020,124,0,0
BRDA:1020,124,1,0
BRDA:1022,125,0,0
BRDA:1022,125,1,0
BRDA:1024,126,0,0
BRDA:1024,126,1,0
BRDA:1026,127,0,0
BRDA:1026,127,1,0
BRDA:1034,128,0,0
BRDA:1034,128,1,0
BRDA:1036,129,0,0
BRDA:1036,129,1,0
BRDA:1039,130,0,0
BRDA:1039,130,1,0
BRDA:1042,131,0,0
BRDA:1042,131,1,0
BRDA:1044,132,0,0
BRDA:1044,132,1,0
BRDA:1054,133,0,0
BRDA:1054,133,1,0
BRDA:1078,134,0,0
BRDA:1078,134,1,0
BRDA:1086,135,0,0
BRDA:1086,135,1,0
BRDA:1088,136,0,0
BRDA:1088,136,1,0
BRDA:1090,137,0,0
BRDA:1090,137,1,0
BRDA:1090,138,0,0
BRDA:1090,138,1,0
BRDA:1101,139,0,0
BRDA:1101,139,1,0
BRDA:1105,140,0,0
BRDA:1105,140,1,0
BRDA:1105,141,0,0
BRDA:1105,141,1,0
BRDA:1124,142,0,0
BRDA:1128,143,0,0
BRDA:1128,143,1,0
BRDA:1141,144,0,0
BRDA:1141,144,1,0
BRDA:1156,145,0,0
BRDA:1156,145,1,0
BRDA:1161,146,0,0
BRDA:1161,146,1,0
BRDA:1161,147,0,0
BRDA:1161,147,1,0
BRDA:1166,148,0,0
BRDA:1166,148,1,0
BRDA:1167,149,0,0
BRDA:1167,149,1,0
BRDA:1167,149,2,0
BRDA:1185,150,0,19
BRDA:1185,150,1,18
BRDA:1206,151,0,2
BRDA:1206,151,1,0
BRDA:1210,152,0,0
BRDA:1219,153,0,0
BRDA:1227,154,0,0
BRDA:1227,154,1,0
BRDA:1240,155,0,0
BRDA:1240,155,1,0
BRDA:1263,156,0,0
BRDA:1263,156,1,0
BRDA:1273,157,0,0
BRDA:1273,157,1,0
BRDA:1278,158,0,0
BRDA:1278,158,1,0
BRDA:1282,159,0,0
BRDA:1282,159,1,0
BRDA:1291,160,0,0
BRDA:1294,161,0,0
BRDA:1294,161,1,0
BRDA:1297,162,0,0
BRDA:1297,162,1,0
BRDA:1297,163,0,0
BRDA:1297,163,1,0
BRDA:1298,164,0,0
BRDA:1298,164,1,0
BRDA:1299,165,0,0
BRDA:1299,165,1,0
BRDA:1299,166,0,0
BRDA:1299,166,1,0
BRDA:1322,167,0,0
BRDA:1322,167,1,0
BRDA:1340,168,0,0
BRDA:1340,168,1,0
BRDA:1345,169,0,0
BRDA:1345,169,1,0
BRDA:1347,170,0,0
BRDA:1347,170,1,0
BRDA:1349,171,0,0
BRDA:1349,171,1,0
BRDA:1349,172,0,0
BRDA:1349,172,1,0
BRDA:1349,172,2,0
BRDA:1366,173,0,0
BRDA:1366,173,1,0
BRDA:1371,174,0,0
BRDA:1371,174,1,0
BRDA:1373,175,0,0
BRDA:1373,175,1,0
BRDA:1375,176,0,0
BRDA:1375,176,1,0
BRDA:1375,177,0,0
BRDA:1375,177,1,0
BRDA:1375,177,2,0
BRDA:1398,178,0,0
BRDA:1398,178,1,0
BRDA:1417,179,0,0
BRDA:1417,179,1,0
BRDA:1418,180,0,0
BRDA:1418,180,1,0
BRDA:1420,181,0,0
BRDA:1420,181,1,0
BRDA:1420,182,0,0
BRDA:1420,182,1,0
BRDA:1442,183,0,0
BRDA:1442,183,1,0
BRDA:1444,184,0,0
BRDA:1444,184,1,0
BRDA:1446,185,0,0
BRDA:1446,185,1,0
BRDA:1446,186,0,0
BRDA:1446,186,1,0
BRDA:1446,186,2,0
BRDA:1472,187,0,0
BRDA:1472,187,1,0
BRDA:1482,188,0,0
BRDA:1482,188,1,0
BRDA:1483,189,0,0
BRDA:1483,189,1,0
BRDA:1484,190,0,0
BRDA:1484,190,1,0
BRDA:1486,191,0,0
BRDA:1486,191,1,0
BRDA:1488,192,0,0
BRDA:1488,192,1,0
BRDA:1489,193,0,0
BRDA:1489,193,1,0
BRDA:1489,193,2,0
BRDA:1489,193,3,0
BRDA:1489,193,4,0
BRDA:1489,193,5,0
BRDA:1500,194,0,0
BRDA:1500,194,1,0
BRDA:1516,195,0,0
BRDA:1522,196,0,0
BRDA:1522,196,1,0
BRDA:1529,197,0,0
BRDA:1529,197,1,0
BRDA:1539,198,0,0
BRDA:1539,198,1,0
BRDA:1545,199,0,0
BRDA:1545,199,1,0
BRDA:1545,200,0,0
BRDA:1545,200,1,0
BRDA:1545,200,2,0
BRDA:1552,201,0,0
BRDA:1552,201,1,0
BRDA:1558,202,0,0
BRDA:1558,202,1,0
BRDA:1560,203,0,0
BRDA:1560,203,1,0
BRDA:1566,204,0,0
BRDA:1566,204,1,0
BRDA:1568,205,0,0
BRDA:1568,205,1,0
BRDA:1568,205,2,0
BRDA:1574,206,0,0
BRDA:1574,206,1,0
BRDA:1606,207,0,0
BRDA:1606,207,1,0
BRDA:1607,208,0,0
BRDA:1607,208,1,0
BRDA:1608,209,0,0
BRDA:1608,209,1,0
BRDA:1631,210,0,0
BRDA:1631,210,1,0
BRDA:1634,211,0,0
BRDA:1634,211,1,0
BRDA:1636,212,0,0
BRDA:1636,212,1,0
BRDA:1638,213,0,0
BRDA:1638,213,1,0
BRDA:1638,214,0,0
BRDA:1638,214,1,0
BRDA:1645,215,0,0
BRDA:1645,215,1,0
BRDA:1669,216,0,0
BRDA:1669,216,1,0
BRDA:1674,217,0,0
BRDA:1674,217,1,0
BRDA:1678,218,0,0
BRDA:1678,218,1,0
BRDA:1679,219,0,0
BRDA:1679,219,1,0
BRDA:1685,220,0,0
BRDA:1685,220,1,0
BRDA:1686,221,0,0
BRDA:1686,221,1,0
BRDA:1689,222,0,0
BRDA:1689,222,1,0
BRDA:1689,223,0,0
BRDA:1689,223,1,0
BRDA:1696,224,0,0
BRDA:1696,224,1,0
BRDA:1697,225,0,0
BRDA:1697,225,1,0
BRDA:1712,226,0,0
BRDA:1712,226,1,0
BRDA:1715,227,0,0
BRDA:1715,227,1,0
BRDA:1723,228,0,0
BRDA:1723,228,1,0
BRDA:1735,229,0,0
BRDA:1735,229,1,0
BRDA:1745,230,0,0
BRDA:1745,230,1,0
BRDA:1747,231,0,0
BRDA:1747,231,1,0
BRDA:1751,232,0,0
BRDA:1751,232,1,0
BRDA:1758,233,0,0
BRDA:1758,233,1,0
BRDA:1759,234,0,0
BRDA:1759,234,1,0
BRDA:1760,235,0,0
BRDA:1760,235,1,0
BRDA:1761,236,0,0
BRDA:1761,236,1,0
BRDA:1767,237,0,0
BRDA:1767,237,1,0
BRDA:1768,238,0,0
BRDA:1768,238,1,0
BRDA:1772,239,0,0
BRDA:1772,239,1,0
BRDA:1772,240,0,0
BRDA:1772,240,1,0
BRDA:1777,241,0,0
BRDA:1777,241,1,0
BRDA:1779,242,0,0
BRDA:1779,242,1,0
BRDA:1779,243,0,0
BRDA:1779,243,1,0
BRDA:1781,244,0,0
BRDA:1781,244,1,0
BRDA:1812,245,0,0
BRDA:1812,245,1,0
BRDA:1814,246,0,0
BRDA:1814,246,1,0
BRDA:1824,247,0,0
BRDA:1824,247,1,0
BRDA:1850,248,0,0
BRDA:1850,248,1,0
BRDA:1851,249,0,0
BRDA:1851,249,1,0
BRDA:1851,249,2,0
BRDA:1851,249,3,0
BRDA:1851,249,4,0
BRDA:1851,249,5,0
BRDA:1851,249,6,0
BRDA:1851,249,7,0
BRDA:1851,249,8,0
BRDA:1851,249,9,0
BRDA:1851,249,10,0
BRDA:1851,249,11,0
BRDA:1890,250,0,0
BRDA:1912,251,0,0
BRDA:1912,251,1,0
BRDA:1914,252,0,0
BRDA:1914,252,1,0
BRDA:1932,253,0,0
BRDA:1932,253,1,0
BRDA:1947,254,0,0
BRDA:1978,255,0,0
BRDA:1978,255,1,0
BRDA:1987,256,0,0
BRDA:1987,256,1,0
BRDA:1988,257,0,0
BRDA:1988,257,1,0
BRDA:1988,257,2,0
BRDA:2036,258,0,0
BRDA:2036,258,1,0
BRDA:2039,259,0,0
BRDA:2039,259,1,0
BRDA:2046,260,0,0
BRDA:2046,260,1,0
BRDA:2048,261,0,0
BRDA:2048,261,1,0
BRDA:2051,262,0,0
BRDA:2051,262,1,0
BRDA:2060,263,0,0
BRDA:2060,263,1,0
BRDA:2064,264,0,0
BRDA:2064,264,1,0
BRDA:2068,265,0,0
BRDA:2068,265,1,0
BRDA:2091,266,0,0
BRDA:2091,266,1,0
BRDA:2099,267,0,0
BRDA:2099,267,1,0
BRDA:2101,268,0,0
BRDA:2101,268,1,0
BRDA:2106,269,0,0
BRDA:2106,269,1,0
BRDA:2113,270,0,0
BRDA:2113,270,1,0
BRDA:2122,271,0,0
BRDA:2122,271,1,0
BRDA:2132,272,0,0
BRDA:2132,272,1,0
BRDA:2136,273,0,0
BRDA:2136,273,1,0
BRDA:2136,274,0,0
BRDA:2136,274,1,0
BRDA:2140,275,0,0
BRDA:2140,275,1,0
BRDA:2184,276,0,0
BRDA:2184,276,1,0
BRDA:2185,277,0,0
BRDA:2185,277,1,0
BRDA:2189,278,0,0
BRDA:2189,278,1,0
BRDA:2189,279,0,0
BRDA:2189,279,1,0
BRDA:2197,280,0,0
BRDA:2197,280,1,0
BRDA:2219,281,0,0
BRDA:2219,281,1,0
BRDA:2220,282,0,0
BRDA:2220,282,1,0
BRDA:2223,283,0,0
BRDA:2223,283,1,0
BRDA:2223,284,0,0
BRDA:2223,284,1,0
BRDA:2230,285,0,0
BRDA:2230,285,1,0
BRDA:2241,286,0,0
BRDA:2241,286,1,0
BRDA:2242,287,0,0
BRDA:2242,287,1,0
BRDA:2259,288,0,0
BRDA:2263,289,0,0
BRDA:2263,289,1,0
BRDA:2264,290,0,0
BRDA:2264,290,1,0
BRDA:2270,291,0,0
BRDA:2270,291,1,0
BRDA:2301,292,0,0
BRDA:2301,292,1,0
BRDA:2302,293,0,0
BRDA:2302,293,1,0
BRDA:2305,294,0,0
BRDA:2305,294,1,0
BRDA:2305,295,0,0
BRDA:2305,295,1,0
BRDA:2325,296,0,0
BRDA:2325,296,1,0
BRDA:2326,297,0,0
BRDA:2326,297,1,0
BRDA:2329,298,0,0
BRDA:2329,298,1,0
BRDA:2347,299,0,0
BRDA:2347,299,1,0
BRDA:2380,300,0,0
BRDA:2381,301,0,0
BRDA:2382,302,0,0
BRDA:2390,303,0,0
BRDA:2390,303,1,0
BRDA:2397,304,0,0
BRDA:2397,304,1,0
BRDA:2404,305,0,0
BRDA:2404,305,1,0
BRDA:2405,306,0,0
BRDA:2405,306,1,0
BRDA:2466,307,0,0
BRDA:2466,307,1,0
BRDA:2466,308,0,0
BRDA:2466,308,1,0
BRDA:2466,308,2,0
BRDA:2483,309,0,0
BRDA:2483,309,1,0
BRDA:2505,310,0,0
BRDA:2505,310,1,0
BRDA:2505,310,2,0
BRDA:2505,310,3,0
BRDA:2512,311,0,0
BRDA:2512,311,1,0
BRDA:2512,311,2,0
BRDA:2518,312,0,0
BRDA:2518,312,1,0
BRDA:2519,313,0,0
BRDA:2519,313,1,0
BRDA:2520,314,0,0
BRDA:2520,314,1,0
BRDA:2521,315,0,0
BRDA:2521,315,1,0
BRDA:2525,316,0,0
BRDA:2525,316,1,0
BRDA:2526,317,0,0
BRDA:2526,317,1,0
BRDA:2527,318,0,0
BRDA:2527,318,1,0
BRDA:2529,319,0,0
BRDA:2529,319,1,0
BRDA:2531,320,0,0
BRDA:2531,320,1,0
BRDA:2532,321,0,0
BRDA:2532,321,1,0
BRDA:2532,321,2,0
BRDA:2532,321,3,0
BRDA:2532,321,4,0
BRDA:2532,321,5,0
BRDA:2544,322,0,0
BRDA:2544,322,1,0
BRDA:2586,323,0,0
BRDA:2586,323,1,0
BRDA:2595,324,0,0
BRDA:2595,324,1,0
BRDA:2598,325,0,0
BRDA:2598,325,1,0
BRDA:2603,326,0,0
BRDA:2603,326,1,0
BRF:685
BRH:21
end_of_record
TN:
SF:src/storage/progress/sessionHistory.ts
FN:19,addSessionHistory
FN:57,getSessionHistory
FN:73,(anonymous_2)
FN:96,clearSessionHistory
FNF:4
FNH:3
FNDA:108,addSessionHistory
FNDA:6,getSessionHistory
FNDA:0,(anonymous_2)
FNDA:3,clearSessionHistory
DA:13,6
DA:14,6
DA:23,108
DA:25,108
DA:26,108
DA:28,0
DA:36,108
DA:37,108
DA:38,108
DA:40,108
DA:43,108
DA:44,1
DA:47,108
DA:50,0
DA:61,6
DA:63,6
DA:64,6
DA:66,0
DA:73,0
DA:80,6
DA:81,6
DA:82,6
DA:85,6
DA:88,0
DA:89,0
DA:99,3
DA:100,3
DA:101,3
DA:103,0
LF:29
LH:22
BRDA:23,0,0,108
BRDA:23,0,1,0
BRDA:26,1,0,0
BRDA:26,1,1,108
BRDA:38,2,0,94
BRDA:38,2,1,14
BRDA:43,3,0,1
BRDA:43,3,1,107
BRDA:59,4,0,6
BRDA:61,5,0,6
BRDA:61,5,1,0
BRDA:64,6,0,0
BRDA:64,6,1,6
BRDA:82,7,0,5
BRDA:82,7,1,1
BRF:15
BRH:11
end_of_record
TN:
SF:src/storage/progress/settings.ts
FN:14,getStudySettings
FN:32,saveStudySettings
FN:45,updateStudySettings
FNF:3
FNH:0
FNDA:0,getStudySettings
FNDA:0,saveStudySettings
FNDA:0,updateStudySettings
DA:7,5
DA:15,0
DA:16,0
DA:17,0
DA:18,0
DA:19,0
DA:24,0
DA:26,0
DA:33,0
DA:34,0
DA:35,0
DA:37,0
DA:38,0
DA:46,0
DA:47,0
DA:48,0
LF:16
LH:1
BRDA:17,0,0,0
BRDA:17,0,1,0
BRDA:20,1,0,0
BRDA:20,1,1,0
BRF:4
BRH:0
end_of_record
TN:
SF:src/storage/progress/statistics.ts
FN:14,getStatsByMode
FN:20,(anonymous_1)
FN:26,(anonymous_2)
FN:27,(anonymous_3)
FN:37,getRecentResults
FN:43,getStatsByCategory
FN:50,(anonymous_6)
FN:64,(anonymous_7)
FN:76,getStatsByDifficulty
FN:83,(anonymous_9)
FN:97,(anonymous_10)
FN:109,getTodayIncorrectWords
FN:114,(anonymous_12)
FN:116,(anonymous_13)
FN:124,getDailyStudyTime
FN:132,(anonymous_15)
FN:133,(anonymous_16)
FN:139,(anonymous_17)
FN:140,(anonymous_18)
FN:144,getTodayStats
FN:156,(anonymous_20)
FN:160,(anonymous_21)
FN:163,(anonymous_22)
FN:164,(anonymous_23)
FN:176,getWeeklyStats
FN:204,(anonymous_25)
FN:209,(anonymous_26)
FN:214,(anonymous_27)
FN:220,(anonymous_28)
FN:221,(anonymous_29)
FN:225,(anonymous_30)
FN:226,(anonymous_31)
FN:232,(anonymous_32)
FN:249,getMonthlyStats
FN:268,(anonymous_34)
FN:273,(anonymous_35)
FN:279,(anonymous_36)
FN:280,(anonymous_37)
FN:285,(anonymous_38)
FN:303,getDetailedRetentionStats
FN:306,(anonymous_40)
FN:312,(anonymous_41)
FN:367,getNearMasteryStats
FN:381,(anonymous_43)
FN:425,getDifficultyStatsForRadar
FN:435,(anonymous_45)
FN:436,(anonymous_46)
FN:451,(anonymous_47)
FN:473,getRecentlyMasteredWords
FN:485,(anonymous_49)
FN:486,(anonymous_50)
FN:491,(anonymous_51)
FN:498,getCategoryDifficultyStats
FN:517,(anonymous_53)
FN:518,(anonymous_54)
FN:539,(anonymous_55)
FN:601,(anonymous_56)
FN:657,getStatsByModeDifficulty
FN:669,(anonymous_58)
FN:671,(anonymous_59)
FN:679,(anonymous_60)
FN:700,(anonymous_61)
FN:702,(anonymous_62)
FN:703,(anonymous_63)
FN:720,getGrammarDetailedRetentionStats
FN:726,(anonymous_65)
FN:734,(anonymous_66)
FN:742,(anonymous_67)
FN:794,getGrammarUnitStats
FN:807,(anonymous_69)
FN:823,(anonymous_70)
FN:866,(anonymous_71)
FN:885,(anonymous_72)
FNF:73
FNH:32
FNDA:4,getStatsByMode
FNDA:12,(anonymous_1)
FNDA:4,(anonymous_2)
FNDA:4,(anonymous_3)
FNDA:2,getRecentResults
FNDA:2,getStatsByCategory
FNDA:5,(anonymous_6)
FNDA:2,(anonymous_7)
FNDA:1,getStatsByDifficulty
FNDA:4,(anonymous_9)
FNDA:3,(anonymous_10)
FNDA:2,getTodayIncorrectWords
FNDA:4,(anonymous_12)
FNDA:4,(anonymous_13)
FNDA:2,getDailyStudyTime
FNDA:6,(anonymous_15)
FNDA:5,(anonymous_16)
FNDA:4,(anonymous_17)
FNDA:2,(anonymous_18)
FNDA:3,getTodayStats
FNDA:7,(anonymous_20)
FNDA:4,(anonymous_21)
FNDA:4,(anonymous_22)
FNDA:4,(anonymous_23)
FNDA:2,getWeeklyStats
FNDA:3,(anonymous_25)
FNDA:3,(anonymous_26)
FNDA:2,(anonymous_27)
FNDA:2,(anonymous_28)
FNDA:2,(anonymous_29)
FNDA:1,(anonymous_30)
FNDA:1,(anonymous_31)
FNDA:0,(anonymous_32)
FNDA:0,getMonthlyStats
FNDA:0,(anonymous_34)
FNDA:0,(anonymous_35)
FNDA:0,(anonymous_36)
FNDA:0,(anonymous_37)
FNDA:0,(anonymous_38)
FNDA:0,getDetailedRetentionStats
FNDA:0,(anonymous_40)
FNDA:0,(anonymous_41)
FNDA:0,getNearMasteryStats
FNDA:0,(anonymous_43)
FNDA:0,getDifficultyStatsForRadar
FNDA:0,(anonymous_45)
FNDA:0,(anonymous_46)
FNDA:0,(anonymous_47)
FNDA:0,getRecentlyMasteredWords
FNDA:0,(anonymous_49)
FNDA:0,(anonymous_50)
FNDA:0,(anonymous_51)
FNDA:0,getCategoryDifficultyStats
FNDA:0,(anonymous_53)
FNDA:0,(anonymous_54)
FNDA:0,(anonymous_55)
FNDA:0,(anonymous_56)
FNDA:0,getStatsByModeDifficulty
FNDA:0,(anonymous_58)
FNDA:0,(anonymous_59)
FNDA:0,(anonymous_60)
FNDA:0,(anonymous_61)
FNDA:0,(anonymous_62)
FNDA:0,(anonymous_63)
FNDA:0,getGrammarDetailedRetentionStats
FNDA:0,(anonymous_65)
FNDA:0,(anonymous_66)
FNDA:0,(anonymous_67)
FNDA:0,getGrammarUnitStats
FNDA:0,(anonymous_69)
FNDA:0,(anonymous_70)
FNDA:0,(anonymous_71)
FNDA:0,(anonymous_72)
DA:19,4
DA:20,12
DA:22,4
DA:23,1
DA:26,4
DA:27,4
DA:29,3
DA:38,2
DA:39,2
DA:47,2
DA:48,2
DA:50,2
DA:51,5
DA:52,4
DA:53,4
DA:60,2
DA:64,2
DA:65,2
DA:72,2
DA:80,1
DA:81,1
DA:83,1
DA:84,4
DA:85,4
DA:86,4
DA:93,1
DA:97,1
DA:98,3
DA:105,1
DA:110,2
DA:111,2
DA:112,2
DA:114,2
DA:115,4
DA:116,4
DA:120,2
DA:125,2
DA:126,2
DA:127,2
DA:129,2
DA:131,2
DA:132,6
DA:134,5
DA:135,5
DA:138,2
DA:139,4
DA:140,2
DA:151,3
DA:152,3
DA:153,3
DA:156,7
DA:159,3
DA:160,4
DA:163,4
DA:164,4
DA:166,3
DA:168,3
DA:184,2
DA:185,2
DA:188,2
DA:189,2
DA:190,2
DA:191,2
DA:192,2
DA:194,2
DA:195,2
DA:198,2
DA:199,2
DA:200,2
DA:203,2
DA:204,3
DA:208,2
DA:209,3
DA:213,2
DA:214,2
DA:215,2
DA:216,2
DA:220,2
DA:221,2
DA:222,2
DA:225,2
DA:226,2
DA:228,2
DA:231,2
DA:232,2
DA:233,0
DA:234,0
DA:238,2
DA:256,0
DA:257,0
DA:260,0
DA:261,0
DA:263,0
DA:264,0
DA:267,0
DA:268,0
DA:272,0
DA:273,0
DA:274,0
DA:275,0
DA:279,0
DA:280,0
DA:281,0
DA:284,0
DA:285,0
DA:286,0
DA:287,0
DA:291,0
DA:293,0
DA:304,0
DA:305,0
DA:306,0
DA:308,0
DA:309,0
DA:310,0
DA:312,0
DA:313,0
DA:314,0
DA:318,0
DA:322,0
DA:323,0
DA:324,0
DA:327,0
DA:331,0
DA:335,0
DA:338,0
DA:340,0
DA:374,0
DA:375,0
DA:376,0
DA:377,0
DA:378,0
DA:379,0
DA:381,0
DA:382,0
DA:383,0
DA:385,0
DA:386,0
DA:388,0
DA:389,0
DA:390,0
DA:391,0
DA:393,0
DA:396,0
DA:399,0
DA:400,0
DA:402,0
DA:407,0
DA:408,0
DA:410,0
DA:414,0
DA:430,0
DA:431,0
DA:434,0
DA:435,0
DA:437,0
DA:438,0
DA:439,0
DA:446,0
DA:447,0
DA:448,0
DA:449,0
DA:451,0
DA:452,0
DA:453,0
DA:454,0
DA:455,0
DA:456,0
DA:461,0
DA:462,0
DA:469,0
DA:481,0
DA:482,0
DA:484,0
DA:485,0
DA:486,0
DA:491,0
DA:494,0
DA:503,0
DA:506,0
DA:516,0
DA:517,0
DA:519,0
DA:520,0
DA:522,0
DA:523,0
DA:530,0
DA:532,0
DA:534,0
DA:535,0
DA:539,0
DA:540,0
DA:542,0
DA:543,0
DA:545,0
DA:546,0
DA:553,0
DA:555,0
DA:557,0
DA:560,0
DA:561,0
DA:562,0
DA:563,0
DA:565,0
DA:566,0
DA:571,0
DA:593,0
DA:594,0
DA:595,0
DA:596,0
DA:597,0
DA:598,0
DA:599,0
DA:601,0
DA:602,0
DA:603,0
DA:607,0
DA:610,0
DA:613,0
DA:618,0
DA:623,0
DA:628,0
DA:633,0
DA:641,0
DA:662,0
DA:663,0
DA:664,0
DA:665,0
DA:666,0
DA:669,0
DA:671,0
DA:673,0
DA:674,0
DA:675,0
DA:676,0
DA:679,0
DA:680,0
DA:681,0
DA:684,0
DA:685,0
DA:688,0
DA:689,0
DA:692,0
DA:693,0
DA:694,0
DA:700,0
DA:701,0
DA:702,0
DA:703,0
DA:707,0
DA:708,0
DA:712,0
DA:713,0
DA:716,0
DA:721,0
DA:722,0
DA:725,0
DA:727,0
DA:733,0
DA:735,0
DA:738,0
DA:739,0
DA:740,0
DA:742,0
DA:744,0
DA:745,0
DA:746,0
DA:748,0
DA:752,0
DA:756,0
DA:757,0
DA:758,0
DA:759,0
DA:761,0
DA:765,0
DA:766,0
DA:768,0
DA:804,0
DA:807,0
DA:808,0
DA:812,0
DA:823,0
DA:824,0
DA:825,0
DA:827,0
DA:828,0
DA:829,0
DA:831,0
DA:832,0
DA:841,0
DA:842,0
DA:844,0
DA:845,0
DA:846,0
DA:847,0
DA:848,0
DA:849,0
DA:850,0
DA:853,0
DA:854,0
DA:855,0
DA:856,0
DA:857,0
DA:859,0
DA:860,0
DA:866,0
DA:867,0
DA:868,0
DA:870,0
DA:872,0
DA:885,0
DA:887,0
LF:312
LH:86
BRDA:22,0,0,1
BRDA:22,0,1,3
BRDA:37,1,0,2
BRDA:51,2,0,4
BRDA:51,2,1,1
BRDA:52,3,0,4
BRDA:52,3,1,2
BRDA:68,4,0,2
BRDA:68,4,1,0
BRDA:84,5,0,4
BRDA:84,5,1,0
BRDA:85,6,0,4
BRDA:85,6,1,3
BRDA:101,7,0,3
BRDA:101,7,1,0
BRDA:115,8,0,2
BRDA:115,8,1,2
BRDA:124,9,0,2
BRDA:135,10,0,5
BRDA:135,10,1,4
BRDA:156,11,0,7
BRDA:156,11,1,6
BRDA:159,12,0,2
BRDA:159,12,1,1
BRDA:166,13,0,3
BRDA:166,13,1,0
BRDA:189,14,0,0
BRDA:189,14,1,2
BRDA:204,15,0,3
BRDA:204,15,1,2
BRDA:209,16,0,3
BRDA:209,16,1,3
BRDA:222,17,0,1
BRDA:222,17,1,1
BRDA:228,18,0,1
BRDA:228,18,1,1
BRDA:233,19,0,0
BRDA:233,19,1,0
BRDA:233,20,0,0
BRDA:233,20,1,0
BRDA:268,21,0,0
BRDA:268,21,1,0
BRDA:281,22,0,0
BRDA:281,22,1,0
BRDA:286,23,0,0
BRDA:286,23,1,0
BRDA:286,24,0,0
BRDA:286,24,1,0
BRDA:314,25,0,0
BRDA:314,25,1,0
BRDA:318,26,0,0
BRDA:318,26,1,0
BRDA:318,26,2,0
BRDA:318,26,3,0
BRDA:318,26,4,0
BRDA:322,27,0,0
BRDA:322,27,1,0
BRDA:324,28,0,0
BRDA:324,28,1,0
BRDA:348,29,0,0
BRDA:348,29,1,0
BRDA:349,30,0,0
BRDA:349,30,1,0
BRDA:351,31,0,0
BRDA:351,31,1,0
BRDA:352,32,0,0
BRDA:352,32,1,0
BRDA:353,33,0,0
BRDA:353,33,1,0
BRDA:359,34,0,0
BRDA:359,34,1,0
BRDA:383,35,0,0
BRDA:383,35,1,0
BRDA:386,36,0,0
BRDA:386,36,1,0
BRDA:388,37,0,0
BRDA:388,37,1,0
BRDA:390,38,0,0
BRDA:390,38,1,0
BRDA:402,39,0,0
BRDA:402,39,1,0
BRDA:403,40,0,0
BRDA:403,40,1,0
BRDA:403,40,2,0
BRDA:403,40,3,0
BRDA:403,40,4,0
BRDA:403,40,5,0
BRDA:418,41,0,0
BRDA:418,41,1,0
BRDA:435,42,0,0
BRDA:435,42,1,0
BRDA:438,43,0,0
BRDA:438,43,1,0
BRDA:453,44,0,0
BRDA:453,44,1,0
BRDA:461,45,0,0
BRDA:461,45,1,0
BRDA:474,46,0,0
BRDA:475,47,0,0
BRDA:485,48,0,0
BRDA:485,48,1,0
BRDA:517,49,0,0
BRDA:517,49,1,0
BRDA:517,49,2,0
BRDA:522,50,0,0
BRDA:522,50,1,0
BRDA:532,51,0,0
BRDA:532,51,1,0
BRDA:532,52,0,0
BRDA:532,52,1,0
BRDA:540,53,0,0
BRDA:540,53,1,0
BRDA:540,54,0,0
BRDA:540,54,1,0
BRDA:545,55,0,0
BRDA:545,55,1,0
BRDA:555,56,0,0
BRDA:555,56,1,0
BRDA:555,57,0,0
BRDA:555,57,1,0
BRDA:561,58,0,0
BRDA:561,58,1,0
BRDA:563,59,0,0
BRDA:563,59,1,0
BRDA:565,60,0,0
BRDA:565,60,1,0
BRDA:565,61,0,0
BRDA:565,61,1,0
BRDA:565,61,2,0
BRDA:603,62,0,0
BRDA:603,62,1,0
BRDA:604,63,0,0
BRDA:604,63,1,0
BRDA:604,63,2,0
BRDA:604,63,3,0
BRDA:611,64,0,0
BRDA:611,64,1,0
BRDA:614,65,0,0
BRDA:614,65,1,0
BRDA:619,66,0,0
BRDA:619,66,1,0
BRDA:624,67,0,0
BRDA:624,67,1,0
BRDA:629,68,0,0
BRDA:629,68,1,0
BRDA:634,69,0,0
BRDA:634,69,1,0
BRDA:684,70,0,0
BRDA:684,70,1,0
BRDA:684,71,0,0
BRDA:684,71,1,0
BRDA:692,72,0,0
BRDA:692,72,1,0
BRDA:693,73,0,0
BRDA:693,73,1,0
BRDA:693,74,0,0
BRDA:693,74,1,0
BRDA:701,75,0,0
BRDA:701,75,1,0
BRDA:707,76,0,0
BRDA:707,76,1,0
BRDA:712,77,0,0
BRDA:712,77,1,0
BRDA:727,78,0,0
BRDA:727,78,1,0
BRDA:727,78,2,0
BRDA:727,78,3,0
BRDA:735,79,0,0
BRDA:735,79,1,0
BRDA:735,79,2,0
BRDA:744,80,0,0
BRDA:744,80,1,0
BRDA:745,81,0,0
BRDA:745,81,1,0
BRDA:746,82,0,0
BRDA:746,82,1,0
BRDA:748,83,0,0
BRDA:748,83,1,0
BRDA:752,84,0,0
BRDA:752,84,1,0
BRDA:752,84,2,0
BRDA:752,84,3,0
BRDA:752,84,4,0
BRDA:756,85,0,0
BRDA:756,85,1,0
BRDA:758,86,0,0
BRDA:758,86,1,0
BRDA:776,87,0,0
BRDA:776,87,1,0
BRDA:777,88,0,0
BRDA:777,88,1,0
BRDA:779,89,0,0
BRDA:779,89,1,0
BRDA:780,90,0,0
BRDA:780,90,1,0
BRDA:781,91,0,0
BRDA:781,91,1,0
BRDA:786,92,0,0
BRDA:786,92,1,0
BRDA:825,93,0,0
BRDA:825,93,1,0
BRDA:831,94,0,0
BRDA:831,94,1,0
BRDA:844,95,0,0
BRDA:844,95,1,0
BRDA:845,96,0,0
BRDA:845,96,1,0
BRDA:847,97,0,0
BRDA:847,97,1,0
BRDA:853,98,0,0
BRDA:853,98,1,0
BRDA:854,99,0,0
BRDA:854,99,1,0
BRDA:856,100,0,0
BRDA:856,100,1,0
BRDA:857,101,0,0
BRDA:857,101,1,0
BRDA:859,102,0,0
BRDA:859,102,1,0
BRDA:859,103,0,0
BRDA:859,103,1,0
BRDA:859,103,2,0
BRDA:859,103,3,0
BRDA:868,104,0,0
BRDA:868,104,1,0
BRDA:870,105,0,0
BRDA:870,105,1,0
BRF:227
BRH:31
end_of_record
TN:
SF:src/utils/customQuestionStorage.ts
FN:8,loadCustomQuestionState
FN:33,saveCustomQuestionState
FN:44,createCustomQuestionSet
FN:66,addWordToSet
FN:71,(anonymous_4)
FN:75,(anonymous_5)
FN:96,removeWordFromSet
FN:101,(anonymous_7)
FN:106,(anonymous_8)
FN:117,deleteCustomQuestionSet
FN:123,(anonymous_10)
FN:125,(anonymous_11)
FN:132,updateCustomQuestionSet
FN:137,(anonymous_13)
FN:153,updateRecentSetIds
FN:154,(anonymous_15)
FN:162,isWordInSet
FN:163,(anonymous_17)
FN:169,isWordInAnySets
FN:170,(anonymous_19)
FN:176,getSetsContainingWord
FN:180,(anonymous_21)
FN:186,getSetById
FN:190,(anonymous_23)
FN:196,getAllUniqueWords
FN:199,(anonymous_25)
FN:200,(anonymous_26)
FN:213,getSetStatistics
FN:216,(anonymous_28)
FN:225,(anonymous_29)
FN:226,(anonymous_30)
FN:238,(anonymous_31)
FN:239,(anonymous_32)
FNF:33
FNH:23
FNDA:4,loadCustomQuestionState
FNDA:2,saveCustomQuestionState
FNDA:5,createCustomQuestionSet
FNDA:4,addWordToSet
FNDA:5,(anonymous_4)
FNDA:1,(anonymous_5)
FNDA:0,removeWordFromSet
FNDA:0,(anonymous_7)
FNDA:0,(anonymous_8)
FNDA:0,deleteCustomQuestionSet
FNDA:0,(anonymous_10)
FNDA:0,(anonymous_11)
FNDA:0,updateCustomQuestionSet
FNDA:0,(anonymous_13)
FNDA:4,updateRecentSetIds
FNDA:0,(anonymous_15)
FNDA:18,isWordInSet
FNDA:22,(anonymous_17)
FNDA:4,isWordInAnySets
FNDA:5,(anonymous_19)
FNDA:3,getSetsContainingWord
FNDA:9,(anonymous_21)
FNDA:3,getSetById
FNDA:3,(anonymous_23)
FNDA:3,getAllUniqueWords
FNDA:3,(anonymous_25)
FNDA:4,(anonymous_26)
FNDA:3,getSetStatistics
FNDA:6,(anonymous_28)
FNDA:6,(anonymous_29)
FNDA:0,(anonymous_30)
FNDA:6,(anonymous_31)
FNDA:6,(anonymous_32)
DA:3,1
DA:9,4
DA:10,4
DA:11,4
DA:12,3
DA:13,3
DA:20,1
DA:23,2
DA:34,2
DA:35,2
DA:37,1
DA:50,5
DA:51,5
DA:71,4
DA:72,5
DA:75,3
DA:76,1
DA:79,2
DA:86,4
DA:101,0
DA:102,0
DA:104,0
DA:106,0
DA:111,0
DA:121,0
DA:123,0
DA:125,0
DA:137,0
DA:138,0
DA:140,0
DA:147,0
DA:154,4
DA:155,4
DA:156,4
DA:163,22
DA:170,5
DA:180,9
DA:190,3
DA:197,3
DA:199,3
DA:200,3
DA:201,4
DA:202,3
DA:207,3
DA:214,3
DA:215,3
DA:217,6
DA:218,6
DA:219,6
DA:224,3
DA:226,6
DA:227,0
DA:229,6
DA:234,3
DA:238,6
DA:239,6
LF:56
LH:43
BRDA:11,0,0,3
BRDA:11,0,1,1
BRDA:14,1,0,3
BRDA:14,1,1,0
BRDA:15,2,0,3
BRDA:15,2,1,1
BRDA:16,3,0,3
BRDA:16,3,1,1
BRDA:72,4,0,2
BRDA:72,4,1,3
BRDA:75,5,0,1
BRDA:75,5,1,2
BRDA:102,6,0,0
BRDA:102,6,1,0
BRDA:124,7,0,0
BRDA:124,7,1,0
BRDA:138,8,0,0
BRDA:138,8,1,0
BRDA:201,9,0,3
BRDA:201,9,1,1
BRDA:217,10,0,6
BRDA:217,10,1,0
BRDA:218,11,0,6
BRDA:218,11,1,4
BRDA:226,12,0,6
BRDA:226,12,1,6
BRDA:227,13,0,0
BRDA:227,13,1,0
BRF:28
BRH:18
end_of_record
TN:
SF:src/utils/logger.ts
FN:16,(anonymous_0)
FN:23,(anonymous_1)
FN:30,(anonymous_2)
FN:35,(anonymous_3)
FN:42,(anonymous_4)
FNF:5
FNH:5
FNDA:35,(anonymous_0)
FNDA:3,(anonymous_1)
FNDA:8,(anonymous_2)
FNDA:1,(anonymous_3)
FNDA:1,(anonymous_4)
DA:10,7
DA:12,7
DA:15,7
DA:18,35
DA:19,0
DA:25,3
DA:26,3
DA:32,8
DA:37,1
DA:38,0
DA:44,1
DA:45,0
LF:12
LH:9
BRDA:12,0,0,7
BRDA:12,0,1,7
BRDA:18,1,0,0
BRDA:18,1,1,35
BRDA:25,2,0,3
BRDA:25,2,1,0
BRDA:25,3,0,3
BRDA:25,3,1,0
BRDA:37,4,0,0
BRDA:37,4,1,1
BRDA:44,5,0,0
BRDA:44,5,1,1
BRF:12
BRH:7
end_of_record
